Change Component Designator: Old Designator=C15 New Designator=C4
Change Component Designator: Old Designator=C15 New Designator=C5
Change Component Designator: Old Designator=C15 New Designator=C6
Change Component Designator: Old Designator=C15 New Designator=C7
Change Component Designator: Old Designator=C15 New Designator=C8
Change Component Designator: Old Designator=C15 New Designator=C9
Change Component Designator: Old Designator=C15 New Designator=C10
Change Component Designator: Old Designator=C15 New Designator=C11
Change Component Designator: Old Designator=C15 New Designator=C12
Change Component Designator: Old Designator=C15 New Designator=C13
Change Component Designator: Old Designator=C15 New Designator=C14
Change Component Designator: Old Designator=C15 New Designator=C16
Change Component Designator: Old Designator=C15 New Designator=C17
Change Component Designator: Old Designator=C15 New Designator=C18
Change Component Designator: Old Designator=C15 New Designator=C19
Change Component Designator: Old Designator=C15 New Designator=C21
Change Component Designator: Old Designator=C31 New Designator=C20
Change Component Designator: Old Designator=C? New Designator=C1
Change Component Designator: Old Designator=C? New Designator=C2
Change Component Designator: Old Designator=C? New Designator=C3
Change Component Designator: Old Designator=D13 New Designator=D1
Change Component Designator: Old Designator=L2 New Designator=L1
Change Component Designator: Old Designator=P? New Designator=P1
Change Component Designator: Old Designator=R13 New Designator=R1
Change Component Designator: Old Designator=R13 New Designator=R2
Change Component Designator: Old Designator=R13 New Designator=R4
Change Component Designator: Old Designator=R31 New Designator=R3
Change Component Designator: Old Designator=SW31 New Designator=SW1
Change Component Designator: Old Designator=U11 New Designator=U1
Change Component Designator: Old Designator=X? New Designator=X1
