;  LST file generated by mikroListExporter - v.2.0 
; Date/Time: 11/21/2017 12:44:08 AM
;----------------------------------------------

;Address Opcode 	ASM
0x0000	0x2D13      	GOTO       1299
_interrupt:
0x0004	0x00FF      	MOVWF      R15
0x0005	0x0E03      	SWAPF      STATUS, 0
0x0006	0x0183      	CLRF       STATUS
0x0007	0x00CF      	MOVWF      ___saveSTATUS
0x0008	0x080A      	MOVF       PCLATH, 0
0x0009	0x00CE      	MOVWF      ___savePCLATH
0x000A	0x018A      	CLRF       PCLATH
0x000B	0x0870      	MOVF       R0, 0
0x000C	0x00A1      	MOVWF      33
0x000D	0x0871      	MOVF       R1, 0
0x000E	0x00A0      	MOVWF      32
0x000F	0x0804      	MOVF       FSR, 0
0x0010	0x00A2      	MOVWF      34
;Slave_Temp_humid.c,43 :: 		void interrupt()
;Slave_Temp_humid.c,45 :: 		if(PIR1.RCIF)
0x0011	0x1E8C      	BTFSS      PIR1, 5
0x0012	0x2846      	GOTO       L_interrupt0
;Slave_Temp_humid.c,47 :: 		while(uart1_data_ready()==0);
L_interrupt1:
0x0013	0x2501      	CALL       _UART1_Data_Ready
0x0014	0x0870      	MOVF       R0, 0
0x0015	0x3A00      	XORLW      0
0x0016	0x1D03      	BTFSS      STATUS, 2
0x0017	0x2819      	GOTO       L_interrupt2
0x0018	0x2813      	GOTO       L_interrupt1
L_interrupt2:
;Slave_Temp_humid.c,48 :: 		if(uart1_data_ready()==1)
0x0019	0x2501      	CALL       _UART1_Data_Ready
0x001A	0x0870      	MOVF       R0, 0
0x001B	0x3A01      	XORLW      1
0x001C	0x1D03      	BTFSS      STATUS, 2
0x001D	0x2846      	GOTO       L_interrupt3
;Slave_Temp_humid.c,50 :: 		tempReceiveData = UART1_Read();
0x001E	0x2508      	CALL       _UART1_Read
0x001F	0x0870      	MOVF       R0, 0
0x0020	0x00AD      	MOVWF      _tempReceiveData
;Slave_Temp_humid.c,51 :: 		if(tempReceiveData == 'S')
0x0021	0x0870      	MOVF       R0, 0
0x0022	0x3A53      	XORLW      83
0x0023	0x1D03      	BTFSS      STATUS, 2
0x0024	0x282C      	GOTO       L_interrupt4
;Slave_Temp_humid.c,53 :: 		count=0;
0x0025	0x01A8      	CLRF       _count
;Slave_Temp_humid.c,54 :: 		receiveData[count] = tempReceiveData;
0x0026	0x0828      	MOVF       _count, 0
0x0027	0x3E32      	ADDLW      _receiveData
0x0028	0x0084      	MOVWF      FSR
0x0029	0x082D      	MOVF       _tempReceiveData, 0
0x002A	0x0080      	MOVWF      INDF
;Slave_Temp_humid.c,55 :: 		count++;
0x002B	0x0AA8      	INCF       _count, 1
;Slave_Temp_humid.c,56 :: 		}
L_interrupt4:
;Slave_Temp_humid.c,57 :: 		if(tempReceiveData !='S' && tempReceiveData !='E')
0x002C	0x082D      	MOVF       _tempReceiveData, 0
0x002D	0x3A53      	XORLW      83
0x002E	0x1903      	BTFSC      STATUS, 2
0x002F	0x283A      	GOTO       L_interrupt7
0x0030	0x082D      	MOVF       _tempReceiveData, 0
0x0031	0x3A45      	XORLW      69
0x0032	0x1903      	BTFSC      STATUS, 2
0x0033	0x283A      	GOTO       L_interrupt7
L__interrupt56:
;Slave_Temp_humid.c,59 :: 		receiveData[count] = tempReceiveData;
0x0034	0x0828      	MOVF       _count, 0
0x0035	0x3E32      	ADDLW      _receiveData
0x0036	0x0084      	MOVWF      FSR
0x0037	0x082D      	MOVF       _tempReceiveData, 0
0x0038	0x0080      	MOVWF      INDF
;Slave_Temp_humid.c,60 :: 		count++;
0x0039	0x0AA8      	INCF       _count, 1
;Slave_Temp_humid.c,61 :: 		}
L_interrupt7:
;Slave_Temp_humid.c,62 :: 		if(tempReceiveData == 'E')
0x003A	0x082D      	MOVF       _tempReceiveData, 0
0x003B	0x3A45      	XORLW      69
0x003C	0x1D03      	BTFSS      STATUS, 2
0x003D	0x2846      	GOTO       L_interrupt8
;Slave_Temp_humid.c,64 :: 		receiveData[count] = tempReceiveData;
0x003E	0x0828      	MOVF       _count, 0
0x003F	0x3E32      	ADDLW      _receiveData
0x0040	0x0084      	MOVWF      FSR
0x0041	0x082D      	MOVF       _tempReceiveData, 0
0x0042	0x0080      	MOVWF      INDF
;Slave_Temp_humid.c,65 :: 		count=0;
0x0043	0x01A8      	CLRF       _count
;Slave_Temp_humid.c,66 :: 		flagReceivedAllData = 1;
0x0044	0x3001      	MOVLW      1
0x0045	0x00A3      	MOVWF      _flagReceivedAllData
;Slave_Temp_humid.c,67 :: 		}
L_interrupt8:
;Slave_Temp_humid.c,68 :: 		}
L_interrupt3:
;Slave_Temp_humid.c,69 :: 		}
L_interrupt0:
;Slave_Temp_humid.c,70 :: 		}
L_end_interrupt:
L__interrupt60:
0x0046	0x0821      	MOVF       33, 0
0x0047	0x00F0      	MOVWF      R0
0x0048	0x0820      	MOVF       32, 0
0x0049	0x00F1      	MOVWF      R1
0x004A	0x0822      	MOVF       34, 0
0x004B	0x0084      	MOVWF      FSR
0x004C	0x084E      	MOVF       ___savePCLATH, 0
0x004D	0x008A      	MOVWF      PCLATH
0x004E	0x0E4F      	SWAPF      ___saveSTATUS, 0
0x004F	0x0083      	MOVWF      STATUS
0x0050	0x0EFF      	SWAPF      R15, 1
0x0051	0x0E7F      	SWAPF      R15, 0
0x0052	0x0009      	RETFIE
; end of _interrupt
_Div_16x16_S_L:
;__Lib_Math.c,420 :: 		
;__Lib_Math.c,426 :: 		
0x0053	0x0D71      	RLF        R1, 0
;__Lib_Math.c,427 :: 		
0x0054	0x0DF8      	RLF        R8, 1
;__Lib_Math.c,428 :: 		
0x0055	0x0DF9      	RLF        R9, 1
;__Lib_Math.c,429 :: 		
0x0056	0x0874      	MOVF       R4, 0
;__Lib_Math.c,430 :: 		
0x0057	0x02F8      	SUBWF      R8, 1
;__Lib_Math.c,431 :: 		
0x0058	0x0875      	MOVF       R5, 0
;__Lib_Math.c,432 :: 		
0x0059	0x1C03      	BTFSS      STATUS, 0
;__Lib_Math.c,433 :: 		
0x005A	0x0F75      	INCFSZ     R5, 0
;__Lib_Math.c,434 :: 		
0x005B	0x02F9      	SUBWF      R9, 1
;__Lib_Math.c,435 :: 		
0x005C	0x0DF0      	RLF        R0, 1
;__Lib_Math.c,436 :: 		
0x005D	0x0DF1      	RLF        R1, 1
;__Lib_Math.c,438 :: 		
0x005E	0x300F      	MOVLW      15
;__Lib_Math.c,439 :: 		
0x005F	0x00FC      	MOVWF      R12
;__Lib_Math.c,441 :: 		
0x0060	0x0D71      	RLF        R1, 0
;__Lib_Math.c,442 :: 		
0x0061	0x0DF8      	RLF        R8, 1
;__Lib_Math.c,443 :: 		
0x0062	0x0DF9      	RLF        R9, 1
;__Lib_Math.c,444 :: 		
0x0063	0x0874      	MOVF       R4, 0
;__Lib_Math.c,446 :: 		
0x0064	0x1C70      	BTFSS      R0, 0
;__Lib_Math.c,447 :: 		
0x0065	0x286C      	GOTO       $+7
;__Lib_Math.c,448 :: 		
0x0066	0x02F8      	SUBWF      R8, 1
;__Lib_Math.c,449 :: 		
0x0067	0x0875      	MOVF       R5, 0
;__Lib_Math.c,450 :: 		
0x0068	0x1C03      	BTFSS      STATUS, 0
;__Lib_Math.c,451 :: 		
0x0069	0x0F75      	INCFSZ     R5, 0
;__Lib_Math.c,452 :: 		
0x006A	0x02F9      	SUBWF      R9, 1
;__Lib_Math.c,453 :: 		
0x006B	0x2871      	GOTO       $+6
;__Lib_Math.c,455 :: 		
0x006C	0x07F8      	ADDWF      R8, 1
;__Lib_Math.c,456 :: 		
0x006D	0x0875      	MOVF       R5, 0
;__Lib_Math.c,457 :: 		
0x006E	0x1803      	BTFSC      STATUS, 0
;__Lib_Math.c,458 :: 		
0x006F	0x0F75      	INCFSZ     R5, 0
;__Lib_Math.c,459 :: 		
0x0070	0x07F9      	ADDWF      R9, 1
;__Lib_Math.c,461 :: 		
0x0071	0x0DF0      	RLF        R0, 1
;__Lib_Math.c,462 :: 		
0x0072	0x0DF1      	RLF        R1, 1
;__Lib_Math.c,464 :: 		
0x0073	0x0BFC      	DECFSZ     R12, 1
;__Lib_Math.c,465 :: 		
0x0074	0x2860      	GOTO       $-20
;__Lib_Math.c,467 :: 		
0x0075	0x1870      	BTFSC      R0, 0
;__Lib_Math.c,468 :: 		
0x0076	0x287D      	GOTO       $+7
;__Lib_Math.c,469 :: 		
0x0077	0x0874      	MOVF       R4, 0
;__Lib_Math.c,470 :: 		
0x0078	0x07F8      	ADDWF      R8, 1
;__Lib_Math.c,471 :: 		
0x0079	0x0875      	MOVF       R5, 0
;__Lib_Math.c,472 :: 		
0x007A	0x1803      	BTFSC      STATUS, 0
;__Lib_Math.c,473 :: 		
0x007B	0x0F75      	INCFSZ     R5, 0
;__Lib_Math.c,474 :: 		
0x007C	0x07F9      	ADDWF      R9, 1
;__Lib_Math.c,475 :: 		
0x007D	0x0000      	NOP
;__Lib_Math.c,477 :: 		
L_end_Div_16x16_S_L:
0x007E	0x0008      	RETURN
; end of _Div_16x16_S_L
_UART1_Tx_Idle:
;__Lib_UART_b21.c,32 :: 		
;__Lib_UART_b21.c,33 :: 		
0x007F	0x3000      	MOVLW      0
0x0080	0x1683      	BSF        STATUS, 5
0x0081	0x1303      	BCF        STATUS, 6
0x0082	0x1898      	BTFSC      TXSTA, 1
0x0083	0x3001      	MOVLW      1
0x0084	0x00F0      	MOVWF      R0
;__Lib_UART_b21.c,34 :: 		
L_end_UART1_Tx_Idle:
0x0085	0x0008      	RETURN
; end of _UART1_Tx_Idle
_UART1_Write:
;__Lib_UART_b21.c,37 :: 		
;__Lib_UART_b21.c,38 :: 		
L_UART1_Write3:
0x0086	0x1683      	BSF        STATUS, 5
0x0087	0x1303      	BCF        STATUS, 6
0x0088	0x1898      	BTFSC      TXSTA, 1
0x0089	0x288C      	GOTO       L_UART1_Write4
;__Lib_UART_b21.c,39 :: 		
0x008A	0x0000      	NOP
0x008B	0x2886      	GOTO       L_UART1_Write3
L_UART1_Write4:
;__Lib_UART_b21.c,40 :: 		
0x008C	0x1283      	BCF        STATUS, 5
0x008D	0x0859      	MOVF       FARG_UART1_Write_data_, 0
0x008E	0x0099      	MOVWF      TXREG
;__Lib_UART_b21.c,41 :: 		
L_end_UART1_Write:
0x008F	0x0008      	RETURN
; end of _UART1_Write
_RS485_send:
;Slave_Temp_humid.c,174 :: 		void RS485_send (char dat[])
;Slave_Temp_humid.c,177 :: 		PORTB.RB3 =1;
0x0090	0x1283      	BCF        STATUS, 5
0x0091	0x1303      	BCF        STATUS, 6
0x0092	0x1586      	BSF        PORTB, 3
;Slave_Temp_humid.c,178 :: 		for (i=0; i<=10;i++){
0x0093	0x01D7      	CLRF       RS485_send_i_L0
0x0094	0x01D8      	CLRF       RS485_send_i_L0+1
L_RS485_send34:
0x0095	0x3080      	MOVLW      128
0x0096	0x00F0      	MOVWF      R0
0x0097	0x3080      	MOVLW      128
0x0098	0x0658      	XORWF      RS485_send_i_L0+1, 0
0x0099	0x0270      	SUBWF      R0, 0
0x009A	0x1D03      	BTFSS      STATUS, 2
0x009B	0x289E      	GOTO       L__RS485_send69
0x009C	0x0857      	MOVF       RS485_send_i_L0, 0
0x009D	0x3C0A      	SUBLW      10
L__RS485_send69:
0x009E	0x1C03      	BTFSS      STATUS, 0
0x009F	0x28B1      	GOTO       L_RS485_send35
;Slave_Temp_humid.c,179 :: 		while(UART1_Tx_Idle()==0);
L_RS485_send37:
0x00A0	0x207F      	CALL       _UART1_Tx_Idle
0x00A1	0x0870      	MOVF       R0, 0
0x00A2	0x3A00      	XORLW      0
0x00A3	0x1D03      	BTFSS      STATUS, 2
0x00A4	0x28A6      	GOTO       L_RS485_send38
0x00A5	0x28A0      	GOTO       L_RS485_send37
L_RS485_send38:
;Slave_Temp_humid.c,180 :: 		UART1_Write(dat[i]);
0x00A6	0x1283      	BCF        STATUS, 5
0x00A7	0x0857      	MOVF       RS485_send_i_L0, 0
0x00A8	0x0756      	ADDWF      FARG_RS485_send_dat, 0
0x00A9	0x0084      	MOVWF      FSR
0x00AA	0x0800      	MOVF       INDF, 0
0x00AB	0x00D9      	MOVWF      FARG_UART1_Write_data_
0x00AC	0x2086      	CALL       _UART1_Write
;Slave_Temp_humid.c,178 :: 		for (i=0; i<=10;i++){
0x00AD	0x0AD7      	INCF       RS485_send_i_L0, 1
0x00AE	0x1903      	BTFSC      STATUS, 2
0x00AF	0x0AD8      	INCF       RS485_send_i_L0+1, 1
;Slave_Temp_humid.c,181 :: 		}
0x00B0	0x2895      	GOTO       L_RS485_send34
L_RS485_send35:
;Slave_Temp_humid.c,182 :: 		Delay_ms(100);
0x00B1	0x3003      	MOVLW      3
0x00B2	0x00FB      	MOVWF      R11
0x00B3	0x308A      	MOVLW      138
0x00B4	0x00FC      	MOVWF      R12
0x00B5	0x3055      	MOVLW      85
0x00B6	0x00FD      	MOVWF      R13
L_RS485_send39:
0x00B7	0x0BFD      	DECFSZ     R13, 1
0x00B8	0x28B7      	GOTO       L_RS485_send39
0x00B9	0x0BFC      	DECFSZ     R12, 1
0x00BA	0x28B7      	GOTO       L_RS485_send39
0x00BB	0x0BFB      	DECFSZ     R11, 1
0x00BC	0x28B7      	GOTO       L_RS485_send39
0x00BD	0x0000      	NOP
0x00BE	0x0000      	NOP
;Slave_Temp_humid.c,183 :: 		PORTB.RB3 =0;
0x00BF	0x1186      	BCF        PORTB, 3
;Slave_Temp_humid.c,184 :: 		}
L_end_RS485_send:
0x00C0	0x0008      	RETURN
; end of _RS485_send
_UART1_Init:
;__Lib_UART_b21.c,2 :: 		
;__Lib_UART_b21.c,5 :: 		
0x00C1	0x1683      	BSF        STATUS, 5
0x00C2	0x1303      	BCF        STATUS, 6
0x00C3	0x1698      	BSF        TXSTA, 5
;__Lib_UART_b21.c,6 :: 		
0x00C4	0x3090      	MOVLW      144
0x00C5	0x1283      	BCF        STATUS, 5
0x00C6	0x0098      	MOVWF      RCSTA
;__Lib_UART_b21.c,7 :: 		
0x00C7	0x1683      	BSF        STATUS, 5
0x00C8	0x1486      	BSF        TRISB1_bit, BitPos(TRISB1_bit+0)
;__Lib_UART_b21.c,8 :: 		
0x00C9	0x1106      	BCF        TRISB2_bit, BitPos(TRISB2_bit+0)
;__Lib_UART_b21.c,9 :: 		
L_UART1_Init0:
0x00CA	0x1283      	BCF        STATUS, 5
0x00CB	0x1E8C      	BTFSS      PIR1, 5
0x00CC	0x28D0      	GOTO       L_UART1_Init1
;__Lib_UART_b21.c,10 :: 		
0x00CD	0x081A      	MOVF       RCREG, 0
0x00CE	0x00F0      	MOVWF      R0
0x00CF	0x28CA      	GOTO       L_UART1_Init0
L_UART1_Init1:
;__Lib_UART_b21.c,11 :: 		
L_end_UART1_Init:
0x00D0	0x0008      	RETURN
; end of _UART1_Init
_Mul_16X16_U:
;__Lib_Math.c,136 :: 		
;__Lib_Math.c,143 :: 		
0x00D1	0x1283      	BCF        STATUS, 5
;__Lib_Math.c,144 :: 		
0x00D2	0x1303      	BCF        STATUS, 6
;__Lib_Math.c,145 :: 		
0x00D3	0x01FB      	CLRF       R11
;__Lib_Math.c,146 :: 		
0x00D4	0x01FA      	CLRF       R10
;__Lib_Math.c,147 :: 		
0x00D5	0x01F9      	CLRF       R9
;__Lib_Math.c,148 :: 		
0x00D6	0x3080      	MOVLW      128
;__Lib_Math.c,149 :: 		
0x00D7	0x00F8      	MOVWF      R8
;__Lib_Math.c,150 :: 		
0x00D8	0x0CF1      	RRF        R1, 1
;__Lib_Math.c,151 :: 		
0x00D9	0x0CF0      	RRF        R0, 1
;__Lib_Math.c,152 :: 		
0x00DA	0x1C03      	BTFSS      STATUS, 0
;__Lib_Math.c,153 :: 		
0x00DB	0x28E5      	GOTO       $+10
;__Lib_Math.c,154 :: 		
0x00DC	0x0874      	MOVF       R4, 0
;__Lib_Math.c,155 :: 		
0x00DD	0x07F9      	ADDWF      R9, 1
;__Lib_Math.c,156 :: 		
0x00DE	0x0875      	MOVF       R5, 0
;__Lib_Math.c,157 :: 		
0x00DF	0x1803      	BTFSC      STATUS, 0
;__Lib_Math.c,158 :: 		
0x00E0	0x0F75      	INCFSZ     R5, 0
;__Lib_Math.c,159 :: 		
0x00E1	0x07FA      	ADDWF      R10, 1
;__Lib_Math.c,160 :: 		
0x00E2	0x1803      	BTFSC      STATUS, 0
;__Lib_Math.c,161 :: 		
0x00E3	0x0AFB      	INCF       R11, 1
;__Lib_Math.c,162 :: 		
0x00E4	0x1003      	BCF        STATUS, 0
;__Lib_Math.c,163 :: 		
0x00E5	0x1FF0      	BTFSS      R0, 7
;__Lib_Math.c,164 :: 		
0x00E6	0x28ED      	GOTO       $+7
;__Lib_Math.c,165 :: 		
0x00E7	0x0874      	MOVF       R4, 0
;__Lib_Math.c,166 :: 		
0x00E8	0x07FA      	ADDWF      R10, 1
;__Lib_Math.c,167 :: 		
0x00E9	0x0875      	MOVF       R5, 0
;__Lib_Math.c,168 :: 		
0x00EA	0x1803      	BTFSC      STATUS, 0
;__Lib_Math.c,169 :: 		
0x00EB	0x0F75      	INCFSZ     R5, 0
;__Lib_Math.c,170 :: 		
0x00EC	0x07FB      	ADDWF      R11, 1
;__Lib_Math.c,171 :: 		
0x00ED	0x0CFB      	RRF        R11, 1
;__Lib_Math.c,172 :: 		
0x00EE	0x0CFA      	RRF        R10, 1
;__Lib_Math.c,173 :: 		
0x00EF	0x0CF9      	RRF        R9, 1
;__Lib_Math.c,174 :: 		
0x00F0	0x0CF8      	RRF        R8, 1
;__Lib_Math.c,175 :: 		
0x00F1	0x1C03      	BTFSS      STATUS, 0
;__Lib_Math.c,176 :: 		
0x00F2	0x28D8      	GOTO       $-26
;__Lib_Math.c,177 :: 		
0x00F3	0x087B      	MOVF       R11, 0
;__Lib_Math.c,178 :: 		
0x00F4	0x00F3      	MOVWF      R3
;__Lib_Math.c,179 :: 		
0x00F5	0x087A      	MOVF       R10, 0
;__Lib_Math.c,180 :: 		
0x00F6	0x00F2      	MOVWF      R2
;__Lib_Math.c,181 :: 		
0x00F7	0x0879      	MOVF       R9, 0
;__Lib_Math.c,182 :: 		
0x00F8	0x00F1      	MOVWF      R1
;__Lib_Math.c,183 :: 		
0x00F9	0x0878      	MOVF       R8, 0
;__Lib_Math.c,184 :: 		
0x00FA	0x00F0      	MOVWF      R0
;__Lib_Math.c,187 :: 		
L_end_Mul_16X16_U:
0x00FB	0x0008      	RETURN
; end of _Mul_16X16_U
_____DoICP:
;__Lib_System.c,6 :: 		
;__Lib_System.c,9 :: 		
0x00FC	0x1283      	BCF        STATUS, 5
0x00FD	0x1303      	BCF        STATUS, 6
0x00FE	0x082F      	MOVF       ___DoICPAddr+1, 0
0x00FF	0x008A      	MOVWF      PCLATH
;__Lib_System.c,10 :: 		
0x0100	0x082E      	MOVF       ___DoICPAddr, 0
0x0101	0x0082      	MOVWF      PCL
;__Lib_System.c,12 :: 		
L_end_____DoICP:
0x0102	0x0008      	RETURN
; end of _____DoICP
_turnOffSpeaker:
;Slave_Temp_humid.c,266 :: 		void turnOffSpeaker(void){
;Slave_Temp_humid.c,267 :: 		PORTB.RB5 = 0;
0x0103	0x1283      	BCF        STATUS, 5
0x0104	0x1303      	BCF        STATUS, 6
0x0105	0x1286      	BCF        PORTB, 5
;Slave_Temp_humid.c,269 :: 		}
L_end_turnOffSpeaker:
0x0106	0x0008      	RETURN
; end of _turnOffSpeaker
_Div_16x16_S:
;__Lib_Math.c,479 :: 		
;__Lib_Math.c,487 :: 		
0x0107	0x1283      	BCF        STATUS, 5
0x0108	0x1303      	BCF        STATUS, 6
0x0109	0x0874      	MOVF       R4, 0
0x010A	0x3A00      	XORLW      0
0x010B	0x1D03      	BTFSS      STATUS, 2
0x010C	0x2916      	GOTO       L_Div_16x16_S0
;__Lib_Math.c,488 :: 		
0x010D	0x0875      	MOVF       R5, 0
0x010E	0x3A00      	XORLW      0
0x010F	0x1D03      	BTFSS      STATUS, 2
0x0110	0x2916      	GOTO       L_Div_16x16_S1
;__Lib_Math.c,489 :: 		
0x0111	0x30FF      	MOVLW      255
0x0112	0x00F0      	MOVWF      R0
;__Lib_Math.c,490 :: 		
0x0113	0x307F      	MOVLW      127
0x0114	0x00F1      	MOVWF      R1
;__Lib_Math.c,491 :: 		
0x0115	0x296F      	GOTO       L_end_Div_16x16_S
;__Lib_Math.c,492 :: 		
L_Div_16x16_S1:
L_Div_16x16_S0:
;__Lib_Math.c,495 :: 		
0x0116	0x1283      	BCF        STATUS, 5
;__Lib_Math.c,496 :: 		
0x0117	0x1303      	BCF        STATUS, 6
;__Lib_Math.c,497 :: 		
0x0118	0x01FD      	CLRF       R13
;__Lib_Math.c,498 :: 		
0x0119	0x01F9      	CLRF       R9
;__Lib_Math.c,499 :: 		
0x011A	0x01F8      	CLRF       R8
;__Lib_Math.c,500 :: 		
0x011B	0x0871      	MOVF       R1, 0
;__Lib_Math.c,501 :: 		
0x011C	0x0470      	IORWF      R0, 0
;__Lib_Math.c,502 :: 		
0x011D	0x1903      	BTFSC      STATUS, 2
;__Lib_Math.c,503 :: 		
0x011E	0x3400      	RETLW      0
;__Lib_Math.c,505 :: 		
0x011F	0x0871      	MOVF       R1, 0
;__Lib_Math.c,506 :: 		
0x0120	0x0675      	XORWF      R5, 0
;__Lib_Math.c,507 :: 		
0x0121	0x00FA      	MOVWF      R10
;__Lib_Math.c,508 :: 		
0x0122	0x1BFA      	BTFSC      R10, 7
;__Lib_Math.c,509 :: 		
0x0123	0x09FD      	COMF       R13, 1
;__Lib_Math.c,511 :: 		
0x0124	0x01FB      	CLRF       R11
;__Lib_Math.c,513 :: 		
0x0125	0x1FF5      	BTFSS      R5, 7
;__Lib_Math.c,514 :: 		
0x0126	0x292C      	GOTO       $+6
;__Lib_Math.c,516 :: 		
0x0127	0x09F4      	COMF       R4, 1
;__Lib_Math.c,517 :: 		
0x0128	0x09F5      	COMF       R5, 1
;__Lib_Math.c,518 :: 		
0x0129	0x0AF4      	INCF       R4, 1
;__Lib_Math.c,519 :: 		
0x012A	0x1903      	BTFSC      STATUS, 2
;__Lib_Math.c,520 :: 		
0x012B	0x0AF5      	INCF       R5, 1
;__Lib_Math.c,522 :: 		
0x012C	0x1FF1      	BTFSS      R1, 7
;__Lib_Math.c,523 :: 		
0x012D	0x2933      	GOTO       $+6
;__Lib_Math.c,525 :: 		
0x012E	0x09F0      	COMF       R0, 1
;__Lib_Math.c,526 :: 		
0x012F	0x09F1      	COMF       R1, 1
;__Lib_Math.c,527 :: 		
0x0130	0x0AF0      	INCF       R0, 1
;__Lib_Math.c,528 :: 		
0x0131	0x1903      	BTFSC      STATUS, 2
;__Lib_Math.c,529 :: 		
0x0132	0x0AF1      	INCF       R1, 1
;__Lib_Math.c,531 :: 		
0x0133	0x0871      	MOVF       R1, 0
;__Lib_Math.c,532 :: 		
0x0134	0x0475      	IORWF      R5, 0
;__Lib_Math.c,533 :: 		
0x0135	0x00FA      	MOVWF      R10
;__Lib_Math.c,534 :: 		
0x0136	0x1BFA      	BTFSC      R10, 7
;__Lib_Math.c,535 :: 		
0x0137	0x2948      	GOTO       $+17
;__Lib_Math.c,537 :: 		
0x0138	0x2053      	CALL       _Div_16x16_S_L
;__Lib_Math.c,539 :: 		
0x0139	0x187B      	BTFSC      R11, 0
;__Lib_Math.c,540 :: 		
0x013A	0x295B      	GOTO       $+33
;__Lib_Math.c,542 :: 		
0x013B	0x1FFD      	BTFSS      R13, 7
;__Lib_Math.c,543 :: 		
0x013C	0x3400      	RETLW      0
;__Lib_Math.c,545 :: 		
0x013D	0x09F0      	COMF       R0, 1
;__Lib_Math.c,546 :: 		
0x013E	0x09F1      	COMF       R1, 1
;__Lib_Math.c,547 :: 		
0x013F	0x0AF0      	INCF       R0, 1
;__Lib_Math.c,548 :: 		
0x0140	0x1903      	BTFSC      STATUS, 2
;__Lib_Math.c,549 :: 		
0x0141	0x0AF1      	INCF       R1, 1
;__Lib_Math.c,551 :: 		
0x0142	0x09F8      	COMF       R8, 1
;__Lib_Math.c,552 :: 		
0x0143	0x09F9      	COMF       R9, 1
;__Lib_Math.c,553 :: 		
0x0144	0x0AF8      	INCF       R8, 1
;__Lib_Math.c,554 :: 		
0x0145	0x1903      	BTFSC      STATUS, 2
;__Lib_Math.c,555 :: 		
0x0146	0x0AF9      	INCF       R9, 1
;__Lib_Math.c,557 :: 		
0x0147	0x3400      	RETLW      0
;__Lib_Math.c,559 :: 		
0x0148	0x1FF5      	BTFSS      R5, 7
;__Lib_Math.c,560 :: 		
0x0149	0x2957      	GOTO       $+14
;__Lib_Math.c,561 :: 		
0x014A	0x1BF1      	BTFSC      R1, 7
;__Lib_Math.c,562 :: 		
0x014B	0x2953      	GOTO       $+8
;__Lib_Math.c,563 :: 		
0x014C	0x0871      	MOVF       R1, 0
;__Lib_Math.c,564 :: 		
0x014D	0x00F9      	MOVWF      R9
;__Lib_Math.c,565 :: 		
0x014E	0x0870      	MOVF       R0, 0
;__Lib_Math.c,566 :: 		
0x014F	0x00F8      	MOVWF      R8
;__Lib_Math.c,567 :: 		
0x0150	0x01F1      	CLRF       R1
;__Lib_Math.c,568 :: 		
0x0151	0x01F0      	CLRF       R0
;__Lib_Math.c,569 :: 		
0x0152	0x293B      	GOTO       $-23
;__Lib_Math.c,570 :: 		
0x0153	0x01F1      	CLRF       R1
;__Lib_Math.c,571 :: 		
0x0154	0x01F0      	CLRF       R0
;__Lib_Math.c,572 :: 		
0x0155	0x0AF0      	INCF       R0, 1
;__Lib_Math.c,573 :: 		
0x0156	0x3400      	RETLW      0
;__Lib_Math.c,575 :: 		
0x0157	0x09F1      	COMF       R1, 1
;__Lib_Math.c,576 :: 		
0x0158	0x09F0      	COMF       R0, 1
;__Lib_Math.c,577 :: 		
0x0159	0x0AFB      	INCF       R11, 1
;__Lib_Math.c,578 :: 		
0x015A	0x2938      	GOTO       $-34
;__Lib_Math.c,580 :: 		
0x015B	0x0AF8      	INCF       R8, 1
;__Lib_Math.c,581 :: 		
0x015C	0x1903      	BTFSC      STATUS, 2
;__Lib_Math.c,582 :: 		
0x015D	0x0AF9      	INCF       R9, 1
;__Lib_Math.c,583 :: 		
0x015E	0x0874      	MOVF       R4, 0
;__Lib_Math.c,584 :: 		
0x015F	0x0278      	SUBWF      R8, 0
;__Lib_Math.c,585 :: 		
0x0160	0x1D03      	BTFSS      STATUS, 2
;__Lib_Math.c,586 :: 		
0x0161	0x293B      	GOTO       $-38
;__Lib_Math.c,587 :: 		
0x0162	0x0875      	MOVF       R5, 0
;__Lib_Math.c,588 :: 		
0x0163	0x0279      	SUBWF      R9, 0
;__Lib_Math.c,589 :: 		
0x0164	0x1D03      	BTFSS      STATUS, 2
;__Lib_Math.c,590 :: 		
0x0165	0x293B      	GOTO       $-42
;__Lib_Math.c,591 :: 		
0x0166	0x01F9      	CLRF       R9
;__Lib_Math.c,592 :: 		
0x0167	0x01F8      	CLRF       R8
;__Lib_Math.c,593 :: 		
0x0168	0x0AF0      	INCF       R0, 1
;__Lib_Math.c,594 :: 		
0x0169	0x1903      	BTFSC      STATUS, 2
;__Lib_Math.c,595 :: 		
0x016A	0x0AF1      	INCF       R1, 1
;__Lib_Math.c,596 :: 		
0x016B	0x1FF1      	BTFSS      R1, 7
;__Lib_Math.c,597 :: 		
0x016C	0x293B      	GOTO       $-49
;__Lib_Math.c,598 :: 		
0x016D	0x0000      	NOP
;__Lib_Math.c,599 :: 		
0x016E	0x34FF      	RETLW      255
;__Lib_Math.c,601 :: 		
L_end_Div_16x16_S:
0x016F	0x0008      	RETURN
; end of _Div_16x16_S
_turnOnSpeaker:
;Slave_Temp_humid.c,261 :: 		void turnOnSpeaker(void){
;Slave_Temp_humid.c,262 :: 		PORTB.RB5 = 1;
0x0170	0x1283      	BCF        STATUS, 5
0x0171	0x1303      	BCF        STATUS, 6
0x0172	0x1686      	BSF        PORTB, 5
;Slave_Temp_humid.c,264 :: 		}
L_end_turnOnSpeaker:
0x0173	0x0008      	RETURN
; end of _turnOnSpeaker
_Delay_500us:
;__Lib_Delays.c,27 :: 		void Delay_500us() {
;__Lib_Delays.c,28 :: 		Delay_us(498);
0x0174	0x3004      	MOVLW      4
0x0175	0x1283      	BCF        STATUS, 5
0x0176	0x1303      	BCF        STATUS, 6
0x0177	0x00FC      	MOVWF      R12
0x0178	0x303A      	MOVLW      58
0x0179	0x00FD      	MOVWF      R13
L_Delay_500us4:
0x017A	0x0BFD      	DECFSZ     R13, 1
0x017B	0x297A      	GOTO       L_Delay_500us4
0x017C	0x0BFC      	DECFSZ     R12, 1
0x017D	0x297A      	GOTO       L_Delay_500us4
0x017E	0x0000      	NOP
;__Lib_Delays.c,29 :: 		}
L_end_Delay_500us:
0x017F	0x0008      	RETURN
; end of _Delay_500us
_DHT11_Read:
;__Lib_DHT11.c,8 :: 		unsigned DHT11_Read(){
;__Lib_DHT11.c,9 :: 		unsigned short dht11check=0, dht11read, dht11read1, dht11Temperature, dht11Humidity;
0x0180	0x1283      	BCF        STATUS, 5
0x0181	0x1303      	BCF        STATUS, 6
0x0182	0x01D6      	CLRF       DHT11_Read_dht11check_L0
;__Lib_DHT11.c,11 :: 		DHT11_Pin_Direction = 0;
0x0183	0x1683      	BSF        STATUS, 5
0x0184	0x1006      	BCF        DHT11_PIN_Direction, BitPos(DHT11_PIN_Direction+0)
;__Lib_DHT11.c,12 :: 		DHT11_Pin = 0;
0x0185	0x1283      	BCF        STATUS, 5
0x0186	0x1006      	BCF        DHT11_PIN, BitPos(DHT11_PIN+0)
;__Lib_DHT11.c,13 :: 		delay_ms(18);
0x0187	0x3075      	MOVLW      117
0x0188	0x00FC      	MOVWF      R12
0x0189	0x30E1      	MOVLW      225
0x018A	0x00FD      	MOVWF      R13
L_DHT11_Read0:
0x018B	0x0BFD      	DECFSZ     R13, 1
0x018C	0x298B      	GOTO       L_DHT11_Read0
0x018D	0x0BFC      	DECFSZ     R12, 1
0x018E	0x298B      	GOTO       L_DHT11_Read0
;__Lib_DHT11.c,14 :: 		DHT11_Pin = 1;
0x018F	0x1406      	BSF        DHT11_PIN, BitPos(DHT11_PIN+0)
;__Lib_DHT11.c,15 :: 		delay_us(30);
0x0190	0x3031      	MOVLW      49
0x0191	0x00FD      	MOVWF      R13
L_DHT11_Read1:
0x0192	0x0BFD      	DECFSZ     R13, 1
0x0193	0x2992      	GOTO       L_DHT11_Read1
0x0194	0x0000      	NOP
0x0195	0x0000      	NOP
;__Lib_DHT11.c,16 :: 		DHT11_Pin_Direction = 1;
0x0196	0x1683      	BSF        STATUS, 5
0x0197	0x1406      	BSF        DHT11_PIN_Direction, BitPos(DHT11_PIN_Direction+0)
;__Lib_DHT11.c,17 :: 		delay_us(40);
0x0198	0x3042      	MOVLW      66
0x0199	0x00FD      	MOVWF      R13
L_DHT11_Read2:
0x019A	0x0BFD      	DECFSZ     R13, 1
0x019B	0x299A      	GOTO       L_DHT11_Read2
0x019C	0x0000      	NOP
;__Lib_DHT11.c,18 :: 		if (DHT11_Pin == 0){ delay_us(80);
0x019D	0x1283      	BCF        STATUS, 5
0x019E	0x1806      	BTFSC      DHT11_PIN, BitPos(DHT11_PIN+0)
0x019F	0x29AD      	GOTO       L_DHT11_Read3
0x01A0	0x3085      	MOVLW      133
0x01A1	0x00FD      	MOVWF      R13
L_DHT11_Read4:
0x01A2	0x0BFD      	DECFSZ     R13, 1
0x01A3	0x29A2      	GOTO       L_DHT11_Read4
;__Lib_DHT11.c,19 :: 		if (DHT11_Pin == 1)
0x01A4	0x1C06      	BTFSS      DHT11_PIN, BitPos(DHT11_PIN+0)
0x01A5	0x29A8      	GOTO       L_DHT11_Read5
;__Lib_DHT11.c,20 :: 		dht11check = 1;       delay_us(40);}
0x01A6	0x3001      	MOVLW      1
0x01A7	0x00D6      	MOVWF      DHT11_Read_dht11check_L0
L_DHT11_Read5:
0x01A8	0x3042      	MOVLW      66
0x01A9	0x00FD      	MOVWF      R13
L_DHT11_Read6:
0x01AA	0x0BFD      	DECFSZ     R13, 1
0x01AB	0x29AA      	GOTO       L_DHT11_Read6
0x01AC	0x0000      	NOP
L_DHT11_Read3:
;__Lib_DHT11.c,21 :: 		if (dht11check == 1){
0x01AD	0x0856      	MOVF       DHT11_Read_dht11check_L0, 0
0x01AE	0x3A01      	XORLW      1
0x01AF	0x1D03      	BTFSS      STATUS, 2
0x01B0	0x2AF6      	GOTO       L_DHT11_Read7
;__Lib_DHT11.c,22 :: 		for(dht11read1 = 0;dht11read1<8;dht11read1++){
0x01B1	0x01F4      	CLRF       R4
L_DHT11_Read8:
0x01B2	0x3008      	MOVLW      8
0x01B3	0x0274      	SUBWF      R4, 0
0x01B4	0x1803      	BTFSC      STATUS, 0
0x01B5	0x29E8      	GOTO       L_DHT11_Read9
;__Lib_DHT11.c,23 :: 		while(!DHT11_Pin);
L_DHT11_Read11:
0x01B6	0x1806      	BTFSC      DHT11_PIN, BitPos(DHT11_PIN+0)
0x01B7	0x29B9      	GOTO       L_DHT11_Read12
0x01B8	0x29B6      	GOTO       L_DHT11_Read11
L_DHT11_Read12:
;__Lib_DHT11.c,24 :: 		delay_us(30);
0x01B9	0x3031      	MOVLW      49
0x01BA	0x00FD      	MOVWF      R13
L_DHT11_Read13:
0x01BB	0x0BFD      	DECFSZ     R13, 1
0x01BC	0x29BB      	GOTO       L_DHT11_Read13
0x01BD	0x0000      	NOP
0x01BE	0x0000      	NOP
;__Lib_DHT11.c,25 :: 		if(DHT11_Pin == 0)    dht11read&=~(1<<(7-dht11read1));
0x01BF	0x1806      	BTFSC      DHT11_PIN, BitPos(DHT11_PIN+0)
0x01C0	0x29D3      	GOTO       L_DHT11_Read14
0x01C1	0x0874      	MOVF       R4, 0
0x01C2	0x3C07      	SUBLW      7
0x01C3	0x00F0      	MOVWF      R0
0x01C4	0x0870      	MOVF       R0, 0
0x01C5	0x00F1      	MOVWF      R1
0x01C6	0x3001      	MOVLW      1
0x01C7	0x00F0      	MOVWF      R0
0x01C8	0x0871      	MOVF       R1, 0
L__DHT11_Read62:
0x01C9	0x1903      	BTFSC      STATUS, 2
0x01CA	0x29CF      	GOTO       L__DHT11_Read63
0x01CB	0x0DF0      	RLF        R0, 1
0x01CC	0x1070      	BCF        R0, 0
0x01CD	0x3EFF      	ADDLW      255
0x01CE	0x29C9      	GOTO       L__DHT11_Read62
L__DHT11_Read63:
0x01CF	0x09F0      	COMF       R0, 1
0x01D0	0x0870      	MOVF       R0, 0
0x01D1	0x05F3      	ANDWF      R3, 1
0x01D2	0x29E6      	GOTO       L_DHT11_Read15
L_DHT11_Read14:
;__Lib_DHT11.c,26 :: 		else{dht11read|= (1<<(7-dht11read1));
0x01D3	0x0874      	MOVF       R4, 0
0x01D4	0x3C07      	SUBLW      7
0x01D5	0x00F0      	MOVWF      R0
0x01D6	0x0870      	MOVF       R0, 0
0x01D7	0x00F1      	MOVWF      R1
0x01D8	0x3001      	MOVLW      1
0x01D9	0x00F0      	MOVWF      R0
0x01DA	0x0871      	MOVF       R1, 0
L__DHT11_Read64:
0x01DB	0x1903      	BTFSC      STATUS, 2
0x01DC	0x29E1      	GOTO       L__DHT11_Read65
0x01DD	0x0DF0      	RLF        R0, 1
0x01DE	0x1070      	BCF        R0, 0
0x01DF	0x3EFF      	ADDLW      255
0x01E0	0x29DB      	GOTO       L__DHT11_Read64
L__DHT11_Read65:
0x01E1	0x0870      	MOVF       R0, 0
0x01E2	0x04F3      	IORWF      R3, 1
;__Lib_DHT11.c,27 :: 		while(DHT11_Pin);}}
L_DHT11_Read16:
0x01E3	0x1C06      	BTFSS      DHT11_PIN, BitPos(DHT11_PIN+0)
0x01E4	0x29E6      	GOTO       L_DHT11_Read17
0x01E5	0x29E3      	GOTO       L_DHT11_Read16
L_DHT11_Read17:
L_DHT11_Read15:
;__Lib_DHT11.c,22 :: 		for(dht11read1 = 0;dht11read1<8;dht11read1++){
0x01E6	0x0AF4      	INCF       R4, 1
;__Lib_DHT11.c,27 :: 		while(DHT11_Pin);}}
0x01E7	0x29B2      	GOTO       L_DHT11_Read8
L_DHT11_Read9:
;__Lib_DHT11.c,28 :: 		dht11Humidity = dht11read;
0x01E8	0x0873      	MOVF       R3, 0
0x01E9	0x00F6      	MOVWF      R6
;__Lib_DHT11.c,29 :: 		for(dht11read1=0;dht11read1<8;dht11read1++){
0x01EA	0x01F4      	CLRF       R4
L_DHT11_Read18:
0x01EB	0x3008      	MOVLW      8
0x01EC	0x0274      	SUBWF      R4, 0
0x01ED	0x1803      	BTFSC      STATUS, 0
0x01EE	0x2A23      	GOTO       L_DHT11_Read19
;__Lib_DHT11.c,30 :: 		while(!DHT11_Pin);
L_DHT11_Read21:
0x01EF	0x1283      	BCF        STATUS, 5
0x01F0	0x1806      	BTFSC      DHT11_PIN, BitPos(DHT11_PIN+0)
0x01F1	0x29F3      	GOTO       L_DHT11_Read22
0x01F2	0x29EF      	GOTO       L_DHT11_Read21
L_DHT11_Read22:
;__Lib_DHT11.c,31 :: 		delay_us(30);
0x01F3	0x3031      	MOVLW      49
0x01F4	0x00FD      	MOVWF      R13
L_DHT11_Read23:
0x01F5	0x0BFD      	DECFSZ     R13, 1
0x01F6	0x29F5      	GOTO       L_DHT11_Read23
0x01F7	0x0000      	NOP
0x01F8	0x0000      	NOP
;__Lib_DHT11.c,32 :: 		if(DHT11_Pin == 0)    dht11read&=~(1<<(7-dht11read1));
0x01F9	0x1806      	BTFSC      DHT11_PIN, BitPos(DHT11_PIN+0)
0x01FA	0x2A0D      	GOTO       L_DHT11_Read24
0x01FB	0x0874      	MOVF       R4, 0
0x01FC	0x3C07      	SUBLW      7
0x01FD	0x00F0      	MOVWF      R0
0x01FE	0x0870      	MOVF       R0, 0
0x01FF	0x00F1      	MOVWF      R1
0x0200	0x3001      	MOVLW      1
0x0201	0x00F0      	MOVWF      R0
0x0202	0x0871      	MOVF       R1, 0
L__DHT11_Read66:
0x0203	0x1903      	BTFSC      STATUS, 2
0x0204	0x2A09      	GOTO       L__DHT11_Read67
0x0205	0x0DF0      	RLF        R0, 1
0x0206	0x1070      	BCF        R0, 0
0x0207	0x3EFF      	ADDLW      255
0x0208	0x2A03      	GOTO       L__DHT11_Read66
L__DHT11_Read67:
0x0209	0x09F0      	COMF       R0, 1
0x020A	0x0870      	MOVF       R0, 0
0x020B	0x05F3      	ANDWF      R3, 1
0x020C	0x2A21      	GOTO       L_DHT11_Read25
L_DHT11_Read24:
;__Lib_DHT11.c,33 :: 		else{dht11read|= (1<<(7-dht11read1));
0x020D	0x0874      	MOVF       R4, 0
0x020E	0x3C07      	SUBLW      7
0x020F	0x00F0      	MOVWF      R0
0x0210	0x0870      	MOVF       R0, 0
0x0211	0x00F1      	MOVWF      R1
0x0212	0x3001      	MOVLW      1
0x0213	0x00F0      	MOVWF      R0
0x0214	0x0871      	MOVF       R1, 0
L__DHT11_Read68:
0x0215	0x1903      	BTFSC      STATUS, 2
0x0216	0x2A1B      	GOTO       L__DHT11_Read69
0x0217	0x0DF0      	RLF        R0, 1
0x0218	0x1070      	BCF        R0, 0
0x0219	0x3EFF      	ADDLW      255
0x021A	0x2A15      	GOTO       L__DHT11_Read68
L__DHT11_Read69:
0x021B	0x0870      	MOVF       R0, 0
0x021C	0x04F3      	IORWF      R3, 1
;__Lib_DHT11.c,34 :: 		while(DHT11_Pin);}}
L_DHT11_Read26:
0x021D	0x1283      	BCF        STATUS, 5
0x021E	0x1C06      	BTFSS      DHT11_PIN, BitPos(DHT11_PIN+0)
0x021F	0x2A21      	GOTO       L_DHT11_Read27
0x0220	0x2A1D      	GOTO       L_DHT11_Read26
L_DHT11_Read27:
L_DHT11_Read25:
;__Lib_DHT11.c,29 :: 		for(dht11read1=0;dht11read1<8;dht11read1++){
0x0221	0x0AF4      	INCF       R4, 1
;__Lib_DHT11.c,34 :: 		while(DHT11_Pin);}}
0x0222	0x29EB      	GOTO       L_DHT11_Read18
L_DHT11_Read19:
;__Lib_DHT11.c,35 :: 		for(dht11read1=0;dht11read1<8;dht11read1++){
0x0223	0x01F4      	CLRF       R4
L_DHT11_Read28:
0x0224	0x3008      	MOVLW      8
0x0225	0x0274      	SUBWF      R4, 0
0x0226	0x1803      	BTFSC      STATUS, 0
0x0227	0x2A5C      	GOTO       L_DHT11_Read29
;__Lib_DHT11.c,36 :: 		while(!DHT11_Pin);
L_DHT11_Read31:
0x0228	0x1283      	BCF        STATUS, 5
0x0229	0x1806      	BTFSC      DHT11_PIN, BitPos(DHT11_PIN+0)
0x022A	0x2A2C      	GOTO       L_DHT11_Read32
0x022B	0x2A28      	GOTO       L_DHT11_Read31
L_DHT11_Read32:
;__Lib_DHT11.c,37 :: 		delay_us(30);
0x022C	0x3031      	MOVLW      49
0x022D	0x00FD      	MOVWF      R13
L_DHT11_Read33:
0x022E	0x0BFD      	DECFSZ     R13, 1
0x022F	0x2A2E      	GOTO       L_DHT11_Read33
0x0230	0x0000      	NOP
0x0231	0x0000      	NOP
;__Lib_DHT11.c,38 :: 		if(DHT11_Pin == 0)    dht11read&=~(1<<(7-dht11read1));
0x0232	0x1806      	BTFSC      DHT11_PIN, BitPos(DHT11_PIN+0)
0x0233	0x2A46      	GOTO       L_DHT11_Read34
0x0234	0x0874      	MOVF       R4, 0
0x0235	0x3C07      	SUBLW      7
0x0236	0x00F0      	MOVWF      R0
0x0237	0x0870      	MOVF       R0, 0
0x0238	0x00F1      	MOVWF      R1
0x0239	0x3001      	MOVLW      1
0x023A	0x00F0      	MOVWF      R0
0x023B	0x0871      	MOVF       R1, 0
L__DHT11_Read70:
0x023C	0x1903      	BTFSC      STATUS, 2
0x023D	0x2A42      	GOTO       L__DHT11_Read71
0x023E	0x0DF0      	RLF        R0, 1
0x023F	0x1070      	BCF        R0, 0
0x0240	0x3EFF      	ADDLW      255
0x0241	0x2A3C      	GOTO       L__DHT11_Read70
L__DHT11_Read71:
0x0242	0x09F0      	COMF       R0, 1
0x0243	0x0870      	MOVF       R0, 0
0x0244	0x05F3      	ANDWF      R3, 1
0x0245	0x2A5A      	GOTO       L_DHT11_Read35
L_DHT11_Read34:
;__Lib_DHT11.c,39 :: 		else{dht11read|= (1<<(7-dht11read1));
0x0246	0x0874      	MOVF       R4, 0
0x0247	0x3C07      	SUBLW      7
0x0248	0x00F0      	MOVWF      R0
0x0249	0x0870      	MOVF       R0, 0
0x024A	0x00F1      	MOVWF      R1
0x024B	0x3001      	MOVLW      1
0x024C	0x00F0      	MOVWF      R0
0x024D	0x0871      	MOVF       R1, 0
L__DHT11_Read72:
0x024E	0x1903      	BTFSC      STATUS, 2
0x024F	0x2A54      	GOTO       L__DHT11_Read73
0x0250	0x0DF0      	RLF        R0, 1
0x0251	0x1070      	BCF        R0, 0
0x0252	0x3EFF      	ADDLW      255
0x0253	0x2A4E      	GOTO       L__DHT11_Read72
L__DHT11_Read73:
0x0254	0x0870      	MOVF       R0, 0
0x0255	0x04F3      	IORWF      R3, 1
;__Lib_DHT11.c,40 :: 		while(DHT11_Pin);}}
L_DHT11_Read36:
0x0256	0x1283      	BCF        STATUS, 5
0x0257	0x1C06      	BTFSS      DHT11_PIN, BitPos(DHT11_PIN+0)
0x0258	0x2A5A      	GOTO       L_DHT11_Read37
0x0259	0x2A56      	GOTO       L_DHT11_Read36
L_DHT11_Read37:
L_DHT11_Read35:
;__Lib_DHT11.c,35 :: 		for(dht11read1=0;dht11read1<8;dht11read1++){
0x025A	0x0AF4      	INCF       R4, 1
;__Lib_DHT11.c,40 :: 		while(DHT11_Pin);}}
0x025B	0x2A24      	GOTO       L_DHT11_Read28
L_DHT11_Read29:
;__Lib_DHT11.c,41 :: 		dht11Temperature = dht11read;
0x025C	0x0873      	MOVF       R3, 0
0x025D	0x00F5      	MOVWF      R5
;__Lib_DHT11.c,42 :: 		for(dht11read1=0;dht11read1<8;dht11read1++){
0x025E	0x01F4      	CLRF       R4
L_DHT11_Read38:
0x025F	0x3008      	MOVLW      8
0x0260	0x0274      	SUBWF      R4, 0
0x0261	0x1803      	BTFSC      STATUS, 0
0x0262	0x2A97      	GOTO       L_DHT11_Read39
;__Lib_DHT11.c,43 :: 		while(!DHT11_Pin);
L_DHT11_Read41:
0x0263	0x1283      	BCF        STATUS, 5
0x0264	0x1806      	BTFSC      DHT11_PIN, BitPos(DHT11_PIN+0)
0x0265	0x2A67      	GOTO       L_DHT11_Read42
0x0266	0x2A63      	GOTO       L_DHT11_Read41
L_DHT11_Read42:
;__Lib_DHT11.c,44 :: 		delay_us(30);
0x0267	0x3031      	MOVLW      49
0x0268	0x00FD      	MOVWF      R13
L_DHT11_Read43:
0x0269	0x0BFD      	DECFSZ     R13, 1
0x026A	0x2A69      	GOTO       L_DHT11_Read43
0x026B	0x0000      	NOP
0x026C	0x0000      	NOP
;__Lib_DHT11.c,45 :: 		if(DHT11_Pin == 0)    dht11read&=~(1<<(7-dht11read1));
0x026D	0x1806      	BTFSC      DHT11_PIN, BitPos(DHT11_PIN+0)
0x026E	0x2A81      	GOTO       L_DHT11_Read44
0x026F	0x0874      	MOVF       R4, 0
0x0270	0x3C07      	SUBLW      7
0x0271	0x00F0      	MOVWF      R0
0x0272	0x0870      	MOVF       R0, 0
0x0273	0x00F1      	MOVWF      R1
0x0274	0x3001      	MOVLW      1
0x0275	0x00F0      	MOVWF      R0
0x0276	0x0871      	MOVF       R1, 0
L__DHT11_Read74:
0x0277	0x1903      	BTFSC      STATUS, 2
0x0278	0x2A7D      	GOTO       L__DHT11_Read75
0x0279	0x0DF0      	RLF        R0, 1
0x027A	0x1070      	BCF        R0, 0
0x027B	0x3EFF      	ADDLW      255
0x027C	0x2A77      	GOTO       L__DHT11_Read74
L__DHT11_Read75:
0x027D	0x09F0      	COMF       R0, 1
0x027E	0x0870      	MOVF       R0, 0
0x027F	0x05F3      	ANDWF      R3, 1
0x0280	0x2A95      	GOTO       L_DHT11_Read45
L_DHT11_Read44:
;__Lib_DHT11.c,46 :: 		else{dht11read|= (1<<(7-dht11read1));
0x0281	0x0874      	MOVF       R4, 0
0x0282	0x3C07      	SUBLW      7
0x0283	0x00F0      	MOVWF      R0
0x0284	0x0870      	MOVF       R0, 0
0x0285	0x00F1      	MOVWF      R1
0x0286	0x3001      	MOVLW      1
0x0287	0x00F0      	MOVWF      R0
0x0288	0x0871      	MOVF       R1, 0
L__DHT11_Read76:
0x0289	0x1903      	BTFSC      STATUS, 2
0x028A	0x2A8F      	GOTO       L__DHT11_Read77
0x028B	0x0DF0      	RLF        R0, 1
0x028C	0x1070      	BCF        R0, 0
0x028D	0x3EFF      	ADDLW      255
0x028E	0x2A89      	GOTO       L__DHT11_Read76
L__DHT11_Read77:
0x028F	0x0870      	MOVF       R0, 0
0x0290	0x04F3      	IORWF      R3, 1
;__Lib_DHT11.c,47 :: 		while(DHT11_Pin);}}
L_DHT11_Read46:
0x0291	0x1283      	BCF        STATUS, 5
0x0292	0x1C06      	BTFSS      DHT11_PIN, BitPos(DHT11_PIN+0)
0x0293	0x2A95      	GOTO       L_DHT11_Read47
0x0294	0x2A91      	GOTO       L_DHT11_Read46
L_DHT11_Read47:
L_DHT11_Read45:
;__Lib_DHT11.c,42 :: 		for(dht11read1=0;dht11read1<8;dht11read1++){
0x0295	0x0AF4      	INCF       R4, 1
;__Lib_DHT11.c,47 :: 		while(DHT11_Pin);}}
0x0296	0x2A5F      	GOTO       L_DHT11_Read38
L_DHT11_Read39:
;__Lib_DHT11.c,48 :: 		for(dht11read1=0;dht11read1<8;dht11read1++){
0x0297	0x01F4      	CLRF       R4
L_DHT11_Read48:
0x0298	0x3008      	MOVLW      8
0x0299	0x0274      	SUBWF      R4, 0
0x029A	0x1803      	BTFSC      STATUS, 0
0x029B	0x2AD0      	GOTO       L_DHT11_Read49
;__Lib_DHT11.c,49 :: 		while(!DHT11_Pin);
L_DHT11_Read51:
0x029C	0x1283      	BCF        STATUS, 5
0x029D	0x1806      	BTFSC      DHT11_PIN, BitPos(DHT11_PIN+0)
0x029E	0x2AA0      	GOTO       L_DHT11_Read52
0x029F	0x2A9C      	GOTO       L_DHT11_Read51
L_DHT11_Read52:
;__Lib_DHT11.c,50 :: 		delay_us(30);
0x02A0	0x3031      	MOVLW      49
0x02A1	0x00FD      	MOVWF      R13
L_DHT11_Read53:
0x02A2	0x0BFD      	DECFSZ     R13, 1
0x02A3	0x2AA2      	GOTO       L_DHT11_Read53
0x02A4	0x0000      	NOP
0x02A5	0x0000      	NOP
;__Lib_DHT11.c,51 :: 		if(DHT11_Pin == 0)    dht11read&=~(1<<(7-dht11read1));
0x02A6	0x1806      	BTFSC      DHT11_PIN, BitPos(DHT11_PIN+0)
0x02A7	0x2ABA      	GOTO       L_DHT11_Read54
0x02A8	0x0874      	MOVF       R4, 0
0x02A9	0x3C07      	SUBLW      7
0x02AA	0x00F0      	MOVWF      R0
0x02AB	0x0870      	MOVF       R0, 0
0x02AC	0x00F1      	MOVWF      R1
0x02AD	0x3001      	MOVLW      1
0x02AE	0x00F0      	MOVWF      R0
0x02AF	0x0871      	MOVF       R1, 0
L__DHT11_Read78:
0x02B0	0x1903      	BTFSC      STATUS, 2
0x02B1	0x2AB6      	GOTO       L__DHT11_Read79
0x02B2	0x0DF0      	RLF        R0, 1
0x02B3	0x1070      	BCF        R0, 0
0x02B4	0x3EFF      	ADDLW      255
0x02B5	0x2AB0      	GOTO       L__DHT11_Read78
L__DHT11_Read79:
0x02B6	0x09F0      	COMF       R0, 1
0x02B7	0x0870      	MOVF       R0, 0
0x02B8	0x05F3      	ANDWF      R3, 1
0x02B9	0x2ACE      	GOTO       L_DHT11_Read55
L_DHT11_Read54:
;__Lib_DHT11.c,52 :: 		else{dht11read|= (1<<(7-dht11read1));
0x02BA	0x0874      	MOVF       R4, 0
0x02BB	0x3C07      	SUBLW      7
0x02BC	0x00F0      	MOVWF      R0
0x02BD	0x0870      	MOVF       R0, 0
0x02BE	0x00F1      	MOVWF      R1
0x02BF	0x3001      	MOVLW      1
0x02C0	0x00F0      	MOVWF      R0
0x02C1	0x0871      	MOVF       R1, 0
L__DHT11_Read80:
0x02C2	0x1903      	BTFSC      STATUS, 2
0x02C3	0x2AC8      	GOTO       L__DHT11_Read81
0x02C4	0x0DF0      	RLF        R0, 1
0x02C5	0x1070      	BCF        R0, 0
0x02C6	0x3EFF      	ADDLW      255
0x02C7	0x2AC2      	GOTO       L__DHT11_Read80
L__DHT11_Read81:
0x02C8	0x0870      	MOVF       R0, 0
0x02C9	0x04F3      	IORWF      R3, 1
;__Lib_DHT11.c,53 :: 		while(DHT11_Pin);}}
L_DHT11_Read56:
0x02CA	0x1283      	BCF        STATUS, 5
0x02CB	0x1C06      	BTFSS      DHT11_PIN, BitPos(DHT11_PIN+0)
0x02CC	0x2ACE      	GOTO       L_DHT11_Read57
0x02CD	0x2ACA      	GOTO       L_DHT11_Read56
L_DHT11_Read57:
L_DHT11_Read55:
;__Lib_DHT11.c,48 :: 		for(dht11read1=0;dht11read1<8;dht11read1++){
0x02CE	0x0AF4      	INCF       R4, 1
;__Lib_DHT11.c,53 :: 		while(DHT11_Pin);}}
0x02CF	0x2A98      	GOTO       L_DHT11_Read48
L_DHT11_Read49:
;__Lib_DHT11.c,54 :: 		if ( dht11read == dht11Humidity + dht11Temperature){
0x02D0	0x0875      	MOVF       R5, 0
0x02D1	0x0776      	ADDWF      R6, 0
0x02D2	0x00F1      	MOVWF      R1
0x02D3	0x01F2      	CLRF       R1+1
0x02D4	0x1803      	BTFSC      STATUS, 0
0x02D5	0x0AF2      	INCF       R1+1, 1
0x02D6	0x3000      	MOVLW      0
0x02D7	0x0672      	XORWF      R1+1, 0
0x02D8	0x1D03      	BTFSS      STATUS, 2
0x02D9	0x2ADC      	GOTO       L__DHT11_Read82
0x02DA	0x0871      	MOVF       R1, 0
0x02DB	0x0673      	XORWF      R3, 0
L__DHT11_Read82:
0x02DC	0x1D03      	BTFSS      STATUS, 2
0x02DD	0x2AED      	GOTO       L_DHT11_Read58
;__Lib_DHT11.c,55 :: 		DHT11_full = dht11Humidity;
0x02DE	0x0876      	MOVF       R6, 0
0x02DF	0x00F7      	MOVWF      R7
0x02E0	0x01F8      	CLRF       R7+1
;__Lib_DHT11.c,56 :: 		DHT11_full = (DHT11_full << 8) | dht11Temperature;
0x02E1	0x0877      	MOVF       R7, 0
0x02E2	0x00F1      	MOVWF      R0+1
0x02E3	0x01F0      	CLRF       R0
0x02E4	0x0875      	MOVF       R5, 0
0x02E5	0x04F0      	IORWF      R0, 1
0x02E6	0x3000      	MOVLW      0
0x02E7	0x04F1      	IORWF      R0+1, 1
0x02E8	0x0870      	MOVF       R0, 0
0x02E9	0x00F7      	MOVWF      R7
0x02EA	0x0871      	MOVF       R0+1, 0
0x02EB	0x00F8      	MOVWF      R7+1
;__Lib_DHT11.c,57 :: 		return DHT11_full;}
0x02EC	0x2AFE      	GOTO       L_end_DHT11_Read
L_DHT11_Read58:
;__Lib_DHT11.c,59 :: 		DHT11_full = 0x5858;
0x02ED	0x3058      	MOVLW      88
0x02EE	0x00F7      	MOVWF      R7
0x02EF	0x3058      	MOVLW      88
0x02F0	0x00F8      	MOVWF      R7+1
;__Lib_DHT11.c,60 :: 		return DHT11_full;}
0x02F1	0x3058      	MOVLW      88
0x02F2	0x00F0      	MOVWF      R0
0x02F3	0x3058      	MOVLW      88
0x02F4	0x00F1      	MOVWF      R0+1
0x02F5	0x2AFE      	GOTO       L_end_DHT11_Read
;__Lib_DHT11.c,61 :: 		}
L_DHT11_Read7:
;__Lib_DHT11.c,63 :: 		DHT11_full = 0x6363;
0x02F6	0x3063      	MOVLW      99
0x02F7	0x00F7      	MOVWF      R7
0x02F8	0x3063      	MOVLW      99
0x02F9	0x00F8      	MOVWF      R7+1
;__Lib_DHT11.c,64 :: 		return DHT11_full; }
0x02FA	0x3063      	MOVLW      99
0x02FB	0x00F0      	MOVWF      R0
0x02FC	0x3063      	MOVLW      99
0x02FD	0x00F1      	MOVWF      R0+1
;__Lib_DHT11.c,65 :: 		}
L_end_DHT11_Read:
0x02FE	0x0008      	RETURN
; end of _DHT11_Read
_sendGasStatus:
;Slave_Temp_humid.c,246 :: 		void sendGasStatus(void){
;Slave_Temp_humid.c,247 :: 		sendData[0] = 'S';
0x02FF	0x3053      	MOVLW      83
0x0300	0x1283      	BCF        STATUS, 5
0x0301	0x1303      	BCF        STATUS, 6
0x0302	0x00C3      	MOVWF      _sendData
;Slave_Temp_humid.c,248 :: 		sendData[1] = '0';
0x0303	0x3030      	MOVLW      48
0x0304	0x00C4      	MOVWF      _sendData+1
;Slave_Temp_humid.c,249 :: 		sendData[2] = '3';
0x0305	0x3033      	MOVLW      51
0x0306	0x00C5      	MOVWF      _sendData+2
;Slave_Temp_humid.c,250 :: 		sendData[3] = 'C';
0x0307	0x3043      	MOVLW      67
0x0308	0x00C6      	MOVWF      _sendData+3
;Slave_Temp_humid.c,251 :: 		sendData[4] = '0';
0x0309	0x3030      	MOVLW      48
0x030A	0x00C7      	MOVWF      _sendData+4
;Slave_Temp_humid.c,252 :: 		sendData[5] = '1';
0x030B	0x3031      	MOVLW      49
0x030C	0x00C8      	MOVWF      _sendData+5
;Slave_Temp_humid.c,253 :: 		sendData[6] = '0';
0x030D	0x3030      	MOVLW      48
0x030E	0x00C9      	MOVWF      _sendData+6
;Slave_Temp_humid.c,254 :: 		sendData[7] = '0';
0x030F	0x3030      	MOVLW      48
0x0310	0x00CA      	MOVWF      _sendData+7
;Slave_Temp_humid.c,255 :: 		sendData[8] = (char)gasStatus+48;
0x0311	0x3030      	MOVLW      48
0x0312	0x0726      	ADDWF      _gasStatus, 0
0x0313	0x00CB      	MOVWF      _sendData+8
;Slave_Temp_humid.c,256 :: 		sendData[9] = 'G';
0x0314	0x3047      	MOVLW      71
0x0315	0x00CC      	MOVWF      _sendData+9
;Slave_Temp_humid.c,257 :: 		sendData[10] = 'E';
0x0316	0x3045      	MOVLW      69
0x0317	0x00CD      	MOVWF      _sendData+10
;Slave_Temp_humid.c,258 :: 		RS485_send(sendData);
0x0318	0x3043      	MOVLW      _sendData
0x0319	0x00D6      	MOVWF      FARG_RS485_send_dat
0x031A	0x2090      	CALL       _RS485_send
;Slave_Temp_humid.c,259 :: 		}
L_end_sendGasStatus:
0x031B	0x0008      	RETURN
; end of _sendGasStatus
_processSpeaker:
;Slave_Temp_humid.c,271 :: 		void processSpeaker(int mode){
;Slave_Temp_humid.c,272 :: 		if(mode == 1){
0x031C	0x3000      	MOVLW      0
0x031D	0x1283      	BCF        STATUS, 5
0x031E	0x1303      	BCF        STATUS, 6
0x031F	0x0651      	XORWF      FARG_processSpeaker_mode+1, 0
0x0320	0x1D03      	BTFSS      STATUS, 2
0x0321	0x2B24      	GOTO       L__processSpeaker78
0x0322	0x3001      	MOVLW      1
0x0323	0x0650      	XORWF      FARG_processSpeaker_mode, 0
L__processSpeaker78:
0x0324	0x1D03      	BTFSS      STATUS, 2
0x0325	0x2B62      	GOTO       L_processSpeaker41
;Slave_Temp_humid.c,273 :: 		turnOnSpeaker();
0x0326	0x2170      	CALL       _turnOnSpeaker
;Slave_Temp_humid.c,274 :: 		Delay_ms(100);
0x0327	0x3003      	MOVLW      3
0x0328	0x00FB      	MOVWF      R11
0x0329	0x308A      	MOVLW      138
0x032A	0x00FC      	MOVWF      R12
0x032B	0x3055      	MOVLW      85
0x032C	0x00FD      	MOVWF      R13
L_processSpeaker42:
0x032D	0x0BFD      	DECFSZ     R13, 1
0x032E	0x2B2D      	GOTO       L_processSpeaker42
0x032F	0x0BFC      	DECFSZ     R12, 1
0x0330	0x2B2D      	GOTO       L_processSpeaker42
0x0331	0x0BFB      	DECFSZ     R11, 1
0x0332	0x2B2D      	GOTO       L_processSpeaker42
0x0333	0x0000      	NOP
0x0334	0x0000      	NOP
;Slave_Temp_humid.c,275 :: 		turnOffSpeaker();
0x0335	0x2103      	CALL       _turnOffSpeaker
;Slave_Temp_humid.c,276 :: 		Delay_ms(100);
0x0336	0x3003      	MOVLW      3
0x0337	0x00FB      	MOVWF      R11
0x0338	0x308A      	MOVLW      138
0x0339	0x00FC      	MOVWF      R12
0x033A	0x3055      	MOVLW      85
0x033B	0x00FD      	MOVWF      R13
L_processSpeaker43:
0x033C	0x0BFD      	DECFSZ     R13, 1
0x033D	0x2B3C      	GOTO       L_processSpeaker43
0x033E	0x0BFC      	DECFSZ     R12, 1
0x033F	0x2B3C      	GOTO       L_processSpeaker43
0x0340	0x0BFB      	DECFSZ     R11, 1
0x0341	0x2B3C      	GOTO       L_processSpeaker43
0x0342	0x0000      	NOP
0x0343	0x0000      	NOP
;Slave_Temp_humid.c,277 :: 		turnOnSpeaker();
0x0344	0x2170      	CALL       _turnOnSpeaker
;Slave_Temp_humid.c,278 :: 		Delay_ms(100);
0x0345	0x3003      	MOVLW      3
0x0346	0x00FB      	MOVWF      R11
0x0347	0x308A      	MOVLW      138
0x0348	0x00FC      	MOVWF      R12
0x0349	0x3055      	MOVLW      85
0x034A	0x00FD      	MOVWF      R13
L_processSpeaker44:
0x034B	0x0BFD      	DECFSZ     R13, 1
0x034C	0x2B4B      	GOTO       L_processSpeaker44
0x034D	0x0BFC      	DECFSZ     R12, 1
0x034E	0x2B4B      	GOTO       L_processSpeaker44
0x034F	0x0BFB      	DECFSZ     R11, 1
0x0350	0x2B4B      	GOTO       L_processSpeaker44
0x0351	0x0000      	NOP
0x0352	0x0000      	NOP
;Slave_Temp_humid.c,279 :: 		turnOffSpeaker();
0x0353	0x2103      	CALL       _turnOffSpeaker
;Slave_Temp_humid.c,280 :: 		Delay_ms(100);
0x0354	0x3003      	MOVLW      3
0x0355	0x00FB      	MOVWF      R11
0x0356	0x308A      	MOVLW      138
0x0357	0x00FC      	MOVWF      R12
0x0358	0x3055      	MOVLW      85
0x0359	0x00FD      	MOVWF      R13
L_processSpeaker45:
0x035A	0x0BFD      	DECFSZ     R13, 1
0x035B	0x2B5A      	GOTO       L_processSpeaker45
0x035C	0x0BFC      	DECFSZ     R12, 1
0x035D	0x2B5A      	GOTO       L_processSpeaker45
0x035E	0x0BFB      	DECFSZ     R11, 1
0x035F	0x2B5A      	GOTO       L_processSpeaker45
0x0360	0x0000      	NOP
0x0361	0x0000      	NOP
;Slave_Temp_humid.c,281 :: 		}
L_processSpeaker41:
;Slave_Temp_humid.c,282 :: 		if(mode == 2){
0x0362	0x3000      	MOVLW      0
0x0363	0x0651      	XORWF      FARG_processSpeaker_mode+1, 0
0x0364	0x1D03      	BTFSS      STATUS, 2
0x0365	0x2B68      	GOTO       L__processSpeaker79
0x0366	0x3002      	MOVLW      2
0x0367	0x0650      	XORWF      FARG_processSpeaker_mode, 0
L__processSpeaker79:
0x0368	0x1D03      	BTFSS      STATUS, 2
0x0369	0x2BA6      	GOTO       L_processSpeaker46
;Slave_Temp_humid.c,283 :: 		turnOnSpeaker();
0x036A	0x2170      	CALL       _turnOnSpeaker
;Slave_Temp_humid.c,284 :: 		Delay_ms(200);
0x036B	0x3006      	MOVLW      6
0x036C	0x00FB      	MOVWF      R11
0x036D	0x3013      	MOVLW      19
0x036E	0x00FC      	MOVWF      R12
0x036F	0x30AD      	MOVLW      173
0x0370	0x00FD      	MOVWF      R13
L_processSpeaker47:
0x0371	0x0BFD      	DECFSZ     R13, 1
0x0372	0x2B71      	GOTO       L_processSpeaker47
0x0373	0x0BFC      	DECFSZ     R12, 1
0x0374	0x2B71      	GOTO       L_processSpeaker47
0x0375	0x0BFB      	DECFSZ     R11, 1
0x0376	0x2B71      	GOTO       L_processSpeaker47
0x0377	0x0000      	NOP
0x0378	0x0000      	NOP
;Slave_Temp_humid.c,285 :: 		turnOffSpeaker();
0x0379	0x2103      	CALL       _turnOffSpeaker
;Slave_Temp_humid.c,286 :: 		Delay_ms(200);
0x037A	0x3006      	MOVLW      6
0x037B	0x00FB      	MOVWF      R11
0x037C	0x3013      	MOVLW      19
0x037D	0x00FC      	MOVWF      R12
0x037E	0x30AD      	MOVLW      173
0x037F	0x00FD      	MOVWF      R13
L_processSpeaker48:
0x0380	0x0BFD      	DECFSZ     R13, 1
0x0381	0x2B80      	GOTO       L_processSpeaker48
0x0382	0x0BFC      	DECFSZ     R12, 1
0x0383	0x2B80      	GOTO       L_processSpeaker48
0x0384	0x0BFB      	DECFSZ     R11, 1
0x0385	0x2B80      	GOTO       L_processSpeaker48
0x0386	0x0000      	NOP
0x0387	0x0000      	NOP
;Slave_Temp_humid.c,287 :: 		turnOnSpeaker();
0x0388	0x2170      	CALL       _turnOnSpeaker
;Slave_Temp_humid.c,288 :: 		Delay_ms(200);
0x0389	0x3006      	MOVLW      6
0x038A	0x00FB      	MOVWF      R11
0x038B	0x3013      	MOVLW      19
0x038C	0x00FC      	MOVWF      R12
0x038D	0x30AD      	MOVLW      173
0x038E	0x00FD      	MOVWF      R13
L_processSpeaker49:
0x038F	0x0BFD      	DECFSZ     R13, 1
0x0390	0x2B8F      	GOTO       L_processSpeaker49
0x0391	0x0BFC      	DECFSZ     R12, 1
0x0392	0x2B8F      	GOTO       L_processSpeaker49
0x0393	0x0BFB      	DECFSZ     R11, 1
0x0394	0x2B8F      	GOTO       L_processSpeaker49
0x0395	0x0000      	NOP
0x0396	0x0000      	NOP
;Slave_Temp_humid.c,289 :: 		turnOffSpeaker();
0x0397	0x2103      	CALL       _turnOffSpeaker
;Slave_Temp_humid.c,290 :: 		Delay_ms(200);
0x0398	0x3006      	MOVLW      6
0x0399	0x00FB      	MOVWF      R11
0x039A	0x3013      	MOVLW      19
0x039B	0x00FC      	MOVWF      R12
0x039C	0x30AD      	MOVLW      173
0x039D	0x00FD      	MOVWF      R13
L_processSpeaker50:
0x039E	0x0BFD      	DECFSZ     R13, 1
0x039F	0x2B9E      	GOTO       L_processSpeaker50
0x03A0	0x0BFC      	DECFSZ     R12, 1
0x03A1	0x2B9E      	GOTO       L_processSpeaker50
0x03A2	0x0BFB      	DECFSZ     R11, 1
0x03A3	0x2B9E      	GOTO       L_processSpeaker50
0x03A4	0x0000      	NOP
0x03A5	0x0000      	NOP
;Slave_Temp_humid.c,291 :: 		}
L_processSpeaker46:
;Slave_Temp_humid.c,292 :: 		if(mode == 3){
0x03A6	0x3000      	MOVLW      0
0x03A7	0x0651      	XORWF      FARG_processSpeaker_mode+1, 0
0x03A8	0x1D03      	BTFSS      STATUS, 2
0x03A9	0x2BAC      	GOTO       L__processSpeaker80
0x03AA	0x3003      	MOVLW      3
0x03AB	0x0650      	XORWF      FARG_processSpeaker_mode, 0
L__processSpeaker80:
0x03AC	0x1D03      	BTFSS      STATUS, 2
0x03AD	0x2BEA      	GOTO       L_processSpeaker51
;Slave_Temp_humid.c,293 :: 		turnOnSpeaker();
0x03AE	0x2170      	CALL       _turnOnSpeaker
;Slave_Temp_humid.c,294 :: 		Delay_ms(400);
0x03AF	0x300B      	MOVLW      11
0x03B0	0x00FB      	MOVWF      R11
0x03B1	0x3026      	MOVLW      38
0x03B2	0x00FC      	MOVWF      R12
0x03B3	0x305D      	MOVLW      93
0x03B4	0x00FD      	MOVWF      R13
L_processSpeaker52:
0x03B5	0x0BFD      	DECFSZ     R13, 1
0x03B6	0x2BB5      	GOTO       L_processSpeaker52
0x03B7	0x0BFC      	DECFSZ     R12, 1
0x03B8	0x2BB5      	GOTO       L_processSpeaker52
0x03B9	0x0BFB      	DECFSZ     R11, 1
0x03BA	0x2BB5      	GOTO       L_processSpeaker52
0x03BB	0x0000      	NOP
0x03BC	0x0000      	NOP
;Slave_Temp_humid.c,295 :: 		turnOffSpeaker();
0x03BD	0x2103      	CALL       _turnOffSpeaker
;Slave_Temp_humid.c,296 :: 		Delay_ms(400);
0x03BE	0x300B      	MOVLW      11
0x03BF	0x00FB      	MOVWF      R11
0x03C0	0x3026      	MOVLW      38
0x03C1	0x00FC      	MOVWF      R12
0x03C2	0x305D      	MOVLW      93
0x03C3	0x00FD      	MOVWF      R13
L_processSpeaker53:
0x03C4	0x0BFD      	DECFSZ     R13, 1
0x03C5	0x2BC4      	GOTO       L_processSpeaker53
0x03C6	0x0BFC      	DECFSZ     R12, 1
0x03C7	0x2BC4      	GOTO       L_processSpeaker53
0x03C8	0x0BFB      	DECFSZ     R11, 1
0x03C9	0x2BC4      	GOTO       L_processSpeaker53
0x03CA	0x0000      	NOP
0x03CB	0x0000      	NOP
;Slave_Temp_humid.c,297 :: 		turnOnSpeaker();
0x03CC	0x2170      	CALL       _turnOnSpeaker
;Slave_Temp_humid.c,298 :: 		Delay_ms(400);
0x03CD	0x300B      	MOVLW      11
0x03CE	0x00FB      	MOVWF      R11
0x03CF	0x3026      	MOVLW      38
0x03D0	0x00FC      	MOVWF      R12
0x03D1	0x305D      	MOVLW      93
0x03D2	0x00FD      	MOVWF      R13
L_processSpeaker54:
0x03D3	0x0BFD      	DECFSZ     R13, 1
0x03D4	0x2BD3      	GOTO       L_processSpeaker54
0x03D5	0x0BFC      	DECFSZ     R12, 1
0x03D6	0x2BD3      	GOTO       L_processSpeaker54
0x03D7	0x0BFB      	DECFSZ     R11, 1
0x03D8	0x2BD3      	GOTO       L_processSpeaker54
0x03D9	0x0000      	NOP
0x03DA	0x0000      	NOP
;Slave_Temp_humid.c,299 :: 		turnOffSpeaker();
0x03DB	0x2103      	CALL       _turnOffSpeaker
;Slave_Temp_humid.c,300 :: 		Delay_ms(400);
0x03DC	0x300B      	MOVLW      11
0x03DD	0x00FB      	MOVWF      R11
0x03DE	0x3026      	MOVLW      38
0x03DF	0x00FC      	MOVWF      R12
0x03E0	0x305D      	MOVLW      93
0x03E1	0x00FD      	MOVWF      R13
L_processSpeaker55:
0x03E2	0x0BFD      	DECFSZ     R13, 1
0x03E3	0x2BE2      	GOTO       L_processSpeaker55
0x03E4	0x0BFC      	DECFSZ     R12, 1
0x03E5	0x2BE2      	GOTO       L_processSpeaker55
0x03E6	0x0BFB      	DECFSZ     R11, 1
0x03E7	0x2BE2      	GOTO       L_processSpeaker55
0x03E8	0x0000      	NOP
0x03E9	0x0000      	NOP
;Slave_Temp_humid.c,301 :: 		}
L_processSpeaker51:
;Slave_Temp_humid.c,303 :: 		}
L_end_processSpeaker:
0x03EA	0x0008      	RETURN
; end of _processSpeaker
_sendTemp:
;Slave_Temp_humid.c,208 :: 		void sendTemp(void){
;Slave_Temp_humid.c,209 :: 		value = DHT11_Read();
0x03EB	0x2180      	CALL       _DHT11_Read
0x03EC	0x1283      	BCF        STATUS, 5
0x03ED	0x1303      	BCF        STATUS, 6
0x03EE	0x0870      	MOVF       R0, 0
0x03EF	0x00A9      	MOVWF      _value
0x03F0	0x0871      	MOVF       R0+1, 0
0x03F1	0x00AA      	MOVWF      _value+1
0x03F2	0x01AB      	CLRF       _value+2
0x03F3	0x01AC      	CLRF       _value+3
;Slave_Temp_humid.c,210 :: 		temp = value & 0xFF;
0x03F4	0x30FF      	MOVLW      255
0x03F5	0x0529      	ANDWF      _value, 0
0x03F6	0x00D2      	MOVWF      FLOC__sendTemp+2
0x03F7	0x082A      	MOVF       _value+1, 0
0x03F8	0x00D3      	MOVWF      FLOC__sendTemp+3
0x03F9	0x3000      	MOVLW      0
0x03FA	0x05D3      	ANDWF      FLOC__sendTemp+3, 1
0x03FB	0x0852      	MOVF       FLOC__sendTemp+2, 0
0x03FC	0x00B0      	MOVWF      _temp
0x03FD	0x0853      	MOVF       FLOC__sendTemp+3, 0
0x03FE	0x00B1      	MOVWF      _temp+1
;Slave_Temp_humid.c,211 :: 		a = temp/10;
0x03FF	0x300A      	MOVLW      10
0x0400	0x00F4      	MOVWF      R4
0x0401	0x3000      	MOVLW      0
0x0402	0x00F5      	MOVWF      R4+1
0x0403	0x0852      	MOVF       FLOC__sendTemp+2, 0
0x0404	0x00F0      	MOVWF      R0
0x0405	0x0853      	MOVF       FLOC__sendTemp+3, 0
0x0406	0x00F1      	MOVWF      R0+1
0x0407	0x2107      	CALL       _Div_16x16_S
0x0408	0x0870      	MOVF       R0, 0
0x0409	0x00D0      	MOVWF      FLOC__sendTemp
0x040A	0x0871      	MOVF       R0+1, 0
0x040B	0x00D1      	MOVWF      FLOC__sendTemp+1
0x040C	0x0850      	MOVF       FLOC__sendTemp, 0
0x040D	0x00BF      	MOVWF      _a
0x040E	0x0851      	MOVF       FLOC__sendTemp+1, 0
0x040F	0x00C0      	MOVWF      _a+1
;Slave_Temp_humid.c,212 :: 		b = temp - 10*a;
0x0410	0x300A      	MOVLW      10
0x0411	0x00F0      	MOVWF      R0
0x0412	0x3000      	MOVLW      0
0x0413	0x00F1      	MOVWF      R0+1
0x0414	0x0850      	MOVF       FLOC__sendTemp, 0
0x0415	0x00F4      	MOVWF      R4
0x0416	0x0851      	MOVF       FLOC__sendTemp+1, 0
0x0417	0x00F5      	MOVWF      R4+1
0x0418	0x20D1      	CALL       _Mul_16X16_U
0x0419	0x0870      	MOVF       R0, 0
0x041A	0x0252      	SUBWF      FLOC__sendTemp+2, 0
0x041B	0x00F0      	MOVWF      R0
0x041C	0x0871      	MOVF       R0+1, 0
0x041D	0x1C03      	BTFSS      STATUS, 0
0x041E	0x3E01      	ADDLW      1
0x041F	0x0253      	SUBWF      FLOC__sendTemp+3, 0
0x0420	0x00F1      	MOVWF      R0+1
0x0421	0x0870      	MOVF       R0, 0
0x0422	0x00BD      	MOVWF      _b
0x0423	0x0871      	MOVF       R0+1, 0
0x0424	0x00BE      	MOVWF      _b+1
;Slave_Temp_humid.c,213 :: 		sendData[0] = 'S';
0x0425	0x3053      	MOVLW      83
0x0426	0x00C3      	MOVWF      _sendData
;Slave_Temp_humid.c,214 :: 		sendData[1] = '0';
0x0427	0x3030      	MOVLW      48
0x0428	0x00C4      	MOVWF      _sendData+1
;Slave_Temp_humid.c,215 :: 		sendData[2] = '3';
0x0429	0x3033      	MOVLW      51
0x042A	0x00C5      	MOVWF      _sendData+2
;Slave_Temp_humid.c,216 :: 		sendData[3] = 'C';
0x042B	0x3043      	MOVLW      67
0x042C	0x00C6      	MOVWF      _sendData+3
;Slave_Temp_humid.c,217 :: 		sendData[4] = '0';
0x042D	0x3030      	MOVLW      48
0x042E	0x00C7      	MOVWF      _sendData+4
;Slave_Temp_humid.c,218 :: 		sendData[5] = '1';
0x042F	0x3031      	MOVLW      49
0x0430	0x00C8      	MOVWF      _sendData+5
;Slave_Temp_humid.c,219 :: 		sendData[6] = '0';
0x0431	0x3030      	MOVLW      48
0x0432	0x00C9      	MOVWF      _sendData+6
;Slave_Temp_humid.c,220 :: 		sendData[7] = (char)a+48;
0x0433	0x3030      	MOVLW      48
0x0434	0x0750      	ADDWF      FLOC__sendTemp, 0
0x0435	0x00CA      	MOVWF      _sendData+7
;Slave_Temp_humid.c,221 :: 		sendData[8] = (char)b+48;
0x0436	0x3030      	MOVLW      48
0x0437	0x0770      	ADDWF      R0, 0
0x0438	0x00CB      	MOVWF      _sendData+8
;Slave_Temp_humid.c,222 :: 		sendData[9] = 'T';
0x0439	0x3054      	MOVLW      84
0x043A	0x00CC      	MOVWF      _sendData+9
;Slave_Temp_humid.c,223 :: 		sendData[10] = 'E';
0x043B	0x3045      	MOVLW      69
0x043C	0x00CD      	MOVWF      _sendData+10
;Slave_Temp_humid.c,224 :: 		RS485_send(sendData);
0x043D	0x3043      	MOVLW      _sendData
0x043E	0x00D6      	MOVWF      FARG_RS485_send_dat
0x043F	0x2090      	CALL       _RS485_send
;Slave_Temp_humid.c,225 :: 		}
L_end_sendTemp:
0x0440	0x0008      	RETURN
; end of _sendTemp
_sendHumid:
;Slave_Temp_humid.c,227 :: 		void sendHumid(void){
;Slave_Temp_humid.c,228 :: 		value = DHT11_Read();
0x0441	0x2180      	CALL       _DHT11_Read
0x0442	0x1283      	BCF        STATUS, 5
0x0443	0x1303      	BCF        STATUS, 6
0x0444	0x0870      	MOVF       R0, 0
0x0445	0x00A9      	MOVWF      _value
0x0446	0x0871      	MOVF       R0+1, 0
0x0447	0x00AA      	MOVWF      _value+1
0x0448	0x01AB      	CLRF       _value+2
0x0449	0x01AC      	CLRF       _value+3
;Slave_Temp_humid.c,229 :: 		hum = value >> 8;
0x044A	0x082A      	MOVF       _value+1, 0
0x044B	0x00D2      	MOVWF      FLOC__sendHumid+2
0x044C	0x082B      	MOVF       _value+2, 0
0x044D	0x00D3      	MOVWF      FLOC__sendHumid+3
0x044E	0x082C      	MOVF       _value+3, 0
0x044F	0x00D4      	MOVWF      FLOC__sendHumid+4
0x0450	0x3000      	MOVLW      0
0x0451	0x1BAC      	BTFSC      _value+3, 7
0x0452	0x30FF      	MOVLW      255
0x0453	0x00D5      	MOVWF      FLOC__sendHumid+5
0x0454	0x0852      	MOVF       FLOC__sendHumid+2, 0
0x0455	0x00C1      	MOVWF      _hum
0x0456	0x0853      	MOVF       FLOC__sendHumid+3, 0
0x0457	0x00C2      	MOVWF      _hum+1
;Slave_Temp_humid.c,230 :: 		a = hum/10;
0x0458	0x300A      	MOVLW      10
0x0459	0x00F4      	MOVWF      R4
0x045A	0x3000      	MOVLW      0
0x045B	0x00F5      	MOVWF      R4+1
0x045C	0x0852      	MOVF       FLOC__sendHumid+2, 0
0x045D	0x00F0      	MOVWF      R0
0x045E	0x0853      	MOVF       FLOC__sendHumid+3, 0
0x045F	0x00F1      	MOVWF      R0+1
0x0460	0x2107      	CALL       _Div_16x16_S
0x0461	0x0870      	MOVF       R0, 0
0x0462	0x00D0      	MOVWF      FLOC__sendHumid
0x0463	0x0871      	MOVF       R0+1, 0
0x0464	0x00D1      	MOVWF      FLOC__sendHumid+1
0x0465	0x0850      	MOVF       FLOC__sendHumid, 0
0x0466	0x00BF      	MOVWF      _a
0x0467	0x0851      	MOVF       FLOC__sendHumid+1, 0
0x0468	0x00C0      	MOVWF      _a+1
;Slave_Temp_humid.c,231 :: 		b = hum - 10*a;
0x0469	0x300A      	MOVLW      10
0x046A	0x00F0      	MOVWF      R0
0x046B	0x3000      	MOVLW      0
0x046C	0x00F1      	MOVWF      R0+1
0x046D	0x0850      	MOVF       FLOC__sendHumid, 0
0x046E	0x00F4      	MOVWF      R4
0x046F	0x0851      	MOVF       FLOC__sendHumid+1, 0
0x0470	0x00F5      	MOVWF      R4+1
0x0471	0x20D1      	CALL       _Mul_16X16_U
0x0472	0x0870      	MOVF       R0, 0
0x0473	0x0252      	SUBWF      FLOC__sendHumid+2, 0
0x0474	0x00F0      	MOVWF      R0
0x0475	0x0871      	MOVF       R0+1, 0
0x0476	0x1C03      	BTFSS      STATUS, 0
0x0477	0x3E01      	ADDLW      1
0x0478	0x0253      	SUBWF      FLOC__sendHumid+3, 0
0x0479	0x00F1      	MOVWF      R0+1
0x047A	0x0870      	MOVF       R0, 0
0x047B	0x00BD      	MOVWF      _b
0x047C	0x0871      	MOVF       R0+1, 0
0x047D	0x00BE      	MOVWF      _b+1
;Slave_Temp_humid.c,232 :: 		sendData[0] = 'S';
0x047E	0x3053      	MOVLW      83
0x047F	0x00C3      	MOVWF      _sendData
;Slave_Temp_humid.c,233 :: 		sendData[1] = '0';
0x0480	0x3030      	MOVLW      48
0x0481	0x00C4      	MOVWF      _sendData+1
;Slave_Temp_humid.c,234 :: 		sendData[2] = '3';
0x0482	0x3033      	MOVLW      51
0x0483	0x00C5      	MOVWF      _sendData+2
;Slave_Temp_humid.c,235 :: 		sendData[3] = 'C';
0x0484	0x3043      	MOVLW      67
0x0485	0x00C6      	MOVWF      _sendData+3
;Slave_Temp_humid.c,236 :: 		sendData[4] = '0';
0x0486	0x3030      	MOVLW      48
0x0487	0x00C7      	MOVWF      _sendData+4
;Slave_Temp_humid.c,237 :: 		sendData[5] = '1';
0x0488	0x3031      	MOVLW      49
0x0489	0x00C8      	MOVWF      _sendData+5
;Slave_Temp_humid.c,238 :: 		sendData[6] = '0';
0x048A	0x3030      	MOVLW      48
0x048B	0x00C9      	MOVWF      _sendData+6
;Slave_Temp_humid.c,239 :: 		sendData[7] = (char)a+48;
0x048C	0x3030      	MOVLW      48
0x048D	0x0750      	ADDWF      FLOC__sendHumid, 0
0x048E	0x00CA      	MOVWF      _sendData+7
;Slave_Temp_humid.c,240 :: 		sendData[8] = (char)b+48;
0x048F	0x3030      	MOVLW      48
0x0490	0x0770      	ADDWF      R0, 0
0x0491	0x00CB      	MOVWF      _sendData+8
;Slave_Temp_humid.c,241 :: 		sendData[9] = 'H';
0x0492	0x3048      	MOVLW      72
0x0493	0x00CC      	MOVWF      _sendData+9
;Slave_Temp_humid.c,242 :: 		sendData[10] = 'E';
0x0494	0x3045      	MOVLW      69
0x0495	0x00CD      	MOVWF      _sendData+10
;Slave_Temp_humid.c,243 :: 		RS485_send(sendData);
0x0496	0x3043      	MOVLW      _sendData
0x0497	0x00D6      	MOVWF      FARG_RS485_send_dat
0x0498	0x2090      	CALL       _RS485_send
;Slave_Temp_humid.c,244 :: 		}
L_end_sendHumid:
0x0499	0x0008      	RETURN
; end of _sendHumid
_initSensor:
;Slave_Temp_humid.c,186 :: 		void initSensor(void){
;Slave_Temp_humid.c,188 :: 		TRISB4_bit = 1;
0x049A	0x1683      	BSF        STATUS, 5
0x049B	0x1303      	BCF        STATUS, 6
0x049C	0x1606      	BSF        TRISB4_bit, BitPos(TRISB4_bit+0)
;Slave_Temp_humid.c,190 :: 		TRISB5_bit = 1;
0x049D	0x1686      	BSF        TRISB5_bit, BitPos(TRISB5_bit+0)
;Slave_Temp_humid.c,192 :: 		TRISB.B5 = 0;
0x049E	0x1286      	BCF        TRISB, 5
;Slave_Temp_humid.c,193 :: 		turnOnSpeaker();
0x049F	0x2170      	CALL       _turnOnSpeaker
;Slave_Temp_humid.c,196 :: 		}
L_end_initSensor:
0x04A0	0x0008      	RETURN
; end of _initSensor
_Button:
;__Lib_Button.c,6 :: 		
;__Lib_Button.c,8 :: 		
0x04A1	0x1283      	BCF        STATUS, 5
0x04A2	0x1303      	BCF        STATUS, 6
0x04A3	0x01D5      	CLRF       Button_rslt_L0
;__Lib_Button.c,11 :: 		
0x04A4	0x0851      	MOVF       FARG_Button_pin, 0
0x04A5	0x00F1      	MOVWF      R1
0x04A6	0x3001      	MOVLW      1
0x04A7	0x00F0      	MOVWF      R0
0x04A8	0x0871      	MOVF       R1, 0
L__Button5:
0x04A9	0x1903      	BTFSC      STATUS, 2
0x04AA	0x2CAF      	GOTO       L__Button6
0x04AB	0x0DF0      	RLF        R0, 1
0x04AC	0x1070      	BCF        R0, 0
0x04AD	0x3EFF      	ADDLW      255
0x04AE	0x2CA9      	GOTO       L__Button5
L__Button6:
0x04AF	0x0870      	MOVF       R0, 0
0x04B0	0x00D4      	MOVWF      Button_pMask_L0
;__Lib_Button.c,13 :: 		
0x04B1	0x0850      	MOVF       FARG_Button_port, 0
0x04B2	0x0084      	MOVWF      FSR
0x04B3	0x0870      	MOVF       R0, 0
0x04B4	0x0500      	ANDWF      INDF, 0
0x04B5	0x00F1      	MOVWF      R1
0x04B6	0x0871      	MOVF       R1, 0
0x04B7	0x3001      	MOVLW      1
0x04B8	0x1D03      	BTFSS      STATUS, 2
0x04B9	0x3000      	MOVLW      0
0x04BA	0x00F0      	MOVWF      R0
0x04BB	0x0853      	MOVF       FARG_Button_active_state, 0
0x04BC	0x06F0      	XORWF      R0, 1
0x04BD	0x1903      	BTFSC      STATUS, 2
0x04BE	0x2CD7      	GOTO       L_Button0
;__Lib_Button.c,15 :: 		
L_Button1:
0x04BF	0x0852      	MOVF       FARG_Button_time_ms, 0
0x04C0	0x3C00      	SUBLW      0
0x04C1	0x1803      	BTFSC      STATUS, 0
0x04C2	0x2CC7      	GOTO       L_Button2
;__Lib_Button.c,16 :: 		
0x04C3	0x2174      	CALL       _Delay_500us
;__Lib_Button.c,17 :: 		
0x04C4	0x2174      	CALL       _Delay_500us
;__Lib_Button.c,18 :: 		
0x04C5	0x03D2      	DECF       FARG_Button_time_ms, 1
;__Lib_Button.c,19 :: 		
0x04C6	0x2CBF      	GOTO       L_Button1
L_Button2:
;__Lib_Button.c,21 :: 		
0x04C7	0x0850      	MOVF       FARG_Button_port, 0
0x04C8	0x0084      	MOVWF      FSR
0x04C9	0x0854      	MOVF       Button_pMask_L0, 0
0x04CA	0x0500      	ANDWF      INDF, 0
0x04CB	0x00F1      	MOVWF      R1
0x04CC	0x0871      	MOVF       R1, 0
0x04CD	0x3001      	MOVLW      1
0x04CE	0x1D03      	BTFSS      STATUS, 2
0x04CF	0x3000      	MOVLW      0
0x04D0	0x00F0      	MOVWF      R0
0x04D1	0x0853      	MOVF       FARG_Button_active_state, 0
0x04D2	0x06F0      	XORWF      R0, 1
0x04D3	0x1903      	BTFSC      STATUS, 2
0x04D4	0x2CD7      	GOTO       L_Button3
;__Lib_Button.c,22 :: 		
0x04D5	0x30FF      	MOVLW      255
0x04D6	0x00D5      	MOVWF      Button_rslt_L0
L_Button3:
;__Lib_Button.c,23 :: 		
L_Button0:
;__Lib_Button.c,25 :: 		
0x04D7	0x0855      	MOVF       Button_rslt_L0, 0
0x04D8	0x00F0      	MOVWF      R0
;__Lib_Button.c,26 :: 		
L_end_Button:
0x04D9	0x0008      	RETURN
; end of _Button
_initRS485:
;Slave_Temp_humid.c,198 :: 		void initRS485(void){
;Slave_Temp_humid.c,199 :: 		UART1_Init(9600);
0x04DA	0x3081      	MOVLW      129
0x04DB	0x1683      	BSF        STATUS, 5
0x04DC	0x1303      	BCF        STATUS, 6
0x04DD	0x0099      	MOVWF      SPBRG
0x04DE	0x1518      	BSF        TXSTA, 2
0x04DF	0x20C1      	CALL       _UART1_Init
;Slave_Temp_humid.c,200 :: 		TRISB.B3 =0;
0x04E0	0x1683      	BSF        STATUS, 5
0x04E1	0x1186      	BCF        TRISB, 3
;Slave_Temp_humid.c,201 :: 		Delay_ms(100);
0x04E2	0x3003      	MOVLW      3
0x04E3	0x00FB      	MOVWF      R11
0x04E4	0x308A      	MOVLW      138
0x04E5	0x00FC      	MOVWF      R12
0x04E6	0x3055      	MOVLW      85
0x04E7	0x00FD      	MOVWF      R13
L_initRS48540:
0x04E8	0x0BFD      	DECFSZ     R13, 1
0x04E9	0x2CE8      	GOTO       L_initRS48540
0x04EA	0x0BFC      	DECFSZ     R12, 1
0x04EB	0x2CE8      	GOTO       L_initRS48540
0x04EC	0x0BFB      	DECFSZ     R11, 1
0x04ED	0x2CE8      	GOTO       L_initRS48540
0x04EE	0x0000      	NOP
0x04EF	0x0000      	NOP
;Slave_Temp_humid.c,202 :: 		RCIE_bit = 1;                        // enable interrupt on UART1 receive
0x04F0	0x168C      	BSF        RCIE_bit, BitPos(RCIE_bit+0)
;Slave_Temp_humid.c,203 :: 		TXIE_bit = 0;                        // disable interrupt on UART1 transmit
0x04F1	0x120C      	BCF        TXIE_bit, BitPos(TXIE_bit+0)
;Slave_Temp_humid.c,204 :: 		PEIE_bit = 1;                        // enable peripheral interrupts
0x04F2	0x170B      	BSF        PEIE_bit, BitPos(PEIE_bit+0)
;Slave_Temp_humid.c,205 :: 		GIE_bit = 1;                         // enable all interrupts
0x04F3	0x178B      	BSF        GIE_bit, BitPos(GIE_bit+0)
;Slave_Temp_humid.c,206 :: 		}
L_end_initRS485:
0x04F4	0x0008      	RETURN
; end of _initRS485
___CC2DW:
;__Lib_System.c,134 :: 		
;__Lib_System.c,137 :: 		
_CC2D_Loop1:
;__Lib_System.c,139 :: 		
0x04F5	0x20FC      	CALL       _____DoICP
0x04F6	0x118A      	BCF        PCLATH, 3
0x04F7	0x120A      	BCF        PCLATH, 4
;__Lib_System.c,141 :: 		
0x04F8	0x0080      	MOVWF      INDF
;__Lib_System.c,142 :: 		
0x04F9	0x0A84      	INCF       FSR, 1
;__Lib_System.c,143 :: 		
0x04FA	0x0AAE      	INCF       ___DoICPAddr, 1
;__Lib_System.c,145 :: 		
0x04FB	0x1903      	BTFSC      STATUS, 2
;__Lib_System.c,146 :: 		
0x04FC	0x0AAF      	INCF       ___DoICPAddr+1, 1
;__Lib_System.c,147 :: 		
0x04FD	0x03F0      	DECF       R0, 1
;__Lib_System.c,149 :: 		
0x04FE	0x1D03      	BTFSS      STATUS, 2
;__Lib_System.c,150 :: 		
0x04FF	0x2CF5      	GOTO       _CC2D_Loop1
;__Lib_System.c,152 :: 		
L_end___CC2DW:
0x0500	0x0008      	RETURN
; end of ___CC2DW
_UART1_Data_Ready:
;__Lib_UART_b21.c,15 :: 		
;__Lib_UART_b21.c,16 :: 		
0x0501	0x3000      	MOVLW      0
0x0502	0x1283      	BCF        STATUS, 5
0x0503	0x1303      	BCF        STATUS, 6
0x0504	0x1A8C      	BTFSC      PIR1, 5
0x0505	0x3001      	MOVLW      1
0x0506	0x00F0      	MOVWF      R0
;__Lib_UART_b21.c,17 :: 		
L_end_UART1_Data_Ready:
0x0507	0x0008      	RETURN
; end of _UART1_Data_Ready
_UART1_Read:
;__Lib_UART_b21.c,20 :: 		
;__Lib_UART_b21.c,23 :: 		
0x0508	0x1283      	BCF        STATUS, 5
0x0509	0x1303      	BCF        STATUS, 6
0x050A	0x081A      	MOVF       RCREG, 0
0x050B	0x00F1      	MOVWF      R1
;__Lib_UART_b21.c,24 :: 		
0x050C	0x1C98      	BTFSS      RCSTA, 1
0x050D	0x2D10      	GOTO       L_UART1_Read2
;__Lib_UART_b21.c,25 :: 		
0x050E	0x1218      	BCF        RCSTA, 4
;__Lib_UART_b21.c,26 :: 		
0x050F	0x1618      	BSF        RCSTA, 4
;__Lib_UART_b21.c,27 :: 		
L_UART1_Read2:
;__Lib_UART_b21.c,28 :: 		
0x0510	0x0871      	MOVF       R1, 0
0x0511	0x00F0      	MOVWF      R0
;__Lib_UART_b21.c,29 :: 		
L_end_UART1_Read:
0x0512	0x0008      	RETURN
; end of _UART1_Read
_main:
0x0513	0x1283      	BCF        STATUS, 5
0x0514	0x1303      	BCF        STATUS, 6
0x0515	0x01A3      	CLRF       _flagReceivedAllData
0x0516	0x01A4      	CLRF       _countGas
0x0517	0x01A5      	CLRF       37
0x0518	0x01A6      	CLRF       _gasStatus
0x0519	0x01A7      	CLRF       39
0x051A	0x01A8      	CLRF       _count
;Slave_Temp_humid.c,73 :: 		void main()
;Slave_Temp_humid.c,75 :: 		initSensor();
0x051B	0x249A      	CALL       _initSensor
;Slave_Temp_humid.c,76 :: 		initRS485();
0x051C	0x24DA      	CALL       _initRS485
;Slave_Temp_humid.c,77 :: 		sendData[0] = 'S';
0x051D	0x3053      	MOVLW      83
0x051E	0x1283      	BCF        STATUS, 5
0x051F	0x00C3      	MOVWF      _sendData
;Slave_Temp_humid.c,78 :: 		sendData[1] = '0';
0x0520	0x3030      	MOVLW      48
0x0521	0x00C4      	MOVWF      _sendData+1
;Slave_Temp_humid.c,79 :: 		sendData[2] = '0';
0x0522	0x3030      	MOVLW      48
0x0523	0x00C5      	MOVWF      _sendData+2
;Slave_Temp_humid.c,80 :: 		sendData[3] = 'B';
0x0524	0x3042      	MOVLW      66
0x0525	0x00C6      	MOVWF      _sendData+3
;Slave_Temp_humid.c,81 :: 		sendData[4] = '0';
0x0526	0x3030      	MOVLW      48
0x0527	0x00C7      	MOVWF      _sendData+4
;Slave_Temp_humid.c,82 :: 		sendData[5] = '1';
0x0528	0x3031      	MOVLW      49
0x0529	0x00C8      	MOVWF      _sendData+5
;Slave_Temp_humid.c,83 :: 		sendData[6] = 'D';
0x052A	0x3044      	MOVLW      68
0x052B	0x00C9      	MOVWF      _sendData+6
;Slave_Temp_humid.c,84 :: 		sendData[7] = '0';
0x052C	0x3030      	MOVLW      48
0x052D	0x00CA      	MOVWF      _sendData+7
;Slave_Temp_humid.c,85 :: 		sendData[8] = '1';
0x052E	0x3031      	MOVLW      49
0x052F	0x00CB      	MOVWF      _sendData+8
;Slave_Temp_humid.c,86 :: 		sendData[9] = '1';
0x0530	0x3031      	MOVLW      49
0x0531	0x00CC      	MOVWF      _sendData+9
;Slave_Temp_humid.c,87 :: 		sendData[10] = 'E';
0x0532	0x3045      	MOVLW      69
0x0533	0x00CD      	MOVWF      _sendData+10
;Slave_Temp_humid.c,88 :: 		RS485_send(sendData);
0x0534	0x3043      	MOVLW      _sendData
0x0535	0x00D6      	MOVWF      FARG_RS485_send_dat
0x0536	0x2090      	CALL       _RS485_send
;Slave_Temp_humid.c,89 :: 		Delay_ms(1000);
0x0537	0x301A      	MOVLW      26
0x0538	0x00FB      	MOVWF      R11
0x0539	0x305E      	MOVLW      94
0x053A	0x00FC      	MOVWF      R12
0x053B	0x306E      	MOVLW      110
0x053C	0x00FD      	MOVWF      R13
L_main9:
0x053D	0x0BFD      	DECFSZ     R13, 1
0x053E	0x2D3D      	GOTO       L_main9
0x053F	0x0BFC      	DECFSZ     R12, 1
0x0540	0x2D3D      	GOTO       L_main9
0x0541	0x0BFB      	DECFSZ     R11, 1
0x0542	0x2D3D      	GOTO       L_main9
0x0543	0x0000      	NOP
;Slave_Temp_humid.c,90 :: 		turnOffSpeaker();
0x0544	0x2103      	CALL       _turnOffSpeaker
;Slave_Temp_humid.c,91 :: 		while(1)
L_main10:
;Slave_Temp_humid.c,93 :: 		if(flagReceivedAllData==1){
0x0545	0x0823      	MOVF       _flagReceivedAllData, 0
0x0546	0x3A01      	XORLW      1
0x0547	0x1D03      	BTFSS      STATUS, 2
0x0548	0x2D76      	GOTO       L_main12
;Slave_Temp_humid.c,94 :: 		flagReceivedAllData = 0;
0x0549	0x01A3      	CLRF       _flagReceivedAllData
;Slave_Temp_humid.c,96 :: 		if(receiveData[1] == '1' && receiveData[2] == '3' && receiveData[3] == 'C' && receiveData[4] == '0' && receiveData[5] == '1')
0x054A	0x0833      	MOVF       _receiveData+1, 0
0x054B	0x3A31      	XORLW      49
0x054C	0x1D03      	BTFSS      STATUS, 2
0x054D	0x2D76      	GOTO       L_main15
0x054E	0x0834      	MOVF       _receiveData+2, 0
0x054F	0x3A33      	XORLW      51
0x0550	0x1D03      	BTFSS      STATUS, 2
0x0551	0x2D76      	GOTO       L_main15
0x0552	0x0835      	MOVF       _receiveData+3, 0
0x0553	0x3A43      	XORLW      67
0x0554	0x1D03      	BTFSS      STATUS, 2
0x0555	0x2D76      	GOTO       L_main15
0x0556	0x0836      	MOVF       _receiveData+4, 0
0x0557	0x3A30      	XORLW      48
0x0558	0x1D03      	BTFSS      STATUS, 2
0x0559	0x2D76      	GOTO       L_main15
0x055A	0x0837      	MOVF       _receiveData+5, 0
0x055B	0x3A31      	XORLW      49
0x055C	0x1D03      	BTFSS      STATUS, 2
0x055D	0x2D76      	GOTO       L_main15
L__main58:
;Slave_Temp_humid.c,98 :: 		if(receiveData[9] == 'T'){
0x055E	0x083B      	MOVF       _receiveData+9, 0
0x055F	0x3A54      	XORLW      84
0x0560	0x1D03      	BTFSS      STATUS, 2
0x0561	0x2D63      	GOTO       L_main16
;Slave_Temp_humid.c,99 :: 		sendTemp();
0x0562	0x23EB      	CALL       _sendTemp
;Slave_Temp_humid.c,100 :: 		}
L_main16:
;Slave_Temp_humid.c,101 :: 		if(receiveData[9] == 'H'){
0x0563	0x083B      	MOVF       _receiveData+9, 0
0x0564	0x3A48      	XORLW      72
0x0565	0x1D03      	BTFSS      STATUS, 2
0x0566	0x2D68      	GOTO       L_main17
;Slave_Temp_humid.c,102 :: 		sendHumid();
0x0567	0x2441      	CALL       _sendHumid
;Slave_Temp_humid.c,103 :: 		}
L_main17:
;Slave_Temp_humid.c,104 :: 		Delay_ms(100);
0x0568	0x3003      	MOVLW      3
0x0569	0x00FB      	MOVWF      R11
0x056A	0x308A      	MOVLW      138
0x056B	0x00FC      	MOVWF      R12
0x056C	0x3055      	MOVLW      85
0x056D	0x00FD      	MOVWF      R13
L_main18:
0x056E	0x0BFD      	DECFSZ     R13, 1
0x056F	0x2D6E      	GOTO       L_main18
0x0570	0x0BFC      	DECFSZ     R12, 1
0x0571	0x2D6E      	GOTO       L_main18
0x0572	0x0BFB      	DECFSZ     R11, 1
0x0573	0x2D6E      	GOTO       L_main18
0x0574	0x0000      	NOP
0x0575	0x0000      	NOP
;Slave_Temp_humid.c,105 :: 		}
L_main15:
;Slave_Temp_humid.c,106 :: 		}
L_main12:
;Slave_Temp_humid.c,108 :: 		if (Button(&PORTB, 4, 1, 0)) {
0x0576	0x3006      	MOVLW      PORTB
0x0577	0x00D0      	MOVWF      FARG_Button_port
0x0578	0x3004      	MOVLW      4
0x0579	0x00D1      	MOVWF      FARG_Button_pin
0x057A	0x3001      	MOVLW      1
0x057B	0x00D2      	MOVWF      FARG_Button_time_ms
0x057C	0x01D3      	CLRF       FARG_Button_active_state
0x057D	0x24A1      	CALL       _Button
0x057E	0x0870      	MOVF       R0, 0
0x057F	0x1903      	BTFSC      STATUS, 2
0x0580	0x2D85      	GOTO       L_main19
;Slave_Temp_humid.c,109 :: 		gasStatus = 1;
0x0581	0x3001      	MOVLW      1
0x0582	0x00A6      	MOVWF      _gasStatus
0x0583	0x3000      	MOVLW      0
0x0584	0x00A7      	MOVWF      _gasStatus+1
;Slave_Temp_humid.c,110 :: 		}
L_main19:
;Slave_Temp_humid.c,112 :: 		if (gasStatus == 1){
0x0585	0x3000      	MOVLW      0
0x0586	0x0627      	XORWF      _gasStatus+1, 0
0x0587	0x1D03      	BTFSS      STATUS, 2
0x0588	0x2D8B      	GOTO       L__main62
0x0589	0x3001      	MOVLW      1
0x058A	0x0626      	XORWF      _gasStatus, 0
L__main62:
0x058B	0x1D03      	BTFSS      STATUS, 2
0x058C	0x2E1A      	GOTO       L_main20
;Slave_Temp_humid.c,113 :: 		countGas++;
0x058D	0x0AA4      	INCF       _countGas, 1
0x058E	0x1903      	BTFSC      STATUS, 2
0x058F	0x0AA5      	INCF       _countGas+1, 1
;Slave_Temp_humid.c,114 :: 		Delay_ms(500);
0x0590	0x300D      	MOVLW      13
0x0591	0x00FB      	MOVWF      R11
0x0592	0x30AF      	MOVLW      175
0x0593	0x00FC      	MOVWF      R12
0x0594	0x30B6      	MOVLW      182
0x0595	0x00FD      	MOVWF      R13
L_main21:
0x0596	0x0BFD      	DECFSZ     R13, 1
0x0597	0x2D96      	GOTO       L_main21
0x0598	0x0BFC      	DECFSZ     R12, 1
0x0599	0x2D96      	GOTO       L_main21
0x059A	0x0BFB      	DECFSZ     R11, 1
0x059B	0x2D96      	GOTO       L_main21
0x059C	0x0000      	NOP
;Slave_Temp_humid.c,115 :: 		if(countGas == 10){
0x059D	0x3000      	MOVLW      0
0x059E	0x0625      	XORWF      _countGas+1, 0
0x059F	0x1D03      	BTFSS      STATUS, 2
0x05A0	0x2DA3      	GOTO       L__main63
0x05A1	0x300A      	MOVLW      10
0x05A2	0x0624      	XORWF      _countGas, 0
L__main63:
0x05A3	0x1D03      	BTFSS      STATUS, 2
0x05A4	0x2DBA      	GOTO       L_main22
;Slave_Temp_humid.c,116 :: 		if (Button(&PORTB, 4, 1, 0)) {
0x05A5	0x3006      	MOVLW      PORTB
0x05A6	0x00D0      	MOVWF      FARG_Button_port
0x05A7	0x3004      	MOVLW      4
0x05A8	0x00D1      	MOVWF      FARG_Button_pin
0x05A9	0x3001      	MOVLW      1
0x05AA	0x00D2      	MOVWF      FARG_Button_time_ms
0x05AB	0x01D3      	CLRF       FARG_Button_active_state
0x05AC	0x24A1      	CALL       _Button
0x05AD	0x0870      	MOVF       R0, 0
0x05AE	0x1903      	BTFSC      STATUS, 2
0x05AF	0x2DB6      	GOTO       L_main23
;Slave_Temp_humid.c,117 :: 		processSpeaker(1);
0x05B0	0x3001      	MOVLW      1
0x05B1	0x00D0      	MOVWF      FARG_processSpeaker_mode
0x05B2	0x3000      	MOVLW      0
0x05B3	0x00D1      	MOVWF      FARG_processSpeaker_mode+1
0x05B4	0x231C      	CALL       _processSpeaker
;Slave_Temp_humid.c,118 :: 		}
0x05B5	0x2DBA      	GOTO       L_main24
L_main23:
;Slave_Temp_humid.c,120 :: 		gasStatus = 0;
0x05B6	0x01A6      	CLRF       _gasStatus
0x05B7	0x01A7      	CLRF       _gasStatus+1
;Slave_Temp_humid.c,121 :: 		countGas = 0;
0x05B8	0x01A4      	CLRF       _countGas
0x05B9	0x01A5      	CLRF       _countGas+1
;Slave_Temp_humid.c,122 :: 		}
L_main24:
;Slave_Temp_humid.c,123 :: 		}
L_main22:
;Slave_Temp_humid.c,124 :: 		if(countGas == 20){
0x05BA	0x3000      	MOVLW      0
0x05BB	0x0625      	XORWF      _countGas+1, 0
0x05BC	0x1D03      	BTFSS      STATUS, 2
0x05BD	0x2DC0      	GOTO       L__main64
0x05BE	0x3014      	MOVLW      20
0x05BF	0x0624      	XORWF      _countGas, 0
L__main64:
0x05C0	0x1D03      	BTFSS      STATUS, 2
0x05C1	0x2DD7      	GOTO       L_main25
;Slave_Temp_humid.c,125 :: 		if (Button(&PORTB, 4, 1, 0)) {
0x05C2	0x3006      	MOVLW      PORTB
0x05C3	0x00D0      	MOVWF      FARG_Button_port
0x05C4	0x3004      	MOVLW      4
0x05C5	0x00D1      	MOVWF      FARG_Button_pin
0x05C6	0x3001      	MOVLW      1
0x05C7	0x00D2      	MOVWF      FARG_Button_time_ms
0x05C8	0x01D3      	CLRF       FARG_Button_active_state
0x05C9	0x24A1      	CALL       _Button
0x05CA	0x0870      	MOVF       R0, 0
0x05CB	0x1903      	BTFSC      STATUS, 2
0x05CC	0x2DD3      	GOTO       L_main26
;Slave_Temp_humid.c,126 :: 		processSpeaker(2);
0x05CD	0x3002      	MOVLW      2
0x05CE	0x00D0      	MOVWF      FARG_processSpeaker_mode
0x05CF	0x3000      	MOVLW      0
0x05D0	0x00D1      	MOVWF      FARG_processSpeaker_mode+1
0x05D1	0x231C      	CALL       _processSpeaker
;Slave_Temp_humid.c,127 :: 		}
0x05D2	0x2DD7      	GOTO       L_main27
L_main26:
;Slave_Temp_humid.c,129 :: 		gasStatus = 0;
0x05D3	0x01A6      	CLRF       _gasStatus
0x05D4	0x01A7      	CLRF       _gasStatus+1
;Slave_Temp_humid.c,130 :: 		countGas = 0;
0x05D5	0x01A4      	CLRF       _countGas
0x05D6	0x01A5      	CLRF       _countGas+1
;Slave_Temp_humid.c,131 :: 		}
L_main27:
;Slave_Temp_humid.c,132 :: 		}
L_main25:
;Slave_Temp_humid.c,133 :: 		if(countGas >= 30 && countGas % 10 == 0 ){
0x05D7	0x3080      	MOVLW      128
0x05D8	0x0625      	XORWF      _countGas+1, 0
0x05D9	0x00F0      	MOVWF      R0
0x05DA	0x3080      	MOVLW      128
0x05DB	0x0270      	SUBWF      R0, 0
0x05DC	0x1D03      	BTFSS      STATUS, 2
0x05DD	0x2DE0      	GOTO       L__main65
0x05DE	0x301E      	MOVLW      30
0x05DF	0x0224      	SUBWF      _countGas, 0
L__main65:
0x05E0	0x1C03      	BTFSS      STATUS, 0
0x05E1	0x2E0E      	GOTO       L_main30
0x05E2	0x300A      	MOVLW      10
0x05E3	0x00F4      	MOVWF      R4
0x05E4	0x3000      	MOVLW      0
0x05E5	0x00F5      	MOVWF      R4+1
0x05E6	0x0824      	MOVF       _countGas, 0
0x05E7	0x00F0      	MOVWF      R0
0x05E8	0x0825      	MOVF       _countGas+1, 0
0x05E9	0x00F1      	MOVWF      R0+1
0x05EA	0x2107      	CALL       _Div_16x16_S
0x05EB	0x0878      	MOVF       R8, 0
0x05EC	0x00F0      	MOVWF      R0
0x05ED	0x0879      	MOVF       R8+1, 0
0x05EE	0x00F1      	MOVWF      R0+1
0x05EF	0x3000      	MOVLW      0
0x05F0	0x0671      	XORWF      R0+1, 0
0x05F1	0x1D03      	BTFSS      STATUS, 2
0x05F2	0x2DF5      	GOTO       L__main66
0x05F3	0x3000      	MOVLW      0
0x05F4	0x0670      	XORWF      R0, 0
L__main66:
0x05F5	0x1D03      	BTFSS      STATUS, 2
0x05F6	0x2E0E      	GOTO       L_main30
L__main57:
;Slave_Temp_humid.c,134 :: 		if (Button(&PORTB, 4, 1, 0)) {
0x05F7	0x3006      	MOVLW      PORTB
0x05F8	0x00D0      	MOVWF      FARG_Button_port
0x05F9	0x3004      	MOVLW      4
0x05FA	0x00D1      	MOVWF      FARG_Button_pin
0x05FB	0x3001      	MOVLW      1
0x05FC	0x00D2      	MOVWF      FARG_Button_time_ms
0x05FD	0x01D3      	CLRF       FARG_Button_active_state
0x05FE	0x24A1      	CALL       _Button
0x05FF	0x0870      	MOVF       R0, 0
0x0600	0x1903      	BTFSC      STATUS, 2
0x0601	0x2E09      	GOTO       L_main31
;Slave_Temp_humid.c,135 :: 		processSpeaker(3);
0x0602	0x3003      	MOVLW      3
0x0603	0x00D0      	MOVWF      FARG_processSpeaker_mode
0x0604	0x3000      	MOVLW      0
0x0605	0x00D1      	MOVWF      FARG_processSpeaker_mode+1
0x0606	0x231C      	CALL       _processSpeaker
;Slave_Temp_humid.c,136 :: 		sendGasStatus();
0x0607	0x22FF      	CALL       _sendGasStatus
;Slave_Temp_humid.c,137 :: 		}
0x0608	0x2E0E      	GOTO       L_main32
L_main31:
;Slave_Temp_humid.c,139 :: 		gasStatus = 0;
0x0609	0x01A6      	CLRF       _gasStatus
0x060A	0x01A7      	CLRF       _gasStatus+1
;Slave_Temp_humid.c,140 :: 		countGas = 0;
0x060B	0x01A4      	CLRF       _countGas
0x060C	0x01A5      	CLRF       _countGas+1
;Slave_Temp_humid.c,141 :: 		sendGasStatus();
0x060D	0x22FF      	CALL       _sendGasStatus
;Slave_Temp_humid.c,142 :: 		}
L_main32:
;Slave_Temp_humid.c,143 :: 		}
L_main30:
;Slave_Temp_humid.c,144 :: 		if(countGas == 65000){
0x060E	0x0825      	MOVF       _countGas+1, 0
0x060F	0x3AFD      	XORLW      253
0x0610	0x1D03      	BTFSS      STATUS, 2
0x0611	0x2E14      	GOTO       L__main67
0x0612	0x30E8      	MOVLW      232
0x0613	0x0624      	XORWF      _countGas, 0
L__main67:
0x0614	0x1D03      	BTFSS      STATUS, 2
0x0615	0x2E1A      	GOTO       L_main33
;Slave_Temp_humid.c,145 :: 		countGas = 30;
0x0616	0x301E      	MOVLW      30
0x0617	0x00A4      	MOVWF      _countGas
0x0618	0x3000      	MOVLW      0
0x0619	0x00A5      	MOVWF      _countGas+1
;Slave_Temp_humid.c,146 :: 		}
L_main33:
;Slave_Temp_humid.c,147 :: 		}
L_main20:
;Slave_Temp_humid.c,168 :: 		}
0x061A	0x2D45      	GOTO       L_main10
;Slave_Temp_humid.c,169 :: 		}
L_end_main:
0x061B	0x2E1B      	GOTO       $+0
; end of _main
Symbol List:
//** Routines locations **
//ADDRESS    SIZE    PROCEDURE
//----------------------------------------------
0x0004      [79]    _interrupt
0x0053      [44]    _Div_16x16_S_L
0x007F       [7]    _UART1_Tx_Idle
0x0086      [10]    _UART1_Write
0x0090      [49]    _RS485_send
0x00C1      [16]    _UART1_Init
0x00D1      [43]    _Mul_16X16_U
0x00FC       [7]    _____DoICP
0x0103       [4]    _turnOffSpeaker
0x0107     [105]    _Div_16x16_S
0x0170       [4]    _turnOnSpeaker
0x0174      [12]    _Delay_500us
0x0180     [383]    _DHT11_Read
0x02FF      [29]    _sendGasStatus
0x031C     [207]    _processSpeaker
0x03EB      [86]    _sendTemp
0x0441      [89]    _sendHumid
0x049A       [7]    _initSensor
0x04A1      [57]    _Button
0x04DA      [27]    _initRS485
0x04F5      [12]    ___CC2DW
0x0501       [7]    _UART1_Data_Ready
0x0508      [11]    _UART1_Read
0x0513     [265]    _main
//** Variables locations ** 
//ADDRESS    SIZE    VARIABLE
//----------------------------------------------
0x0000       [1]    INDF
0x0002       [1]    PCL
0x0003       [1]    STATUS
0x0004       [1]    FSR
0x0006       [0]    DHT11_PIN
0x0006       [1]    PORTB
0x0006       [0]    RB0_bit
0x000A       [1]    PCLATH
0x000B       [0]    GIE_bit
0x000B       [0]    PEIE_bit
0x000C       [1]    PIR1
0x0018       [1]    RCSTA
0x0019       [1]    TXREG
0x001A       [1]    RCREG
0x0023       [1]    _flagReceivedAllData
0x0024       [2]    _countGas
0x0026       [2]    _gasStatus
0x0028       [1]    _count
0x0029       [4]    _value
0x002D       [1]    _tempReceiveData
0x002E       [2]    ___DoICPAddr
0x0030       [2]    _temp
0x0032      [11]    _receiveData
0x003D       [2]    _b
0x003F       [2]    _a
0x0041       [2]    _hum
0x0043      [11]    _sendData
0x004E       [1]    ___savePCLATH
0x004F       [1]    ___saveSTATUS
0x0050       [6]    FLOC__sendHumid
0x0050       [4]    FLOC__sendTemp
0x0050       [1]    FARG_Button_port
0x0050       [2]    FARG_processSpeaker_mode
0x0051       [1]    FARG_Button_pin
0x0052       [1]    FARG_Button_time_ms
0x0053       [1]    FARG_Button_active_state
0x0054       [1]    Button_pMask_L0
0x0055       [1]    Button_rslt_L0
0x0056       [1]    FARG_RS485_send_dat
0x0056       [1]    DHT11_Read_dht11check_L0
0x0057       [2]    RS485_send_i_L0
0x0059       [1]    FARG_UART1_Write_data_
0x0070       [1]    R0
0x0071       [1]    R1
0x0072       [1]    R2
0x0073       [1]    R3
0x0074       [1]    R4
0x0075       [1]    R5
0x0076       [1]    R6
0x0077       [1]    R7
0x0078       [1]    R8
0x0079       [1]    R9
0x007A       [1]    R10
0x007B       [1]    R11
0x007C       [1]    R12
0x007D       [1]    R13
0x007E       [1]    R14
0x007F       [1]    R15
0x0086       [0]    TRISB4_bit
0x0086       [0]    TRISB5_bit
0x0086       [0]    TRISB0_bit
0x0086       [0]    DHT11_PIN_Direction
0x0086       [0]    TRISB1_bit
0x0086       [1]    TRISB
0x0086       [0]    TRISB2_bit
0x008C       [0]    RCIE_bit
0x008C       [0]    TXIE_bit
0x0098       [1]    TXSTA
0x0099       [1]    SPBRG
