Added Component: Designator=C11(C-NP-0805)
Added Component: Designator=C12(C-NP-0805)
Added Component: Designator=C13(CAP_SMD_0805)
Added Component: Designator=C31(C-NP-0805)
Added Component: Designator=C33(C-NP-0805)
Added Component: Designator=D31(LED-0805 RED)
Added Component: Designator=D32(DO-41)
Added Component: Designator=D44(LED-0805 RED)
Added Component: Designator=IC1(DIP18/W0.3)
Added Component: Designator=IC2(DIP8/W0.3)
Added Component: Designator=LS42(SPEAKER)
Added Component: Designator=P1(Header 5)
Added Component: Designator=P21(RJ11)
Added Component: Designator=P41(Header 3)
Added Component: Designator=P42(Header 3)
Added Component: Designator=P?(Header 3)
Added Component: Designator=Q42(QTO-92)
Added Component: Designator=R13(DIEN TRO 0805)
Added Component: Designator=R21(DIEN TRO 0805)
Added Component: Designator=R22(DIEN TRO 0805)
Added Component: Designator=R23(DIEN TRO 0805)
Added Component: Designator=R31(DIEN TRO 0805)
Added Component: Designator=R43(DIEN TRO 0805)
Added Component: Designator=R44(DIEN TRO 0805)
Added Component: Designator=SW1(SW_Bapbenh)
Added Component: Designator=SW13(SW4)
Added Component: Designator=U42(DIP4/W0.3)
Added Component: Designator=UN3(QTO-220)
Added Component: Designator=X1(XT2)
Added Pin To Net: NetName=XT1 Pin=C11-1
Added Pin To Net: NetName=GND Pin=C11-2
Added Pin To Net: NetName=XT2 Pin=C12-1
Added Pin To Net: NetName=GND Pin=C12-2
Added Pin To Net: NetName=GND Pin=C13-1
Added Pin To Net: NetName=MCLR Pin=C13-2
Added Pin To Net: NetName=GND Pin=C31-1
Added Pin To Net: NetName=NetC31_2 Pin=C31-2
Added Pin To Net: NetName=GND Pin=C33-1
Added Pin To Net: NetName=VCC Pin=C33-2
Added Pin To Net: NetName=NetD31_1 Pin=D31-1
Added Pin To Net: NetName=GND Pin=D31-2
Added Pin To Net: NetName=NetD32_1 Pin=D32-1
Added Pin To Net: NetName=NetC31_2 Pin=D32-2
Added Pin To Net: NetName=GND Pin=D44-2
Added Pin To Net: NetName=MCLR Pin=IC1-4
Added Pin To Net: NetName=GND Pin=IC1-5
Added Pin To Net: NetName=DHT11 Pin=IC1-6
Added Pin To Net: NetName=RXD Pin=IC1-7
Added Pin To Net: NetName=TXD Pin=IC1-8
Added Pin To Net: NetName=SEC Pin=IC1-9
Added Pin To Net: NetName=GAS Pin=IC1-10
Added Pin To Net: NetName=SPEAKER Pin=IC1-11
Added Pin To Net: NetName=PGC Pin=IC1-12
Added Pin To Net: NetName=PGD Pin=IC1-13
Added Pin To Net: NetName=VCC Pin=IC1-14
Added Pin To Net: NetName=XT2 Pin=IC1-15
Added Pin To Net: NetName=XT1 Pin=IC1-16
Added Pin To Net: NetName=RXD Pin=IC2-1
Added Pin To Net: NetName=SEC Pin=IC2-2
Added Pin To Net: NetName=SEC Pin=IC2-3
Added Pin To Net: NetName=TXD Pin=IC2-4
Added Pin To Net: NetName=GND Pin=IC2-5
Added Pin To Net: NetName=A Pin=IC2-6
Added Pin To Net: NetName=B Pin=IC2-7
Added Pin To Net: NetName=VCC Pin=IC2-8
Added Pin To Net: NetName=MCLR Pin=P1-1
Added Pin To Net: NetName=VCC Pin=P1-2
Added Pin To Net: NetName=GND Pin=P1-3
Added Pin To Net: NetName=PGD Pin=P1-4
Added Pin To Net: NetName=PGC Pin=P1-5
Added Pin To Net: NetName=A Pin=P21-1
Added Pin To Net: NetName=B Pin=P21-2
Added Pin To Net: NetName=GND Pin=P21-3
Added Pin To Net: NetName=12V Pin=P21-4
Added Pin To Net: NetName=12V Pin=P21-5
Added Pin To Net: NetName=GND Pin=P21-6
Added Pin To Net: NetName=VCC Pin=P41-1
Added Pin To Net: NetName=GND Pin=P41-2
Added Pin To Net: NetName=DHT11 Pin=P41-3
Added Pin To Net: NetName=VCC Pin=P42-1
Added Pin To Net: NetName=GND Pin=P42-2
Added Pin To Net: NetName=GAS Pin=P42-3
Added Pin To Net: NetName=TXD Pin=P?-1
Added Pin To Net: NetName=SEC Pin=P?-2
Added Pin To Net: NetName=RXD Pin=P?-3
Added Pin To Net: NetName=GND Pin=Q42-1
Added Pin To Net: NetName=MCLR Pin=R13-1
Added Pin To Net: NetName=VCC Pin=R13-2
Added Pin To Net: NetName=A Pin=R21-1
Added Pin To Net: NetName=GND Pin=R21-2
Added Pin To Net: NetName=B Pin=R22-1
Added Pin To Net: NetName=A Pin=R22-2
Added Pin To Net: NetName=VCC Pin=R23-1
Added Pin To Net: NetName=B Pin=R23-2
Added Pin To Net: NetName=NetD31_1 Pin=R31-1
Added Pin To Net: NetName=VCC Pin=R31-2
Added Pin To Net: NetName=SPEAKER Pin=R44-2
Added Pin To Net: NetName=12V Pin=SW1-1
Added Pin To Net: NetName=NetD32_1 Pin=SW1-2
Added Pin To Net: NetName=GND Pin=SW13-1
Added Pin To Net: NetName=MCLR Pin=SW13-2
Added Pin To Net: NetName=GND Pin=SW13-3
Added Pin To Net: NetName=MCLR Pin=SW13-4
Added Pin To Net: NetName=NetC31_2 Pin=UN3-1
Added Pin To Net: NetName=GND Pin=UN3-2
Added Pin To Net: NetName=VCC Pin=UN3-3
Added Pin To Net: NetName=XT2 Pin=X1-1
Added Pin To Net: NetName=XT1 Pin=X1-2
Added Pin To Net: NetName=5V Pin=LS42-1
Added Pin To Net: NetName=5V Pin=U42-4
Added Net: Name=5V
Added Pin To Net: NetName=NetD44_1 Pin=D44-1
Added Pin To Net: NetName=NetD44_1 Pin=U42-2
Added Net: Name=NetD44_1
Added Pin To Net: NetName=NetLS42_2 Pin=LS42-2
Added Pin To Net: NetName=NetLS42_2 Pin=Q42-2
Added Net: Name=NetLS42_2
Added Pin To Net: NetName=NetQ42_3 Pin=Q42-3
Added Pin To Net: NetName=NetQ42_3 Pin=R43-2
Added Net: Name=NetQ42_3
Added Pin To Net: NetName=NetR43_1 Pin=R43-1
Added Pin To Net: NetName=NetR43_1 Pin=U42-3
Added Net: Name=NetR43_1
Added Pin To Net: NetName=NetR44_1 Pin=R44-1
Added Pin To Net: NetName=NetR44_1 Pin=U42-1
Added Net: Name=NetR44_1
Added Member To Class: ClassName=Slave_Sensor Member=Component C11 Cap Non-pol
Added Member To Class: ClassName=Slave_Sensor Member=Component C12 Cap Non-pol
Added Member To Class: ClassName=Slave_Sensor Member=Component C13 Capacitor Ceramic
Added Member To Class: ClassName=Slave_Sensor Member=Component C31 Cap Non-pol
Added Member To Class: ClassName=Slave_Sensor Member=Component C33 Cap Non-pol
Added Member To Class: ClassName=Slave_Sensor Member=Component D31 LED
Added Member To Class: ClassName=Slave_Sensor Member=Component D32 Diode 1N4007
Added Member To Class: ClassName=Slave_Sensor Member=Component D44 LED
Added Member To Class: ClassName=Slave_Sensor Member=Component IC1 PIC16F628A
Added Member To Class: ClassName=Slave_Sensor Member=Component IC2 MAX485
Added Member To Class: ClassName=Slave_Sensor Member=Component LS42 Speaker_1
Added Member To Class: ClassName=Slave_Sensor Member=Component P1 Header 5
Added Member To Class: ClassName=Slave_Sensor Member=Component P21 Header 8
Added Member To Class: ClassName=Slave_Sensor Member=Component P41 Header 3
Added Member To Class: ClassName=Slave_Sensor Member=Component P42 Header 3
Added Member To Class: ClassName=Slave_Sensor Member=Component P? Header 3
Added Member To Class: ClassName=Slave_Sensor Member=Component Q42 C1815
Added Member To Class: ClassName=Slave_Sensor Member=Component R13 RES_SMD_0805
Added Member To Class: ClassName=Slave_Sensor Member=Component R21 RES_SMD_0805
Added Member To Class: ClassName=Slave_Sensor Member=Component R22 RES_SMD_0805
Added Member To Class: ClassName=Slave_Sensor Member=Component R23 RES_SMD_0805
Added Member To Class: ClassName=Slave_Sensor Member=Component R31 RES_SMD_0805
Added Member To Class: ClassName=Slave_Sensor Member=Component R43 RES_SMD_0805
Added Member To Class: ClassName=Slave_Sensor Member=Component R44 RES_SMD_0805
Added Member To Class: ClassName=Slave_Sensor Member=Component SW1 SW_BapBenh
Added Member To Class: ClassName=Slave_Sensor Member=Component SW13 SW7
Added Member To Class: ClassName=Slave_Sensor Member=Component U42 TLP521-1
Added Member To Class: ClassName=Slave_Sensor Member=Component UN3 L78M05CP
Added Member To Class: ClassName=Slave_Sensor Member=Component X1 20Mhz
