Removed Pin From Net: NetName=AVDD Pin=ATMEGA328-7
Removed Pin From Net: NetName=A_GND Pin=ATMEGA328-8
Removed Pin From Net: NetName=RELAY Pin=ATMEGA328-13
Removed Pin From Net: NetName=CS Pin=ATMEGA328-16
Removed Pin From Net: NetName=DIN Pin=ATMEGA328-17
Removed Pin From Net: NetName=DOUT Pin=ATMEGA328-18
Removed Pin From Net: NetName=SCLK Pin=ATMEGA328-19
Removed Pin From Net: NetName=AVDD Pin=ATMEGA328-20
Removed Pin From Net: NetName=A_GND Pin=ATMEGA328-22
Removed Pin From Net: NetName=A_GND Pin=C31-1
Removed Pin From Net: NetName=12V Pin=C31-2
Removed Pin From Net: NetName=AVDD Pin=C32-1
Removed Pin From Net: NetName=A_GND Pin=C32-2
Removed Pin From Net: NetName=A_GND Pin=C33-1
Removed Pin From Net: NetName=AVDD Pin=C33-2
Removed Pin From Net: NetName=A_GND Pin=C61-1
Removed Pin From Net: NetName=AVDD Pin=C61-2
Removed Pin From Net: NetName=A_GND Pin=C62-2
Removed Pin From Net: NetName=A_GND Pin=C63-2
Removed Pin From Net: NetName=A_GND Pin=C71-1
Removed Pin From Net: NetName=A_GND Pin=C72-1
Removed Pin From Net: NetName=A_GND Pin=IC2-5
Removed Pin From Net: NetName=AVDD Pin=IC2-8
Removed Pin From Net: NetName=A_GND Pin=IC4-1
Removed Pin From Net: NetName=A_GND Pin=IC4-2
Removed Pin From Net: NetName=A_GND Pin=IC4-3
Removed Pin From Net: NetName=A_GND Pin=IC4-4
Removed Pin From Net: NetName=A_GND Pin=IC4-7
Removed Pin From Net: NetName=AVDD Pin=IC4-8
Removed Pin From Net: NetName=AVDD Pin=P11-1
Removed Pin From Net: NetName=AVDD Pin=P11-2
Removed Pin From Net: NetName=AVDD Pin=P11-3
Removed Pin From Net: NetName=V1P Pin=P11-4
Removed Pin From Net: NetName=V1N Pin=P11-5
Removed Pin From Net: NetName=V2N Pin=P11-6
Removed Pin From Net: NetName=V2P Pin=P11-7
Removed Pin From Net: NetName=A_GND Pin=P11-8
Removed Pin From Net: NetName=REF Pin=P11-9
Removed Pin From Net: NetName=A_GND Pin=P11-10
Removed Pin From Net: NetName=DIN Pin=P12-1
Removed Pin From Net: NetName=DOUT Pin=P12-2
Removed Pin From Net: NetName=SCLK Pin=P12-3
Removed Pin From Net: NetName=CS Pin=P12-4
Removed Pin From Net: NetName=CLKOUT Pin=P12-5
Removed Pin From Net: NetName=CLKIN Pin=P12-6
Removed Pin From Net: NetName=AVDD Pin=P13-1
Removed Pin From Net: NetName=A_GND Pin=P13-2
Removed Pin From Net: NetName=DIN Pin=P13-3
Removed Pin From Net: NetName=DOUT Pin=P13-4
Removed Pin From Net: NetName=SCLK Pin=P13-5
Removed Pin From Net: NetName=CS Pin=P13-6
Removed Pin From Net: NetName=A_GND Pin=P21-3
Removed Pin From Net: NetName=12V Pin=P21-4
Removed Pin From Net: NetName=12V Pin=P21-5
Removed Pin From Net: NetName=A_GND Pin=P21-6
Removed Pin From Net: NetName=A_GND Pin=P22-3
Removed Pin From Net: NetName=12V Pin=P22-4
Removed Pin From Net: NetName=12V Pin=P22-5
Removed Pin From Net: NetName=A_GND Pin=P22-6
Removed Pin From Net: NetName=A_GND Pin=R21-2
Removed Pin From Net: NetName=AVDD Pin=R23-1
Removed Pin From Net: NetName=AVDD Pin=R71-2
Removed Pin From Net: NetName=AVDD Pin=R72-2
Removed Pin From Net: NetName=A_GND Pin=SW71-1
Removed Pin From Net: NetName=A_GND Pin=SW71-3
Removed Pin From Net: NetName=A_GND Pin=SW72-1
Removed Pin From Net: NetName=A_GND Pin=SW72-3
Removed Pin From Net: NetName=12V Pin=UN3-1
Removed Pin From Net: NetName=A_GND Pin=UN3-2
Removed Pin From Net: NetName=AVDD Pin=UN3-3
Removed Member From Class: ClassName=Slave_ver1 Member=ATMEGA328
Removed Member From Class: ClassName=Slave_ver1 Member=C31
Removed Member From Class: ClassName=Slave_ver1 Member=C32
Removed Member From Class: ClassName=Slave_ver1 Member=C33
Removed Member From Class: ClassName=Slave_ver1 Member=C61
Removed Member From Class: ClassName=Slave_ver1 Member=C62
Removed Member From Class: ClassName=Slave_ver1 Member=C63
Removed Member From Class: ClassName=Slave_ver1 Member=C71
Removed Member From Class: ClassName=Slave_ver1 Member=C72
Removed Member From Class: ClassName=Slave_ver1 Member=IC2
Removed Member From Class: ClassName=Slave_ver1 Member=IC4
Removed Member From Class: ClassName=Slave_ver1 Member=P11
Removed Member From Class: ClassName=Slave_ver1 Member=P12
Removed Member From Class: ClassName=Slave_ver1 Member=P13
Removed Member From Class: ClassName=Slave_ver1 Member=P21
Removed Member From Class: ClassName=Slave_ver1 Member=P22
Removed Member From Class: ClassName=Slave_ver1 Member=P61
Removed Member From Class: ClassName=Slave_ver1 Member=R21
Removed Member From Class: ClassName=Slave_ver1 Member=R22
Removed Member From Class: ClassName=Slave_ver1 Member=R23
Removed Member From Class: ClassName=Slave_ver1 Member=R71
Removed Member From Class: ClassName=Slave_ver1 Member=R72
Removed Member From Class: ClassName=Slave_ver1 Member=SW71
Removed Member From Class: ClassName=Slave_ver1 Member=SW72
Removed Member From Class: ClassName=Slave_ver1 Member=UN3
Removed Member From Class: ClassName=Slave_ver1 Member=X6
Change Component Footprint: Designator=IC1 Old Footprint=SSOP-20 New Footprint=ADE7753_Header
Added Component: Designator=P?(Header 7)
Added Pin To Net: NetName=AVDD Pin=P?-1
Added Pin To Net: NetName=A_GND Pin=P?-2
Added Pin To Net: NetName=DIN Pin=P?-3
Added Pin To Net: NetName=DOUT Pin=P?-4
Added Pin To Net: NetName=SCLK Pin=P?-5
Added Pin To Net: NetName=CS Pin=P?-6
Added Pin To Net: NetName=RELAY Pin=P?-7
Added Member To Class: ClassName=Slave_ver1 Member=Component P? Header 7
