Removed Pin From Net: NetName=A_GND Pin=BU1-4
Removed Pin From Net: NetName=A_GND Pin=C11-1
Removed Pin From Net: NetName=A_GND Pin=C12-1
Removed Pin From Net: NetName=A_GND Pin=C13-1
Removed Pin From Net: NetName=A_GND Pin=C14-1
Removed Pin From Net: NetName=A_GND Pin=C15-2
Removed Pin From Net: NetName=A_GND Pin=C16-1
Removed Pin From Net: NetName=A_GND Pin=C17-2
Removed Pin From Net: NetName=A_GND Pin=C18-1
Removed Pin From Net: NetName=A_GND Pin=C19-2
Removed Pin From Net: NetName=A_GND Pin=C110-1
Removed Pin From Net: NetName=A_GND Pin=C111-1
Removed Pin From Net: NetName=A_GND Pin=C112-1
Removed Pin From Net: NetName=A_GND Pin=CT1-4
Removed Pin From Net: NetName=A_GND Pin=IC1-8
Removed Pin From Net: NetName=A_GND Pin=P11-8
Removed Pin From Net: NetName=A_GND Pin=P11-10
Removed Pin From Net: NetName=A_GND Pin=R12-1
Removed Pin From Net: NetName=A_GND Pin=R13-2
Removed Pin From Net: NetName=A_GND Pin=R14-1
Removed Pin From Net: NetName=A_GND Pin=R17-1
Change Net Name : Old Net Name=A_GND New Net Name=GND
Added Pin To Net: NetName=A_GND Pin=BU1-4
Added Pin To Net: NetName=A_GND Pin=C11-1
Added Pin To Net: NetName=A_GND Pin=C12-1
Added Pin To Net: NetName=A_GND Pin=C13-1
Added Pin To Net: NetName=A_GND Pin=C14-1
Added Pin To Net: NetName=A_GND Pin=C15-2
Added Pin To Net: NetName=A_GND Pin=C16-1
Added Pin To Net: NetName=A_GND Pin=C17-2
Added Pin To Net: NetName=A_GND Pin=C18-1
Added Pin To Net: NetName=A_GND Pin=C19-2
Added Pin To Net: NetName=A_GND Pin=C110-1
Added Pin To Net: NetName=A_GND Pin=C111-1
Added Pin To Net: NetName=A_GND Pin=C112-1
Added Pin To Net: NetName=A_GND Pin=CT1-4
Added Pin To Net: NetName=A_GND Pin=IC1-8
Added Pin To Net: NetName=A_GND Pin=P11-8
Added Pin To Net: NetName=A_GND Pin=P11-10
Added Pin To Net: NetName=A_GND Pin=R12-1
Added Pin To Net: NetName=A_GND Pin=R13-2
Added Pin To Net: NetName=A_GND Pin=R14-1
Added Pin To Net: NetName=A_GND Pin=R17-1
Added Net: Name=A_GND
