;  LST file generated by mikroListExporter - v.2.0 
; Date/Time: 9/24/2017 1:36:02 AM
;----------------------------------------------

;Address Opcode 	ASM
0x0000	0x29EA      	GOTO       490
_interrupt:
0x0004	0x00FF      	MOVWF      R15
0x0005	0x0E03      	SWAPF      STATUS, 0
0x0006	0x0183      	CLRF       STATUS
0x0007	0x00DD      	MOVWF      ___saveSTATUS
0x0008	0x080A      	MOVF       PCLATH, 0
0x0009	0x00DC      	MOVWF      ___savePCLATH
0x000A	0x018A      	CLRF       PCLATH
0x000B	0x0870      	MOVF       R0, 0
0x000C	0x00A1      	MOVWF      33
0x000D	0x0871      	MOVF       R1, 0
0x000E	0x00A0      	MOVWF      32
0x000F	0x0804      	MOVF       FSR, 0
0x0010	0x00A2      	MOVWF      34
;Slave_CA3.c,37 :: 		void interrupt()
;Slave_CA3.c,39 :: 		if(PIR1.RCIF)
0x0011	0x1E8C      	BTFSS      PIR1, 5
0x0012	0x2846      	GOTO       L_interrupt0
;Slave_CA3.c,41 :: 		while(uart1_data_ready()==0);
L_interrupt1:
0x0013	0x21BE      	CALL       _UART1_Data_Ready
0x0014	0x0870      	MOVF       R0, 0
0x0015	0x3A00      	XORLW      0
0x0016	0x1D03      	BTFSS      STATUS, 2
0x0017	0x2819      	GOTO       L_interrupt2
0x0018	0x2813      	GOTO       L_interrupt1
L_interrupt2:
;Slave_CA3.c,42 :: 		if(uart1_data_ready()==1)
0x0019	0x21BE      	CALL       _UART1_Data_Ready
0x001A	0x0870      	MOVF       R0, 0
0x001B	0x3A01      	XORLW      1
0x001C	0x1D03      	BTFSS      STATUS, 2
0x001D	0x2846      	GOTO       L_interrupt3
;Slave_CA3.c,44 :: 		tempReceiveData = UART1_Read();
0x001E	0x21C5      	CALL       _UART1_Read
0x001F	0x0870      	MOVF       R0, 0
0x0020	0x00B7      	MOVWF      _tempReceiveData
;Slave_CA3.c,45 :: 		if(tempReceiveData == 'S')
0x0021	0x0870      	MOVF       R0, 0
0x0022	0x3A53      	XORLW      83
0x0023	0x1D03      	BTFSS      STATUS, 2
0x0024	0x282C      	GOTO       L_interrupt4
;Slave_CA3.c,47 :: 		count=0;
0x0025	0x01A3      	CLRF       _count
;Slave_CA3.c,48 :: 		receiveData[count] = tempReceiveData;
0x0026	0x0823      	MOVF       _count, 0
0x0027	0x3E44      	ADDLW      _receiveData
0x0028	0x0084      	MOVWF      FSR
0x0029	0x0837      	MOVF       _tempReceiveData, 0
0x002A	0x0080      	MOVWF      INDF
;Slave_CA3.c,49 :: 		count++;
0x002B	0x0AA3      	INCF       _count, 1
;Slave_CA3.c,50 :: 		}
L_interrupt4:
;Slave_CA3.c,51 :: 		if(tempReceiveData !='S' && tempReceiveData !='E')
0x002C	0x0837      	MOVF       _tempReceiveData, 0
0x002D	0x3A53      	XORLW      83
0x002E	0x1903      	BTFSC      STATUS, 2
0x002F	0x283A      	GOTO       L_interrupt7
0x0030	0x0837      	MOVF       _tempReceiveData, 0
0x0031	0x3A45      	XORLW      69
0x0032	0x1903      	BTFSC      STATUS, 2
0x0033	0x283A      	GOTO       L_interrupt7
L__interrupt56:
;Slave_CA3.c,53 :: 		receiveData[count] = tempReceiveData;
0x0034	0x0823      	MOVF       _count, 0
0x0035	0x3E44      	ADDLW      _receiveData
0x0036	0x0084      	MOVWF      FSR
0x0037	0x0837      	MOVF       _tempReceiveData, 0
0x0038	0x0080      	MOVWF      INDF
;Slave_CA3.c,54 :: 		count++;
0x0039	0x0AA3      	INCF       _count, 1
;Slave_CA3.c,55 :: 		}
L_interrupt7:
;Slave_CA3.c,56 :: 		if(tempReceiveData == 'E')
0x003A	0x0837      	MOVF       _tempReceiveData, 0
0x003B	0x3A45      	XORLW      69
0x003C	0x1D03      	BTFSS      STATUS, 2
0x003D	0x2846      	GOTO       L_interrupt8
;Slave_CA3.c,58 :: 		receiveData[count] = tempReceiveData;
0x003E	0x0823      	MOVF       _count, 0
0x003F	0x3E44      	ADDLW      _receiveData
0x0040	0x0084      	MOVWF      FSR
0x0041	0x0837      	MOVF       _tempReceiveData, 0
0x0042	0x0080      	MOVWF      INDF
;Slave_CA3.c,59 :: 		count=0;
0x0043	0x01A3      	CLRF       _count
;Slave_CA3.c,60 :: 		flagReceivedAllData = 1;
0x0044	0x3001      	MOVLW      1
0x0045	0x00AA      	MOVWF      _flagReceivedAllData
;Slave_CA3.c,61 :: 		}
L_interrupt8:
;Slave_CA3.c,62 :: 		}
L_interrupt3:
;Slave_CA3.c,63 :: 		}
L_interrupt0:
;Slave_CA3.c,64 :: 		}
L_end_interrupt:
L__interrupt65:
0x0046	0x0821      	MOVF       33, 0
0x0047	0x00F0      	MOVWF      R0
0x0048	0x0820      	MOVF       32, 0
0x0049	0x00F1      	MOVWF      R1
0x004A	0x0822      	MOVF       34, 0
0x004B	0x0084      	MOVWF      FSR
0x004C	0x085C      	MOVF       ___savePCLATH, 0
0x004D	0x008A      	MOVWF      PCLATH
0x004E	0x0E5D      	SWAPF      ___saveSTATUS, 0
0x004F	0x0083      	MOVWF      STATUS
0x0050	0x0EFF      	SWAPF      R15, 1
0x0051	0x0E7F      	SWAPF      R15, 0
0x0052	0x0009      	RETFIE
; end of _interrupt
_Div_16x16_S_L:
;__Lib_Math.c,420 :: 		
;__Lib_Math.c,426 :: 		
0x0053	0x0D71      	RLF        R1, 0
;__Lib_Math.c,427 :: 		
0x0054	0x0DF8      	RLF        R8, 1
;__Lib_Math.c,428 :: 		
0x0055	0x0DF9      	RLF        R9, 1
;__Lib_Math.c,429 :: 		
0x0056	0x0874      	MOVF       R4, 0
;__Lib_Math.c,430 :: 		
0x0057	0x02F8      	SUBWF      R8, 1
;__Lib_Math.c,431 :: 		
0x0058	0x0875      	MOVF       R5, 0
;__Lib_Math.c,432 :: 		
0x0059	0x1C03      	BTFSS      STATUS, 0
;__Lib_Math.c,433 :: 		
0x005A	0x0F75      	INCFSZ     R5, 0
;__Lib_Math.c,434 :: 		
0x005B	0x02F9      	SUBWF      R9, 1
;__Lib_Math.c,435 :: 		
0x005C	0x0DF0      	RLF        R0, 1
;__Lib_Math.c,436 :: 		
0x005D	0x0DF1      	RLF        R1, 1
;__Lib_Math.c,438 :: 		
0x005E	0x300F      	MOVLW      15
;__Lib_Math.c,439 :: 		
0x005F	0x00FC      	MOVWF      R12
;__Lib_Math.c,441 :: 		
0x0060	0x0D71      	RLF        R1, 0
;__Lib_Math.c,442 :: 		
0x0061	0x0DF8      	RLF        R8, 1
;__Lib_Math.c,443 :: 		
0x0062	0x0DF9      	RLF        R9, 1
;__Lib_Math.c,444 :: 		
0x0063	0x0874      	MOVF       R4, 0
;__Lib_Math.c,446 :: 		
0x0064	0x1C70      	BTFSS      R0, 0
;__Lib_Math.c,447 :: 		
0x0065	0x286C      	GOTO       $+7
;__Lib_Math.c,448 :: 		
0x0066	0x02F8      	SUBWF      R8, 1
;__Lib_Math.c,449 :: 		
0x0067	0x0875      	MOVF       R5, 0
;__Lib_Math.c,450 :: 		
0x0068	0x1C03      	BTFSS      STATUS, 0
;__Lib_Math.c,451 :: 		
0x0069	0x0F75      	INCFSZ     R5, 0
;__Lib_Math.c,452 :: 		
0x006A	0x02F9      	SUBWF      R9, 1
;__Lib_Math.c,453 :: 		
0x006B	0x2871      	GOTO       $+6
;__Lib_Math.c,455 :: 		
0x006C	0x07F8      	ADDWF      R8, 1
;__Lib_Math.c,456 :: 		
0x006D	0x0875      	MOVF       R5, 0
;__Lib_Math.c,457 :: 		
0x006E	0x1803      	BTFSC      STATUS, 0
;__Lib_Math.c,458 :: 		
0x006F	0x0F75      	INCFSZ     R5, 0
;__Lib_Math.c,459 :: 		
0x0070	0x07F9      	ADDWF      R9, 1
;__Lib_Math.c,461 :: 		
0x0071	0x0DF0      	RLF        R0, 1
;__Lib_Math.c,462 :: 		
0x0072	0x0DF1      	RLF        R1, 1
;__Lib_Math.c,464 :: 		
0x0073	0x0BFC      	DECFSZ     R12, 1
;__Lib_Math.c,465 :: 		
0x0074	0x2860      	GOTO       $-20
;__Lib_Math.c,467 :: 		
0x0075	0x1870      	BTFSC      R0, 0
;__Lib_Math.c,468 :: 		
0x0076	0x287D      	GOTO       $+7
;__Lib_Math.c,469 :: 		
0x0077	0x0874      	MOVF       R4, 0
;__Lib_Math.c,470 :: 		
0x0078	0x07F8      	ADDWF      R8, 1
;__Lib_Math.c,471 :: 		
0x0079	0x0875      	MOVF       R5, 0
;__Lib_Math.c,472 :: 		
0x007A	0x1803      	BTFSC      STATUS, 0
;__Lib_Math.c,473 :: 		
0x007B	0x0F75      	INCFSZ     R5, 0
;__Lib_Math.c,474 :: 		
0x007C	0x07F9      	ADDWF      R9, 1
;__Lib_Math.c,475 :: 		
0x007D	0x0000      	NOP
;__Lib_Math.c,477 :: 		
L_end_Div_16x16_S_L:
0x007E	0x0008      	RETURN
; end of _Div_16x16_S_L
_Div_16x16_S:
;__Lib_Math.c,479 :: 		
;__Lib_Math.c,487 :: 		
0x007F	0x1283      	BCF        STATUS, 5
0x0080	0x1303      	BCF        STATUS, 6
0x0081	0x0874      	MOVF       R4, 0
0x0082	0x3A00      	XORLW      0
0x0083	0x1D03      	BTFSS      STATUS, 2
0x0084	0x288E      	GOTO       L_Div_16x16_S0
;__Lib_Math.c,488 :: 		
0x0085	0x0875      	MOVF       R5, 0
0x0086	0x3A00      	XORLW      0
0x0087	0x1D03      	BTFSS      STATUS, 2
0x0088	0x288E      	GOTO       L_Div_16x16_S1
;__Lib_Math.c,489 :: 		
0x0089	0x30FF      	MOVLW      255
0x008A	0x00F0      	MOVWF      R0
;__Lib_Math.c,490 :: 		
0x008B	0x307F      	MOVLW      127
0x008C	0x00F1      	MOVWF      R1
;__Lib_Math.c,491 :: 		
0x008D	0x28E7      	GOTO       L_end_Div_16x16_S
;__Lib_Math.c,492 :: 		
L_Div_16x16_S1:
L_Div_16x16_S0:
;__Lib_Math.c,495 :: 		
0x008E	0x1283      	BCF        STATUS, 5
;__Lib_Math.c,496 :: 		
0x008F	0x1303      	BCF        STATUS, 6
;__Lib_Math.c,497 :: 		
0x0090	0x01FD      	CLRF       R13
;__Lib_Math.c,498 :: 		
0x0091	0x01F9      	CLRF       R9
;__Lib_Math.c,499 :: 		
0x0092	0x01F8      	CLRF       R8
;__Lib_Math.c,500 :: 		
0x0093	0x0871      	MOVF       R1, 0
;__Lib_Math.c,501 :: 		
0x0094	0x0470      	IORWF      R0, 0
;__Lib_Math.c,502 :: 		
0x0095	0x1903      	BTFSC      STATUS, 2
;__Lib_Math.c,503 :: 		
0x0096	0x3400      	RETLW      0
;__Lib_Math.c,505 :: 		
0x0097	0x0871      	MOVF       R1, 0
;__Lib_Math.c,506 :: 		
0x0098	0x0675      	XORWF      R5, 0
;__Lib_Math.c,507 :: 		
0x0099	0x00FA      	MOVWF      R10
;__Lib_Math.c,508 :: 		
0x009A	0x1BFA      	BTFSC      R10, 7
;__Lib_Math.c,509 :: 		
0x009B	0x09FD      	COMF       R13, 1
;__Lib_Math.c,511 :: 		
0x009C	0x01FB      	CLRF       R11
;__Lib_Math.c,513 :: 		
0x009D	0x1FF5      	BTFSS      R5, 7
;__Lib_Math.c,514 :: 		
0x009E	0x28A4      	GOTO       $+6
;__Lib_Math.c,516 :: 		
0x009F	0x09F4      	COMF       R4, 1
;__Lib_Math.c,517 :: 		
0x00A0	0x09F5      	COMF       R5, 1
;__Lib_Math.c,518 :: 		
0x00A1	0x0AF4      	INCF       R4, 1
;__Lib_Math.c,519 :: 		
0x00A2	0x1903      	BTFSC      STATUS, 2
;__Lib_Math.c,520 :: 		
0x00A3	0x0AF5      	INCF       R5, 1
;__Lib_Math.c,522 :: 		
0x00A4	0x1FF1      	BTFSS      R1, 7
;__Lib_Math.c,523 :: 		
0x00A5	0x28AB      	GOTO       $+6
;__Lib_Math.c,525 :: 		
0x00A6	0x09F0      	COMF       R0, 1
;__Lib_Math.c,526 :: 		
0x00A7	0x09F1      	COMF       R1, 1
;__Lib_Math.c,527 :: 		
0x00A8	0x0AF0      	INCF       R0, 1
;__Lib_Math.c,528 :: 		
0x00A9	0x1903      	BTFSC      STATUS, 2
;__Lib_Math.c,529 :: 		
0x00AA	0x0AF1      	INCF       R1, 1
;__Lib_Math.c,531 :: 		
0x00AB	0x0871      	MOVF       R1, 0
;__Lib_Math.c,532 :: 		
0x00AC	0x0475      	IORWF      R5, 0
;__Lib_Math.c,533 :: 		
0x00AD	0x00FA      	MOVWF      R10
;__Lib_Math.c,534 :: 		
0x00AE	0x1BFA      	BTFSC      R10, 7
;__Lib_Math.c,535 :: 		
0x00AF	0x28C0      	GOTO       $+17
;__Lib_Math.c,537 :: 		
0x00B0	0x2053      	CALL       _Div_16x16_S_L
;__Lib_Math.c,539 :: 		
0x00B1	0x187B      	BTFSC      R11, 0
;__Lib_Math.c,540 :: 		
0x00B2	0x28D3      	GOTO       $+33
;__Lib_Math.c,542 :: 		
0x00B3	0x1FFD      	BTFSS      R13, 7
;__Lib_Math.c,543 :: 		
0x00B4	0x3400      	RETLW      0
;__Lib_Math.c,545 :: 		
0x00B5	0x09F0      	COMF       R0, 1
;__Lib_Math.c,546 :: 		
0x00B6	0x09F1      	COMF       R1, 1
;__Lib_Math.c,547 :: 		
0x00B7	0x0AF0      	INCF       R0, 1
;__Lib_Math.c,548 :: 		
0x00B8	0x1903      	BTFSC      STATUS, 2
;__Lib_Math.c,549 :: 		
0x00B9	0x0AF1      	INCF       R1, 1
;__Lib_Math.c,551 :: 		
0x00BA	0x09F8      	COMF       R8, 1
;__Lib_Math.c,552 :: 		
0x00BB	0x09F9      	COMF       R9, 1
;__Lib_Math.c,553 :: 		
0x00BC	0x0AF8      	INCF       R8, 1
;__Lib_Math.c,554 :: 		
0x00BD	0x1903      	BTFSC      STATUS, 2
;__Lib_Math.c,555 :: 		
0x00BE	0x0AF9      	INCF       R9, 1
;__Lib_Math.c,557 :: 		
0x00BF	0x3400      	RETLW      0
;__Lib_Math.c,559 :: 		
0x00C0	0x1FF5      	BTFSS      R5, 7
;__Lib_Math.c,560 :: 		
0x00C1	0x28CF      	GOTO       $+14
;__Lib_Math.c,561 :: 		
0x00C2	0x1BF1      	BTFSC      R1, 7
;__Lib_Math.c,562 :: 		
0x00C3	0x28CB      	GOTO       $+8
;__Lib_Math.c,563 :: 		
0x00C4	0x0871      	MOVF       R1, 0
;__Lib_Math.c,564 :: 		
0x00C5	0x00F9      	MOVWF      R9
;__Lib_Math.c,565 :: 		
0x00C6	0x0870      	MOVF       R0, 0
;__Lib_Math.c,566 :: 		
0x00C7	0x00F8      	MOVWF      R8
;__Lib_Math.c,567 :: 		
0x00C8	0x01F1      	CLRF       R1
;__Lib_Math.c,568 :: 		
0x00C9	0x01F0      	CLRF       R0
;__Lib_Math.c,569 :: 		
0x00CA	0x28B3      	GOTO       $-23
;__Lib_Math.c,570 :: 		
0x00CB	0x01F1      	CLRF       R1
;__Lib_Math.c,571 :: 		
0x00CC	0x01F0      	CLRF       R0
;__Lib_Math.c,572 :: 		
0x00CD	0x0AF0      	INCF       R0, 1
;__Lib_Math.c,573 :: 		
0x00CE	0x3400      	RETLW      0
;__Lib_Math.c,575 :: 		
0x00CF	0x09F1      	COMF       R1, 1
;__Lib_Math.c,576 :: 		
0x00D0	0x09F0      	COMF       R0, 1
;__Lib_Math.c,577 :: 		
0x00D1	0x0AFB      	INCF       R11, 1
;__Lib_Math.c,578 :: 		
0x00D2	0x28B0      	GOTO       $-34
;__Lib_Math.c,580 :: 		
0x00D3	0x0AF8      	INCF       R8, 1
;__Lib_Math.c,581 :: 		
0x00D4	0x1903      	BTFSC      STATUS, 2
;__Lib_Math.c,582 :: 		
0x00D5	0x0AF9      	INCF       R9, 1
;__Lib_Math.c,583 :: 		
0x00D6	0x0874      	MOVF       R4, 0
;__Lib_Math.c,584 :: 		
0x00D7	0x0278      	SUBWF      R8, 0
;__Lib_Math.c,585 :: 		
0x00D8	0x1D03      	BTFSS      STATUS, 2
;__Lib_Math.c,586 :: 		
0x00D9	0x28B3      	GOTO       $-38
;__Lib_Math.c,587 :: 		
0x00DA	0x0875      	MOVF       R5, 0
;__Lib_Math.c,588 :: 		
0x00DB	0x0279      	SUBWF      R9, 0
;__Lib_Math.c,589 :: 		
0x00DC	0x1D03      	BTFSS      STATUS, 2
;__Lib_Math.c,590 :: 		
0x00DD	0x28B3      	GOTO       $-42
;__Lib_Math.c,591 :: 		
0x00DE	0x01F9      	CLRF       R9
;__Lib_Math.c,592 :: 		
0x00DF	0x01F8      	CLRF       R8
;__Lib_Math.c,593 :: 		
0x00E0	0x0AF0      	INCF       R0, 1
;__Lib_Math.c,594 :: 		
0x00E1	0x1903      	BTFSC      STATUS, 2
;__Lib_Math.c,595 :: 		
0x00E2	0x0AF1      	INCF       R1, 1
;__Lib_Math.c,596 :: 		
0x00E3	0x1FF1      	BTFSS      R1, 7
;__Lib_Math.c,597 :: 		
0x00E4	0x28B3      	GOTO       $-49
;__Lib_Math.c,598 :: 		
0x00E5	0x0000      	NOP
;__Lib_Math.c,599 :: 		
0x00E6	0x34FF      	RETLW      255
;__Lib_Math.c,601 :: 		
L_end_Div_16x16_S:
0x00E7	0x0008      	RETURN
; end of _Div_16x16_S
_Delay_500us:
;__Lib_Delays.c,27 :: 		void Delay_500us() {
;__Lib_Delays.c,28 :: 		Delay_us(498);
0x00E8	0x3004      	MOVLW      4
0x00E9	0x1283      	BCF        STATUS, 5
0x00EA	0x1303      	BCF        STATUS, 6
0x00EB	0x00FC      	MOVWF      R12
0x00EC	0x303A      	MOVLW      58
0x00ED	0x00FD      	MOVWF      R13
L_Delay_500us4:
0x00EE	0x0BFD      	DECFSZ     R13, 1
0x00EF	0x28EE      	GOTO       L_Delay_500us4
0x00F0	0x0BFC      	DECFSZ     R12, 1
0x00F1	0x28EE      	GOTO       L_Delay_500us4
0x00F2	0x0000      	NOP
;__Lib_Delays.c,29 :: 		}
L_end_Delay_500us:
0x00F3	0x0008      	RETURN
; end of _Delay_500us
_UART1_Write:
;__Lib_UART_b21.c,37 :: 		
;__Lib_UART_b21.c,38 :: 		
L_UART1_Write3:
0x00F4	0x1683      	BSF        STATUS, 5
0x00F5	0x1303      	BCF        STATUS, 6
0x00F6	0x1898      	BTFSC      TXSTA, 1
0x00F7	0x28FA      	GOTO       L_UART1_Write4
;__Lib_UART_b21.c,39 :: 		
0x00F8	0x0000      	NOP
0x00F9	0x28F4      	GOTO       L_UART1_Write3
L_UART1_Write4:
;__Lib_UART_b21.c,40 :: 		
0x00FA	0x1283      	BCF        STATUS, 5
0x00FB	0x0864      	MOVF       FARG_UART1_Write_data_, 0
0x00FC	0x0099      	MOVWF      TXREG
;__Lib_UART_b21.c,41 :: 		
L_end_UART1_Write:
0x00FD	0x0008      	RETURN
; end of _UART1_Write
_____DoICP:
;__Lib_System.c,6 :: 		
;__Lib_System.c,9 :: 		
0x00FE	0x1283      	BCF        STATUS, 5
0x00FF	0x1303      	BCF        STATUS, 6
0x0100	0x0839      	MOVF       ___DoICPAddr+1, 0
0x0101	0x008A      	MOVWF      PCLATH
;__Lib_System.c,10 :: 		
0x0102	0x0838      	MOVF       ___DoICPAddr, 0
0x0103	0x0082      	MOVWF      PCL
;__Lib_System.c,12 :: 		
L_end_____DoICP:
0x0104	0x0008      	RETURN
; end of _____DoICP
_UART1_Tx_Idle:
;__Lib_UART_b21.c,32 :: 		
;__Lib_UART_b21.c,33 :: 		
0x0105	0x3000      	MOVLW      0
0x0106	0x1683      	BSF        STATUS, 5
0x0107	0x1303      	BCF        STATUS, 6
0x0108	0x1898      	BTFSC      TXSTA, 1
0x0109	0x3001      	MOVLW      1
0x010A	0x00F0      	MOVWF      R0
;__Lib_UART_b21.c,34 :: 		
L_end_UART1_Tx_Idle:
0x010B	0x0008      	RETURN
; end of _UART1_Tx_Idle
_Button:
;__Lib_Button.c,6 :: 		
;__Lib_Button.c,8 :: 		
0x010C	0x1283      	BCF        STATUS, 5
0x010D	0x1303      	BCF        STATUS, 6
0x010E	0x01E3      	CLRF       Button_rslt_L0
;__Lib_Button.c,11 :: 		
0x010F	0x085F      	MOVF       FARG_Button_pin, 0
0x0110	0x00F1      	MOVWF      R1
0x0111	0x3001      	MOVLW      1
0x0112	0x00F0      	MOVWF      R0
0x0113	0x0871      	MOVF       R1, 0
L__Button5:
0x0114	0x1903      	BTFSC      STATUS, 2
0x0115	0x291A      	GOTO       L__Button6
0x0116	0x0DF0      	RLF        R0, 1
0x0117	0x1070      	BCF        R0, 0
0x0118	0x3EFF      	ADDLW      255
0x0119	0x2914      	GOTO       L__Button5
L__Button6:
0x011A	0x0870      	MOVF       R0, 0
0x011B	0x00E2      	MOVWF      Button_pMask_L0
;__Lib_Button.c,13 :: 		
0x011C	0x085E      	MOVF       FARG_Button_port, 0
0x011D	0x0084      	MOVWF      FSR
0x011E	0x0870      	MOVF       R0, 0
0x011F	0x0500      	ANDWF      INDF, 0
0x0120	0x00F1      	MOVWF      R1
0x0121	0x0871      	MOVF       R1, 0
0x0122	0x3001      	MOVLW      1
0x0123	0x1D03      	BTFSS      STATUS, 2
0x0124	0x3000      	MOVLW      0
0x0125	0x00F0      	MOVWF      R0
0x0126	0x0861      	MOVF       FARG_Button_active_state, 0
0x0127	0x06F0      	XORWF      R0, 1
0x0128	0x1903      	BTFSC      STATUS, 2
0x0129	0x2942      	GOTO       L_Button0
;__Lib_Button.c,15 :: 		
L_Button1:
0x012A	0x0860      	MOVF       FARG_Button_time_ms, 0
0x012B	0x3C00      	SUBLW      0
0x012C	0x1803      	BTFSC      STATUS, 0
0x012D	0x2932      	GOTO       L_Button2
;__Lib_Button.c,16 :: 		
0x012E	0x20E8      	CALL       _Delay_500us
;__Lib_Button.c,17 :: 		
0x012F	0x20E8      	CALL       _Delay_500us
;__Lib_Button.c,18 :: 		
0x0130	0x03E0      	DECF       FARG_Button_time_ms, 1
;__Lib_Button.c,19 :: 		
0x0131	0x292A      	GOTO       L_Button1
L_Button2:
;__Lib_Button.c,21 :: 		
0x0132	0x085E      	MOVF       FARG_Button_port, 0
0x0133	0x0084      	MOVWF      FSR
0x0134	0x0862      	MOVF       Button_pMask_L0, 0
0x0135	0x0500      	ANDWF      INDF, 0
0x0136	0x00F1      	MOVWF      R1
0x0137	0x0871      	MOVF       R1, 0
0x0138	0x3001      	MOVLW      1
0x0139	0x1D03      	BTFSS      STATUS, 2
0x013A	0x3000      	MOVLW      0
0x013B	0x00F0      	MOVWF      R0
0x013C	0x0861      	MOVF       FARG_Button_active_state, 0
0x013D	0x06F0      	XORWF      R0, 1
0x013E	0x1903      	BTFSC      STATUS, 2
0x013F	0x2942      	GOTO       L_Button3
;__Lib_Button.c,22 :: 		
0x0140	0x30FF      	MOVLW      255
0x0141	0x00E3      	MOVWF      Button_rslt_L0
L_Button3:
;__Lib_Button.c,23 :: 		
L_Button0:
;__Lib_Button.c,25 :: 		
0x0142	0x0863      	MOVF       Button_rslt_L0, 0
0x0143	0x00F0      	MOVWF      R0
;__Lib_Button.c,26 :: 		
L_end_Button:
0x0144	0x0008      	RETURN
; end of _Button
_EEPROM_Write:
;__Lib_EEPROM.c,16 :: 		
;__Lib_EEPROM.c,20 :: 		
L_EEPROM_Write0:
0x0145	0x1683      	BSF        STATUS, 5
0x0146	0x1303      	BCF        STATUS, 6
0x0147	0x1C9C      	BTFSS      EECON1, 1
0x0148	0x294B      	GOTO       L_EEPROM_Write1
0x0149	0x0000      	NOP
0x014A	0x2945      	GOTO       L_EEPROM_Write0
L_EEPROM_Write1:
;__Lib_EEPROM.c,21 :: 		
0x014B	0x1283      	BCF        STATUS, 5
0x014C	0x085E      	MOVF       FARG_EEPROM_Write_Address, 0
0x014D	0x1683      	BSF        STATUS, 5
0x014E	0x009B      	MOVWF      EEADR
;__Lib_EEPROM.c,22 :: 		
0x014F	0x1283      	BCF        STATUS, 5
0x0150	0x085F      	MOVF       FARG_EEPROM_Write_data_, 0
0x0151	0x1683      	BSF        STATUS, 5
0x0152	0x009A      	MOVWF      EEDATA
;__Lib_EEPROM.c,23 :: 		
0x0153	0x139C      	BCF        EECON1, 7
;__Lib_EEPROM.c,24 :: 		
0x0154	0x151C      	BSF        EECON1, 2
;__Lib_EEPROM.c,26 :: 		
0x0155	0x080B      	MOVF       INTCON, 0
0x0156	0x00F0      	MOVWF      R0
;__Lib_EEPROM.c,29 :: 		
0x0157	0x138B      	BCF        INTCON, 7
;__Lib_EEPROM.c,30 :: 		
0x0158	0x3055      	MOVLW      85
0x0159	0x009D      	MOVWF      EECON2
;__Lib_EEPROM.c,31 :: 		
0x015A	0x30AA      	MOVLW      170
0x015B	0x009D      	MOVWF      EECON2
;__Lib_EEPROM.c,32 :: 		
0x015C	0x149C      	BSF        EECON1, 1
;__Lib_EEPROM.c,36 :: 		
0x015D	0x1BF0      	BTFSC      R0, 7
0x015E	0x2961      	GOTO       L__EEPROM_Write4
0x015F	0x138B      	BCF        INTCON, 7
0x0160	0x2962      	GOTO       L__EEPROM_Write5
L__EEPROM_Write4:
0x0161	0x178B      	BSF        INTCON, 7
L__EEPROM_Write5:
;__Lib_EEPROM.c,37 :: 		
0x0162	0x111C      	BCF        EECON1, 2
;__Lib_EEPROM.c,38 :: 		
L_end_EEPROM_Write:
0x0163	0x0008      	RETURN
; end of _EEPROM_Write
_checkstt:
;Slave_CA3.c,265 :: 		void checkstt (int stt)
;Slave_CA3.c,267 :: 		if (stt % 2 == 0)
0x0164	0x3002      	MOVLW      2
0x0165	0x1283      	BCF        STATUS, 5
0x0166	0x1303      	BCF        STATUS, 6
0x0167	0x00F4      	MOVWF      R4
0x0168	0x3000      	MOVLW      0
0x0169	0x00F5      	MOVWF      R4+1
0x016A	0x085E      	MOVF       FARG_checkstt_stt, 0
0x016B	0x00F0      	MOVWF      R0
0x016C	0x085F      	MOVF       FARG_checkstt_stt+1, 0
0x016D	0x00F1      	MOVWF      R0+1
0x016E	0x207F      	CALL       _Div_16x16_S
0x016F	0x0878      	MOVF       R8, 0
0x0170	0x00F0      	MOVWF      R0
0x0171	0x0879      	MOVF       R8+1, 0
0x0172	0x00F1      	MOVWF      R0+1
0x0173	0x3000      	MOVLW      0
0x0174	0x0671      	XORWF      R0+1, 0
0x0175	0x1D03      	BTFSS      STATUS, 2
0x0176	0x2979      	GOTO       L__checkstt70
0x0177	0x3000      	MOVLW      0
0x0178	0x0670      	XORWF      R0, 0
L__checkstt70:
0x0179	0x1D03      	BTFSS      STATUS, 2
0x017A	0x297E      	GOTO       L_checkstt54
;Slave_CA3.c,268 :: 		sendData[9] = '0';
0x017B	0x3030      	MOVLW      48
0x017C	0x00B5      	MOVWF      _sendData+9
0x017D	0x2980      	GOTO       L_checkstt55
L_checkstt54:
;Slave_CA3.c,270 :: 		sendData[9] = '1';
0x017E	0x3031      	MOVLW      49
0x017F	0x00B5      	MOVWF      _sendData+9
L_checkstt55:
;Slave_CA3.c,271 :: 		}
L_end_checkstt:
0x0180	0x0008      	RETURN
; end of _checkstt
_RS485_send:
;Slave_CA3.c,253 :: 		void RS485_send (char dat[])
;Slave_CA3.c,256 :: 		PORTB.RB3 =1;
0x0181	0x1283      	BCF        STATUS, 5
0x0182	0x1303      	BCF        STATUS, 6
0x0183	0x1586      	BSF        PORTB, 3
;Slave_CA3.c,257 :: 		for (i=0; i<=10;i++){
0x0184	0x01DF      	CLRF       RS485_send_i_L0
0x0185	0x01E0      	CLRF       RS485_send_i_L0+1
L_RS485_send48:
0x0186	0x3080      	MOVLW      128
0x0187	0x00F0      	MOVWF      R0
0x0188	0x3080      	MOVLW      128
0x0189	0x0660      	XORWF      RS485_send_i_L0+1, 0
0x018A	0x0270      	SUBWF      R0, 0
0x018B	0x1D03      	BTFSS      STATUS, 2
0x018C	0x298F      	GOTO       L__RS485_send68
0x018D	0x085F      	MOVF       RS485_send_i_L0, 0
0x018E	0x3C0A      	SUBLW      10
L__RS485_send68:
0x018F	0x1C03      	BTFSS      STATUS, 0
0x0190	0x29A2      	GOTO       L_RS485_send49
;Slave_CA3.c,258 :: 		while(UART1_Tx_Idle()==0);
L_RS485_send51:
0x0191	0x2105      	CALL       _UART1_Tx_Idle
0x0192	0x0870      	MOVF       R0, 0
0x0193	0x3A00      	XORLW      0
0x0194	0x1D03      	BTFSS      STATUS, 2
0x0195	0x2997      	GOTO       L_RS485_send52
0x0196	0x2991      	GOTO       L_RS485_send51
L_RS485_send52:
;Slave_CA3.c,259 :: 		UART1_Write(dat[i]);
0x0197	0x1283      	BCF        STATUS, 5
0x0198	0x085F      	MOVF       RS485_send_i_L0, 0
0x0199	0x075E      	ADDWF      FARG_RS485_send_dat, 0
0x019A	0x0084      	MOVWF      FSR
0x019B	0x0800      	MOVF       INDF, 0
0x019C	0x00E4      	MOVWF      FARG_UART1_Write_data_
0x019D	0x20F4      	CALL       _UART1_Write
;Slave_CA3.c,257 :: 		for (i=0; i<=10;i++){
0x019E	0x0ADF      	INCF       RS485_send_i_L0, 1
0x019F	0x1903      	BTFSC      STATUS, 2
0x01A0	0x0AE0      	INCF       RS485_send_i_L0+1, 1
;Slave_CA3.c,260 :: 		}
0x01A1	0x2986      	GOTO       L_RS485_send48
L_RS485_send49:
;Slave_CA3.c,261 :: 		Delay_ms(200);
0x01A2	0x3006      	MOVLW      6
0x01A3	0x00FB      	MOVWF      R11
0x01A4	0x3013      	MOVLW      19
0x01A5	0x00FC      	MOVWF      R12
0x01A6	0x30AD      	MOVLW      173
0x01A7	0x00FD      	MOVWF      R13
L_RS485_send53:
0x01A8	0x0BFD      	DECFSZ     R13, 1
0x01A9	0x29A8      	GOTO       L_RS485_send53
0x01AA	0x0BFC      	DECFSZ     R12, 1
0x01AB	0x29A8      	GOTO       L_RS485_send53
0x01AC	0x0BFB      	DECFSZ     R11, 1
0x01AD	0x29A8      	GOTO       L_RS485_send53
0x01AE	0x0000      	NOP
0x01AF	0x0000      	NOP
;Slave_CA3.c,262 :: 		PORTB.RB3 =0;
0x01B0	0x1186      	BCF        PORTB, 3
;Slave_CA3.c,263 :: 		}
L_end_RS485_send:
0x01B1	0x0008      	RETURN
; end of _RS485_send
___CC2DW:
;__Lib_System.c,134 :: 		
;__Lib_System.c,137 :: 		
_CC2D_Loop1:
;__Lib_System.c,139 :: 		
0x01B2	0x20FE      	CALL       _____DoICP
0x01B3	0x118A      	BCF        PCLATH, 3
0x01B4	0x120A      	BCF        PCLATH, 4
;__Lib_System.c,141 :: 		
0x01B5	0x0080      	MOVWF      INDF
;__Lib_System.c,142 :: 		
0x01B6	0x0A84      	INCF       FSR, 1
;__Lib_System.c,143 :: 		
0x01B7	0x0AB8      	INCF       ___DoICPAddr, 1
;__Lib_System.c,145 :: 		
0x01B8	0x1903      	BTFSC      STATUS, 2
;__Lib_System.c,146 :: 		
0x01B9	0x0AB9      	INCF       ___DoICPAddr+1, 1
;__Lib_System.c,147 :: 		
0x01BA	0x03F0      	DECF       R0, 1
;__Lib_System.c,149 :: 		
0x01BB	0x1D03      	BTFSS      STATUS, 2
;__Lib_System.c,150 :: 		
0x01BC	0x29B2      	GOTO       _CC2D_Loop1
;__Lib_System.c,152 :: 		
L_end___CC2DW:
0x01BD	0x0008      	RETURN
; end of ___CC2DW
_UART1_Data_Ready:
;__Lib_UART_b21.c,15 :: 		
;__Lib_UART_b21.c,16 :: 		
0x01BE	0x3000      	MOVLW      0
0x01BF	0x1283      	BCF        STATUS, 5
0x01C0	0x1303      	BCF        STATUS, 6
0x01C1	0x1A8C      	BTFSC      PIR1, 5
0x01C2	0x3001      	MOVLW      1
0x01C3	0x00F0      	MOVWF      R0
;__Lib_UART_b21.c,17 :: 		
L_end_UART1_Data_Ready:
0x01C4	0x0008      	RETURN
; end of _UART1_Data_Ready
_UART1_Read:
;__Lib_UART_b21.c,20 :: 		
;__Lib_UART_b21.c,23 :: 		
0x01C5	0x1283      	BCF        STATUS, 5
0x01C6	0x1303      	BCF        STATUS, 6
0x01C7	0x081A      	MOVF       RCREG, 0
0x01C8	0x00F1      	MOVWF      R1
;__Lib_UART_b21.c,24 :: 		
0x01C9	0x1C98      	BTFSS      RCSTA, 1
0x01CA	0x29CD      	GOTO       L_UART1_Read2
;__Lib_UART_b21.c,25 :: 		
0x01CB	0x1218      	BCF        RCSTA, 4
;__Lib_UART_b21.c,26 :: 		
0x01CC	0x1618      	BSF        RCSTA, 4
;__Lib_UART_b21.c,27 :: 		
L_UART1_Read2:
;__Lib_UART_b21.c,28 :: 		
0x01CD	0x0871      	MOVF       R1, 0
0x01CE	0x00F0      	MOVWF      R0
;__Lib_UART_b21.c,29 :: 		
L_end_UART1_Read:
0x01CF	0x0008      	RETURN
; end of _UART1_Read
_UART1_Init:
;__Lib_UART_b21.c,2 :: 		
;__Lib_UART_b21.c,5 :: 		
0x01D0	0x1683      	BSF        STATUS, 5
0x01D1	0x1303      	BCF        STATUS, 6
0x01D2	0x1698      	BSF        TXSTA, 5
;__Lib_UART_b21.c,6 :: 		
0x01D3	0x3090      	MOVLW      144
0x01D4	0x1283      	BCF        STATUS, 5
0x01D5	0x0098      	MOVWF      RCSTA
;__Lib_UART_b21.c,7 :: 		
0x01D6	0x1683      	BSF        STATUS, 5
0x01D7	0x1486      	BSF        TRISB1_bit, BitPos(TRISB1_bit+0)
;__Lib_UART_b21.c,8 :: 		
0x01D8	0x1106      	BCF        TRISB2_bit, BitPos(TRISB2_bit+0)
;__Lib_UART_b21.c,9 :: 		
L_UART1_Init0:
0x01D9	0x1283      	BCF        STATUS, 5
0x01DA	0x1E8C      	BTFSS      PIR1, 5
0x01DB	0x29DF      	GOTO       L_UART1_Init1
;__Lib_UART_b21.c,10 :: 		
0x01DC	0x081A      	MOVF       RCREG, 0
0x01DD	0x00F0      	MOVWF      R0
0x01DE	0x29D9      	GOTO       L_UART1_Init0
L_UART1_Init1:
;__Lib_UART_b21.c,11 :: 		
L_end_UART1_Init:
0x01DF	0x0008      	RETURN
; end of _UART1_Init
_EEPROM_Read:
;__Lib_EEPROM.c,4 :: 		
;__Lib_EEPROM.c,5 :: 		
0x01E0	0x1283      	BCF        STATUS, 5
0x01E1	0x1303      	BCF        STATUS, 6
0x01E2	0x085E      	MOVF       FARG_EEPROM_Read_Address, 0
0x01E3	0x1683      	BSF        STATUS, 5
0x01E4	0x009B      	MOVWF      EEADR
;__Lib_EEPROM.c,6 :: 		
0x01E5	0x139C      	BCF        EECON1, 7
;__Lib_EEPROM.c,12 :: 		
0x01E6	0x141C      	BSF        EECON1, 0
;__Lib_EEPROM.c,13 :: 		
0x01E7	0x081A      	MOVF       EEDATA, 0
0x01E8	0x00F0      	MOVWF      R0
;__Lib_EEPROM.c,14 :: 		
L_end_EEPROM_Read:
0x01E9	0x0008      	RETURN
; end of _EEPROM_Read
_main:
0x01EA	0x1283      	BCF        STATUS, 5
0x01EB	0x1303      	BCF        STATUS, 6
0x01EC	0x01A3      	CLRF       _count
0x01ED	0x3001      	MOVLW      1
0x01EE	0x00A4      	MOVWF      _stt2
0x01EF	0x01A5      	CLRF       37
0x01F0	0x3001      	MOVLW      1
0x01F1	0x00A6      	MOVWF      _stt3
0x01F2	0x01A7      	CLRF       39
0x01F3	0x3001      	MOVLW      1
0x01F4	0x00A8      	MOVWF      _stt1
0x01F5	0x01A9      	CLRF       41
0x01F6	0x01AA      	CLRF       _flagReceivedAllData
;Slave_CA3.c,65 :: 		void main() {
;Slave_CA3.c,69 :: 		TRISB.B0 =1;
0x01F7	0x1683      	BSF        STATUS, 5
0x01F8	0x1406      	BSF        TRISB, 0
;Slave_CA3.c,70 :: 		TRISB.B4 =1;
0x01F9	0x1606      	BSF        TRISB, 4
;Slave_CA3.c,71 :: 		TRISB.B5 =1;
0x01FA	0x1686      	BSF        TRISB, 5
;Slave_CA3.c,73 :: 		TRISB.B3 =0;                         //Bit RS485
0x01FB	0x1186      	BCF        TRISB, 3
;Slave_CA3.c,75 :: 		oldstate = 0;
0x01FC	0x1283      	BCF        STATUS, 5
0x01FD	0x102B      	BCF        _oldstate, BitPos(_oldstate+0)
;Slave_CA3.c,76 :: 		UART1_Init(9600);
0x01FE	0x3081      	MOVLW      129
0x01FF	0x1683      	BSF        STATUS, 5
0x0200	0x0099      	MOVWF      SPBRG
0x0201	0x1518      	BSF        TXSTA, 2
0x0202	0x21D0      	CALL       _UART1_Init
;Slave_CA3.c,77 :: 		Delay_ms(100);
0x0203	0x3003      	MOVLW      3
0x0204	0x00FB      	MOVWF      R11
0x0205	0x308A      	MOVLW      138
0x0206	0x00FC      	MOVWF      R12
0x0207	0x3055      	MOVLW      85
0x0208	0x00FD      	MOVWF      R13
L_main9:
0x0209	0x0BFD      	DECFSZ     R13, 1
0x020A	0x2A09      	GOTO       L_main9
0x020B	0x0BFC      	DECFSZ     R12, 1
0x020C	0x2A09      	GOTO       L_main9
0x020D	0x0BFB      	DECFSZ     R11, 1
0x020E	0x2A09      	GOTO       L_main9
0x020F	0x0000      	NOP
0x0210	0x0000      	NOP
;Slave_CA3.c,79 :: 		RCIE_bit = 1;                        // enable interrupt on UART1 receive
0x0211	0x1683      	BSF        STATUS, 5
0x0212	0x168C      	BSF        RCIE_bit, BitPos(RCIE_bit+0)
;Slave_CA3.c,80 :: 		TXIE_bit = 0;                        // disable interrupt on UART1 transmit
0x0213	0x120C      	BCF        TXIE_bit, BitPos(TXIE_bit+0)
;Slave_CA3.c,81 :: 		PEIE_bit = 1;                        // enable peripheral interrupts
0x0214	0x170B      	BSF        PEIE_bit, BitPos(PEIE_bit+0)
;Slave_CA3.c,82 :: 		GIE_bit = 1;                         // enable all interrupts
0x0215	0x178B      	BSF        GIE_bit, BitPos(GIE_bit+0)
;Slave_CA3.c,85 :: 		addressButton1[0] = EEPROM_Read(0x02);
0x0216	0x3002      	MOVLW      2
0x0217	0x1283      	BCF        STATUS, 5
0x0218	0x00DE      	MOVWF      FARG_EEPROM_Read_Address
0x0219	0x21E0      	CALL       _EEPROM_Read
0x021A	0x0870      	MOVF       R0, 0
0x021B	0x1283      	BCF        STATUS, 5
0x021C	0x00CF      	MOVWF      _addressButton1
;Slave_CA3.c,86 :: 		addressButton1[1] = EEPROM_Read(0x03);
0x021D	0x3003      	MOVLW      3
0x021E	0x00DE      	MOVWF      FARG_EEPROM_Read_Address
0x021F	0x21E0      	CALL       _EEPROM_Read
0x0220	0x0870      	MOVF       R0, 0
0x0221	0x1283      	BCF        STATUS, 5
0x0222	0x00D0      	MOVWF      _addressButton1+1
;Slave_CA3.c,87 :: 		addressDevice1[0] = EEPROM_Read(0x04);
0x0223	0x3004      	MOVLW      4
0x0224	0x00DE      	MOVWF      FARG_EEPROM_Read_Address
0x0225	0x21E0      	CALL       _EEPROM_Read
0x0226	0x0870      	MOVF       R0, 0
0x0227	0x1283      	BCF        STATUS, 5
0x0228	0x00C2      	MOVWF      _addressDevice1
;Slave_CA3.c,88 :: 		addressDevice1[1] = EEPROM_Read(0x05);
0x0229	0x3005      	MOVLW      5
0x022A	0x00DE      	MOVWF      FARG_EEPROM_Read_Address
0x022B	0x21E0      	CALL       _EEPROM_Read
0x022C	0x0870      	MOVF       R0, 0
0x022D	0x1283      	BCF        STATUS, 5
0x022E	0x00C3      	MOVWF      _addressDevice1+1
;Slave_CA3.c,90 :: 		addressButton2[0] = EEPROM_Read(0x06);
0x022F	0x3006      	MOVLW      6
0x0230	0x00DE      	MOVWF      FARG_EEPROM_Read_Address
0x0231	0x21E0      	CALL       _EEPROM_Read
0x0232	0x0870      	MOVF       R0, 0
0x0233	0x1283      	BCF        STATUS, 5
0x0234	0x00BC      	MOVWF      _addressButton2
;Slave_CA3.c,91 :: 		addressButton2[1] = EEPROM_Read(0x07);
0x0235	0x3007      	MOVLW      7
0x0236	0x00DE      	MOVWF      FARG_EEPROM_Read_Address
0x0237	0x21E0      	CALL       _EEPROM_Read
0x0238	0x0870      	MOVF       R0, 0
0x0239	0x1283      	BCF        STATUS, 5
0x023A	0x00BD      	MOVWF      _addressButton2+1
;Slave_CA3.c,92 :: 		addressDevice2[0] = EEPROM_Read(0x08);
0x023B	0x3008      	MOVLW      8
0x023C	0x00DE      	MOVWF      FARG_EEPROM_Read_Address
0x023D	0x21E0      	CALL       _EEPROM_Read
0x023E	0x0870      	MOVF       R0, 0
0x023F	0x1283      	BCF        STATUS, 5
0x0240	0x00BA      	MOVWF      _addressDevice2
;Slave_CA3.c,93 :: 		addressDevice2[1] = EEPROM_Read(0x09);
0x0241	0x3009      	MOVLW      9
0x0242	0x00DE      	MOVWF      FARG_EEPROM_Read_Address
0x0243	0x21E0      	CALL       _EEPROM_Read
0x0244	0x0870      	MOVF       R0, 0
0x0245	0x1283      	BCF        STATUS, 5
0x0246	0x00BB      	MOVWF      _addressDevice2+1
;Slave_CA3.c,95 :: 		addressButton3[0] = EEPROM_Read(0x0A);
0x0247	0x300A      	MOVLW      10
0x0248	0x00DE      	MOVWF      FARG_EEPROM_Read_Address
0x0249	0x21E0      	CALL       _EEPROM_Read
0x024A	0x0870      	MOVF       R0, 0
0x024B	0x1283      	BCF        STATUS, 5
0x024C	0x00C0      	MOVWF      _addressButton3
;Slave_CA3.c,96 :: 		addressButton3[1] = EEPROM_Read(0x0B);
0x024D	0x300B      	MOVLW      11
0x024E	0x00DE      	MOVWF      FARG_EEPROM_Read_Address
0x024F	0x21E0      	CALL       _EEPROM_Read
0x0250	0x0870      	MOVF       R0, 0
0x0251	0x1283      	BCF        STATUS, 5
0x0252	0x00C1      	MOVWF      _addressButton3+1
;Slave_CA3.c,97 :: 		addressDevice3[0] = EEPROM_Read(0x0C);
0x0253	0x300C      	MOVLW      12
0x0254	0x00DE      	MOVWF      FARG_EEPROM_Read_Address
0x0255	0x21E0      	CALL       _EEPROM_Read
0x0256	0x0870      	MOVF       R0, 0
0x0257	0x1283      	BCF        STATUS, 5
0x0258	0x00BE      	MOVWF      _addressDevice3
;Slave_CA3.c,98 :: 		addressDevice3[1] = EEPROM_Read(0x0D);
0x0259	0x300D      	MOVLW      13
0x025A	0x00DE      	MOVWF      FARG_EEPROM_Read_Address
0x025B	0x21E0      	CALL       _EEPROM_Read
0x025C	0x0870      	MOVF       R0, 0
0x025D	0x1283      	BCF        STATUS, 5
0x025E	0x00BF      	MOVWF      _addressDevice3+1
;Slave_CA3.c,102 :: 		Delay_ms(100);
0x025F	0x3003      	MOVLW      3
0x0260	0x00FB      	MOVWF      R11
0x0261	0x308A      	MOVLW      138
0x0262	0x00FC      	MOVWF      R12
0x0263	0x3055      	MOVLW      85
0x0264	0x00FD      	MOVWF      R13
L_main10:
0x0265	0x0BFD      	DECFSZ     R13, 1
0x0266	0x2A65      	GOTO       L_main10
0x0267	0x0BFC      	DECFSZ     R12, 1
0x0268	0x2A65      	GOTO       L_main10
0x0269	0x0BFB      	DECFSZ     R11, 1
0x026A	0x2A65      	GOTO       L_main10
0x026B	0x0000      	NOP
0x026C	0x0000      	NOP
;Slave_CA3.c,104 :: 		if (addressButton1[0]==0xff || addressButton2[0]==0xff || addressButton3[0]==0xff){
0x026D	0x084F      	MOVF       _addressButton1, 0
0x026E	0x3AFF      	XORLW      255
0x026F	0x1903      	BTFSC      STATUS, 2
0x0270	0x2A7A      	GOTO       L__main63
0x0271	0x083C      	MOVF       _addressButton2, 0
0x0272	0x3AFF      	XORLW      255
0x0273	0x1903      	BTFSC      STATUS, 2
0x0274	0x2A7A      	GOTO       L__main63
0x0275	0x0840      	MOVF       _addressButton3, 0
0x0276	0x3AFF      	XORLW      255
0x0277	0x1903      	BTFSC      STATUS, 2
0x0278	0x2A7A      	GOTO       L__main63
0x0279	0x2A93      	GOTO       L_main13
L__main63:
;Slave_CA3.c,105 :: 		sendData[0] = 'S';
0x027A	0x3053      	MOVLW      83
0x027B	0x00AC      	MOVWF      _sendData
;Slave_CA3.c,106 :: 		sendData[1] = '0';
0x027C	0x3030      	MOVLW      48
0x027D	0x00AD      	MOVWF      _sendData+1
;Slave_CA3.c,107 :: 		sendData[2] = '2';
0x027E	0x3032      	MOVLW      50
0x027F	0x00AE      	MOVWF      _sendData+2
;Slave_CA3.c,108 :: 		sendData[3] = '0';
0x0280	0x3030      	MOVLW      48
0x0281	0x00AF      	MOVWF      _sendData+3
;Slave_CA3.c,109 :: 		sendData[4] = '0';
0x0282	0x3030      	MOVLW      48
0x0283	0x00B0      	MOVWF      _sendData+4
;Slave_CA3.c,110 :: 		sendData[5] = '0';
0x0284	0x3030      	MOVLW      48
0x0285	0x00B1      	MOVWF      _sendData+5
;Slave_CA3.c,111 :: 		sendData[6] = '0';
0x0286	0x3030      	MOVLW      48
0x0287	0x00B2      	MOVWF      _sendData+6
;Slave_CA3.c,112 :: 		sendData[7] = '0';
0x0288	0x3030      	MOVLW      48
0x0289	0x00B3      	MOVWF      _sendData+7
;Slave_CA3.c,113 :: 		sendData[8] = 'B';
0x028A	0x3042      	MOVLW      66
0x028B	0x00B4      	MOVWF      _sendData+8
;Slave_CA3.c,114 :: 		sendData[9] = '3';
0x028C	0x3033      	MOVLW      51
0x028D	0x00B5      	MOVWF      _sendData+9
;Slave_CA3.c,115 :: 		sendData[10] = 'E';
0x028E	0x3045      	MOVLW      69
0x028F	0x00B6      	MOVWF      _sendData+10
;Slave_CA3.c,116 :: 		RS485_send(sendData);
0x0290	0x302C      	MOVLW      _sendData
0x0291	0x00DE      	MOVWF      FARG_RS485_send_dat
0x0292	0x2181      	CALL       _RS485_send
;Slave_CA3.c,117 :: 		}
L_main13:
;Slave_CA3.c,118 :: 		WTF[0] = 'S';
0x0293	0x3053      	MOVLW      83
0x0294	0x00D1      	MOVWF      _WTF
;Slave_CA3.c,119 :: 		WTF[1] = 'A';
0x0295	0x3041      	MOVLW      65
0x0296	0x00D2      	MOVWF      _WTF+1
;Slave_CA3.c,120 :: 		WTF[2] = 'A';
0x0297	0x3041      	MOVLW      65
0x0298	0x00D3      	MOVWF      _WTF+2
;Slave_CA3.c,121 :: 		WTF[3] = 'A';
0x0299	0x3041      	MOVLW      65
0x029A	0x00D4      	MOVWF      _WTF+3
;Slave_CA3.c,122 :: 		WTF[4] = 'A';
0x029B	0x3041      	MOVLW      65
0x029C	0x00D5      	MOVWF      _WTF+4
;Slave_CA3.c,123 :: 		WTF[5] = 'A';
0x029D	0x3041      	MOVLW      65
0x029E	0x00D6      	MOVWF      _WTF+5
;Slave_CA3.c,124 :: 		WTF[6] = 'A';
0x029F	0x3041      	MOVLW      65
0x02A0	0x00D7      	MOVWF      _WTF+6
;Slave_CA3.c,125 :: 		WTF[7] = 'A';
0x02A1	0x3041      	MOVLW      65
0x02A2	0x00D8      	MOVWF      _WTF+7
;Slave_CA3.c,126 :: 		WTF[8] = 'A';
0x02A3	0x3041      	MOVLW      65
0x02A4	0x00D9      	MOVWF      _WTF+8
;Slave_CA3.c,127 :: 		WTF[9] = 'A';
0x02A5	0x3041      	MOVLW      65
0x02A6	0x00DA      	MOVWF      _WTF+9
;Slave_CA3.c,128 :: 		WTF[10] = 'E';
0x02A7	0x3045      	MOVLW      69
0x02A8	0x00DB      	MOVWF      _WTF+10
;Slave_CA3.c,130 :: 		while(1)
L_main14:
;Slave_CA3.c,132 :: 		if(flagReceivedAllData==1){
0x02A9	0x082A      	MOVF       _flagReceivedAllData, 0
0x02AA	0x3A01      	XORLW      1
0x02AB	0x1D03      	BTFSS      STATUS, 2
0x02AC	0x2B1D      	GOTO       L_main16
;Slave_CA3.c,133 :: 		flagReceivedAllData = 0;
0x02AD	0x01AA      	CLRF       _flagReceivedAllData
;Slave_CA3.c,135 :: 		if(receiveData[2] == '2'){
0x02AE	0x0846      	MOVF       _receiveData+2, 0
0x02AF	0x3A32      	XORLW      50
0x02B0	0x1D03      	BTFSS      STATUS, 2
0x02B1	0x2B1D      	GOTO       L_main17
;Slave_CA3.c,136 :: 		if(receiveData[9] == '1'){
0x02B2	0x084D      	MOVF       _receiveData+9, 0
0x02B3	0x3A31      	XORLW      49
0x02B4	0x1D03      	BTFSS      STATUS, 2
0x02B5	0x2AD5      	GOTO       L_main18
;Slave_CA3.c,137 :: 		addressButton1[0] = receiveData[4];
0x02B6	0x0848      	MOVF       _receiveData+4, 0
0x02B7	0x00CF      	MOVWF      _addressButton1
;Slave_CA3.c,138 :: 		addressButton1[1] = receiveData[5];
0x02B8	0x0849      	MOVF       _receiveData+5, 0
0x02B9	0x00D0      	MOVWF      _addressButton1+1
;Slave_CA3.c,139 :: 		addressDevice1[0] = receiveData[7];
0x02BA	0x084B      	MOVF       _receiveData+7, 0
0x02BB	0x00C2      	MOVWF      _addressDevice1
;Slave_CA3.c,140 :: 		addressDevice1[1] = receiveData[8];
0x02BC	0x084C      	MOVF       _receiveData+8, 0
0x02BD	0x00C3      	MOVWF      _addressDevice1+1
;Slave_CA3.c,141 :: 		EEPROM_Write(0x02,addressButton1[0]);
0x02BE	0x3002      	MOVLW      2
0x02BF	0x00DE      	MOVWF      FARG_EEPROM_Write_Address
0x02C0	0x084F      	MOVF       _addressButton1, 0
0x02C1	0x00DF      	MOVWF      FARG_EEPROM_Write_data_
0x02C2	0x2145      	CALL       _EEPROM_Write
;Slave_CA3.c,142 :: 		EEPROM_Write(0x03,addressButton1[1]);
0x02C3	0x3003      	MOVLW      3
0x02C4	0x1283      	BCF        STATUS, 5
0x02C5	0x00DE      	MOVWF      FARG_EEPROM_Write_Address
0x02C6	0x0850      	MOVF       _addressButton1+1, 0
0x02C7	0x00DF      	MOVWF      FARG_EEPROM_Write_data_
0x02C8	0x2145      	CALL       _EEPROM_Write
;Slave_CA3.c,143 :: 		EEPROM_Write(0x04,addressDevice1[0]);
0x02C9	0x3004      	MOVLW      4
0x02CA	0x1283      	BCF        STATUS, 5
0x02CB	0x00DE      	MOVWF      FARG_EEPROM_Write_Address
0x02CC	0x0842      	MOVF       _addressDevice1, 0
0x02CD	0x00DF      	MOVWF      FARG_EEPROM_Write_data_
0x02CE	0x2145      	CALL       _EEPROM_Write
;Slave_CA3.c,144 :: 		EEPROM_Write(0x05,addressDevice1[1]);
0x02CF	0x3005      	MOVLW      5
0x02D0	0x1283      	BCF        STATUS, 5
0x02D1	0x00DE      	MOVWF      FARG_EEPROM_Write_Address
0x02D2	0x0843      	MOVF       _addressDevice1+1, 0
0x02D3	0x00DF      	MOVWF      FARG_EEPROM_Write_data_
0x02D4	0x2145      	CALL       _EEPROM_Write
;Slave_CA3.c,145 :: 		}
L_main18:
;Slave_CA3.c,146 :: 		if(receiveData[9] == '2'){
0x02D5	0x1283      	BCF        STATUS, 5
0x02D6	0x084D      	MOVF       _receiveData+9, 0
0x02D7	0x3A32      	XORLW      50
0x02D8	0x1D03      	BTFSS      STATUS, 2
0x02D9	0x2AF9      	GOTO       L_main19
;Slave_CA3.c,147 :: 		addressButton2[0] = receiveData[4];
0x02DA	0x0848      	MOVF       _receiveData+4, 0
0x02DB	0x00BC      	MOVWF      _addressButton2
;Slave_CA3.c,148 :: 		addressButton2[1] = receiveData[5];
0x02DC	0x0849      	MOVF       _receiveData+5, 0
0x02DD	0x00BD      	MOVWF      _addressButton2+1
;Slave_CA3.c,149 :: 		addressDevice2[0] = receiveData[7];
0x02DE	0x084B      	MOVF       _receiveData+7, 0
0x02DF	0x00BA      	MOVWF      _addressDevice2
;Slave_CA3.c,150 :: 		addressDevice2[1] = receiveData[8];
0x02E0	0x084C      	MOVF       _receiveData+8, 0
0x02E1	0x00BB      	MOVWF      _addressDevice2+1
;Slave_CA3.c,151 :: 		EEPROM_Write(0x06,addressButton2[0]);
0x02E2	0x3006      	MOVLW      6
0x02E3	0x00DE      	MOVWF      FARG_EEPROM_Write_Address
0x02E4	0x083C      	MOVF       _addressButton2, 0
0x02E5	0x00DF      	MOVWF      FARG_EEPROM_Write_data_
0x02E6	0x2145      	CALL       _EEPROM_Write
;Slave_CA3.c,152 :: 		EEPROM_Write(0x07,addressButton2[1]);
0x02E7	0x3007      	MOVLW      7
0x02E8	0x1283      	BCF        STATUS, 5
0x02E9	0x00DE      	MOVWF      FARG_EEPROM_Write_Address
0x02EA	0x083D      	MOVF       _addressButton2+1, 0
0x02EB	0x00DF      	MOVWF      FARG_EEPROM_Write_data_
0x02EC	0x2145      	CALL       _EEPROM_Write
;Slave_CA3.c,153 :: 		EEPROM_Write(0x08,addressDevice2[0]);
0x02ED	0x3008      	MOVLW      8
0x02EE	0x1283      	BCF        STATUS, 5
0x02EF	0x00DE      	MOVWF      FARG_EEPROM_Write_Address
0x02F0	0x083A      	MOVF       _addressDevice2, 0
0x02F1	0x00DF      	MOVWF      FARG_EEPROM_Write_data_
0x02F2	0x2145      	CALL       _EEPROM_Write
;Slave_CA3.c,154 :: 		EEPROM_Write(0x09,addressDevice2[1]);
0x02F3	0x3009      	MOVLW      9
0x02F4	0x1283      	BCF        STATUS, 5
0x02F5	0x00DE      	MOVWF      FARG_EEPROM_Write_Address
0x02F6	0x083B      	MOVF       _addressDevice2+1, 0
0x02F7	0x00DF      	MOVWF      FARG_EEPROM_Write_data_
0x02F8	0x2145      	CALL       _EEPROM_Write
;Slave_CA3.c,155 :: 		}
L_main19:
;Slave_CA3.c,156 :: 		if(receiveData[9] == '3'){
0x02F9	0x1283      	BCF        STATUS, 5
0x02FA	0x084D      	MOVF       _receiveData+9, 0
0x02FB	0x3A33      	XORLW      51
0x02FC	0x1D03      	BTFSS      STATUS, 2
0x02FD	0x2B1D      	GOTO       L_main20
;Slave_CA3.c,157 :: 		addressButton3[0] = receiveData[4];
0x02FE	0x0848      	MOVF       _receiveData+4, 0
0x02FF	0x00C0      	MOVWF      _addressButton3
;Slave_CA3.c,158 :: 		addressButton3[1] = receiveData[5];
0x0300	0x0849      	MOVF       _receiveData+5, 0
0x0301	0x00C1      	MOVWF      _addressButton3+1
;Slave_CA3.c,159 :: 		addressDevice3[0] = receiveData[7];
0x0302	0x084B      	MOVF       _receiveData+7, 0
0x0303	0x00BE      	MOVWF      _addressDevice3
;Slave_CA3.c,160 :: 		addressDevice3[1] = receiveData[8];
0x0304	0x084C      	MOVF       _receiveData+8, 0
0x0305	0x00BF      	MOVWF      _addressDevice3+1
;Slave_CA3.c,161 :: 		EEPROM_Write(0x0A,addressButton3[0]);
0x0306	0x300A      	MOVLW      10
0x0307	0x00DE      	MOVWF      FARG_EEPROM_Write_Address
0x0308	0x0840      	MOVF       _addressButton3, 0
0x0309	0x00DF      	MOVWF      FARG_EEPROM_Write_data_
0x030A	0x2145      	CALL       _EEPROM_Write
;Slave_CA3.c,162 :: 		EEPROM_Write(0x0B,addressButton3[1]);
0x030B	0x300B      	MOVLW      11
0x030C	0x1283      	BCF        STATUS, 5
0x030D	0x00DE      	MOVWF      FARG_EEPROM_Write_Address
0x030E	0x0841      	MOVF       _addressButton3+1, 0
0x030F	0x00DF      	MOVWF      FARG_EEPROM_Write_data_
0x0310	0x2145      	CALL       _EEPROM_Write
;Slave_CA3.c,163 :: 		EEPROM_Write(0x0C,addressDevice3[0]);
0x0311	0x300C      	MOVLW      12
0x0312	0x1283      	BCF        STATUS, 5
0x0313	0x00DE      	MOVWF      FARG_EEPROM_Write_Address
0x0314	0x083E      	MOVF       _addressDevice3, 0
0x0315	0x00DF      	MOVWF      FARG_EEPROM_Write_data_
0x0316	0x2145      	CALL       _EEPROM_Write
;Slave_CA3.c,164 :: 		EEPROM_Write(0x0D,addressDevice3[1]);
0x0317	0x300D      	MOVLW      13
0x0318	0x1283      	BCF        STATUS, 5
0x0319	0x00DE      	MOVWF      FARG_EEPROM_Write_Address
0x031A	0x083F      	MOVF       _addressDevice3+1, 0
0x031B	0x00DF      	MOVWF      FARG_EEPROM_Write_data_
0x031C	0x2145      	CALL       _EEPROM_Write
;Slave_CA3.c,165 :: 		}
L_main20:
;Slave_CA3.c,166 :: 		}
L_main17:
;Slave_CA3.c,167 :: 		}
L_main16:
;Slave_CA3.c,169 :: 		if (Button(&PORTB, 0, 1, 1)) {               // Detect logical one
0x031D	0x3006      	MOVLW      PORTB
0x031E	0x1283      	BCF        STATUS, 5
0x031F	0x00DE      	MOVWF      FARG_Button_port
0x0320	0x01DF      	CLRF       FARG_Button_pin
0x0321	0x3001      	MOVLW      1
0x0322	0x00E0      	MOVWF      FARG_Button_time_ms
0x0323	0x3001      	MOVLW      1
0x0324	0x00E1      	MOVWF      FARG_Button_active_state
0x0325	0x210C      	CALL       _Button
0x0326	0x0870      	MOVF       R0, 0
0x0327	0x1903      	BTFSC      STATUS, 2
0x0328	0x2B2A      	GOTO       L_main21
;Slave_CA3.c,170 :: 		oldstate = 1;                              // Update flag
0x0329	0x142B      	BSF        _oldstate, BitPos(_oldstate+0)
;Slave_CA3.c,171 :: 		}
L_main21:
;Slave_CA3.c,172 :: 		if (oldstate && Button(&PORTB, 0, 1, 0)) {   // Detect one-to-zero transition
0x032A	0x1C2B      	BTFSS      _oldstate, BitPos(_oldstate+0)
0x032B	0x2B80      	GOTO       L_main24
0x032C	0x3006      	MOVLW      PORTB
0x032D	0x00DE      	MOVWF      FARG_Button_port
0x032E	0x01DF      	CLRF       FARG_Button_pin
0x032F	0x3001      	MOVLW      1
0x0330	0x00E0      	MOVWF      FARG_Button_time_ms
0x0331	0x01E1      	CLRF       FARG_Button_active_state
0x0332	0x210C      	CALL       _Button
0x0333	0x0870      	MOVF       R0, 0
0x0334	0x1903      	BTFSC      STATUS, 2
0x0335	0x2B80      	GOTO       L_main24
L__main62:
;Slave_CA3.c,173 :: 		Delay_ms(100);
0x0336	0x3003      	MOVLW      3
0x0337	0x00FB      	MOVWF      R11
0x0338	0x308A      	MOVLW      138
0x0339	0x00FC      	MOVWF      R12
0x033A	0x3055      	MOVLW      85
0x033B	0x00FD      	MOVWF      R13
L_main25:
0x033C	0x0BFD      	DECFSZ     R13, 1
0x033D	0x2B3C      	GOTO       L_main25
0x033E	0x0BFC      	DECFSZ     R12, 1
0x033F	0x2B3C      	GOTO       L_main25
0x0340	0x0BFB      	DECFSZ     R11, 1
0x0341	0x2B3C      	GOTO       L_main25
0x0342	0x0000      	NOP
0x0343	0x0000      	NOP
;Slave_CA3.c,174 :: 		if (oldstate && Button(&PORTB, 0, 1, 0))
0x0344	0x1C2B      	BTFSS      _oldstate, BitPos(_oldstate+0)
0x0345	0x2B80      	GOTO       L_main28
0x0346	0x3006      	MOVLW      PORTB
0x0347	0x00DE      	MOVWF      FARG_Button_port
0x0348	0x01DF      	CLRF       FARG_Button_pin
0x0349	0x3001      	MOVLW      1
0x034A	0x00E0      	MOVWF      FARG_Button_time_ms
0x034B	0x01E1      	CLRF       FARG_Button_active_state
0x034C	0x210C      	CALL       _Button
0x034D	0x0870      	MOVF       R0, 0
0x034E	0x1903      	BTFSC      STATUS, 2
0x034F	0x2B80      	GOTO       L_main28
L__main61:
;Slave_CA3.c,176 :: 		sendData[0] = 'S';
0x0350	0x3053      	MOVLW      83
0x0351	0x00AC      	MOVWF      _sendData
;Slave_CA3.c,177 :: 		sendData[1] = '0';
0x0352	0x3030      	MOVLW      48
0x0353	0x00AD      	MOVWF      _sendData+1
;Slave_CA3.c,178 :: 		sendData[2] = '0';
0x0354	0x3030      	MOVLW      48
0x0355	0x00AE      	MOVWF      _sendData+2
;Slave_CA3.c,179 :: 		sendData[3] = 'B';
0x0356	0x3042      	MOVLW      66
0x0357	0x00AF      	MOVWF      _sendData+3
;Slave_CA3.c,180 :: 		sendData[4] = addressButton1[0];
0x0358	0x084F      	MOVF       _addressButton1, 0
0x0359	0x00B0      	MOVWF      _sendData+4
;Slave_CA3.c,181 :: 		sendData[5] = addressButton1[1];
0x035A	0x0850      	MOVF       _addressButton1+1, 0
0x035B	0x00B1      	MOVWF      _sendData+5
;Slave_CA3.c,182 :: 		sendData[6] = 'D';
0x035C	0x3044      	MOVLW      68
0x035D	0x00B2      	MOVWF      _sendData+6
;Slave_CA3.c,183 :: 		sendData[7] = addressDevice1[0];
0x035E	0x0842      	MOVF       _addressDevice1, 0
0x035F	0x00B3      	MOVWF      _sendData+7
;Slave_CA3.c,184 :: 		sendData[8] = addressDevice1[1];
0x0360	0x0843      	MOVF       _addressDevice1+1, 0
0x0361	0x00B4      	MOVWF      _sendData+8
;Slave_CA3.c,185 :: 		sendData[9] = '0';
0x0362	0x3030      	MOVLW      48
0x0363	0x00B5      	MOVWF      _sendData+9
;Slave_CA3.c,186 :: 		sendData[10] = 'E';
0x0364	0x3045      	MOVLW      69
0x0365	0x00B6      	MOVWF      _sendData+10
;Slave_CA3.c,187 :: 		checkstt(stt1);
0x0366	0x0828      	MOVF       _stt1, 0
0x0367	0x00DE      	MOVWF      FARG_checkstt_stt
0x0368	0x0829      	MOVF       _stt1+1, 0
0x0369	0x00DF      	MOVWF      FARG_checkstt_stt+1
0x036A	0x2164      	CALL       _checkstt
;Slave_CA3.c,188 :: 		stt1++;
0x036B	0x0AA8      	INCF       _stt1, 1
0x036C	0x1903      	BTFSC      STATUS, 2
0x036D	0x0AA9      	INCF       _stt1+1, 1
;Slave_CA3.c,189 :: 		RS485_send(sendData);                            // Invert PORTC
0x036E	0x302C      	MOVLW      _sendData
0x036F	0x00DE      	MOVWF      FARG_RS485_send_dat
0x0370	0x2181      	CALL       _RS485_send
;Slave_CA3.c,190 :: 		oldstate = 0;
0x0371	0x102B      	BCF        _oldstate, BitPos(_oldstate+0)
;Slave_CA3.c,191 :: 		Delay_ms(200);
0x0372	0x3006      	MOVLW      6
0x0373	0x00FB      	MOVWF      R11
0x0374	0x3013      	MOVLW      19
0x0375	0x00FC      	MOVWF      R12
0x0376	0x30AD      	MOVLW      173
0x0377	0x00FD      	MOVWF      R13
L_main29:
0x0378	0x0BFD      	DECFSZ     R13, 1
0x0379	0x2B78      	GOTO       L_main29
0x037A	0x0BFC      	DECFSZ     R12, 1
0x037B	0x2B78      	GOTO       L_main29
0x037C	0x0BFB      	DECFSZ     R11, 1
0x037D	0x2B78      	GOTO       L_main29
0x037E	0x0000      	NOP
0x037F	0x0000      	NOP
;Slave_CA3.c,192 :: 		}                              // Update flag
L_main28:
;Slave_CA3.c,193 :: 		}
L_main24:
;Slave_CA3.c,196 :: 		if (Button(&PORTB, 4, 1, 1)) {               // Detect logical one
0x0380	0x3006      	MOVLW      PORTB
0x0381	0x00DE      	MOVWF      FARG_Button_port
0x0382	0x3004      	MOVLW      4
0x0383	0x00DF      	MOVWF      FARG_Button_pin
0x0384	0x3001      	MOVLW      1
0x0385	0x00E0      	MOVWF      FARG_Button_time_ms
0x0386	0x3001      	MOVLW      1
0x0387	0x00E1      	MOVWF      FARG_Button_active_state
0x0388	0x210C      	CALL       _Button
0x0389	0x0870      	MOVF       R0, 0
0x038A	0x1903      	BTFSC      STATUS, 2
0x038B	0x2B8D      	GOTO       L_main30
;Slave_CA3.c,197 :: 		oldstate = 1;                              // Update flag
0x038C	0x142B      	BSF        _oldstate, BitPos(_oldstate+0)
;Slave_CA3.c,198 :: 		}
L_main30:
;Slave_CA3.c,199 :: 		if (oldstate && Button(&PORTB, 4, 1, 0)) {   // Detect one-to-zero transition
0x038D	0x1C2B      	BTFSS      _oldstate, BitPos(_oldstate+0)
0x038E	0x2BE5      	GOTO       L_main33
0x038F	0x3006      	MOVLW      PORTB
0x0390	0x00DE      	MOVWF      FARG_Button_port
0x0391	0x3004      	MOVLW      4
0x0392	0x00DF      	MOVWF      FARG_Button_pin
0x0393	0x3001      	MOVLW      1
0x0394	0x00E0      	MOVWF      FARG_Button_time_ms
0x0395	0x01E1      	CLRF       FARG_Button_active_state
0x0396	0x210C      	CALL       _Button
0x0397	0x0870      	MOVF       R0, 0
0x0398	0x1903      	BTFSC      STATUS, 2
0x0399	0x2BE5      	GOTO       L_main33
L__main60:
;Slave_CA3.c,200 :: 		Delay_ms(100);
0x039A	0x3003      	MOVLW      3
0x039B	0x00FB      	MOVWF      R11
0x039C	0x308A      	MOVLW      138
0x039D	0x00FC      	MOVWF      R12
0x039E	0x3055      	MOVLW      85
0x039F	0x00FD      	MOVWF      R13
L_main34:
0x03A0	0x0BFD      	DECFSZ     R13, 1
0x03A1	0x2BA0      	GOTO       L_main34
0x03A2	0x0BFC      	DECFSZ     R12, 1
0x03A3	0x2BA0      	GOTO       L_main34
0x03A4	0x0BFB      	DECFSZ     R11, 1
0x03A5	0x2BA0      	GOTO       L_main34
0x03A6	0x0000      	NOP
0x03A7	0x0000      	NOP
;Slave_CA3.c,201 :: 		if (oldstate && Button(&PORTB, 4, 1, 0))
0x03A8	0x1C2B      	BTFSS      _oldstate, BitPos(_oldstate+0)
0x03A9	0x2BE5      	GOTO       L_main37
0x03AA	0x3006      	MOVLW      PORTB
0x03AB	0x00DE      	MOVWF      FARG_Button_port
0x03AC	0x3004      	MOVLW      4
0x03AD	0x00DF      	MOVWF      FARG_Button_pin
0x03AE	0x3001      	MOVLW      1
0x03AF	0x00E0      	MOVWF      FARG_Button_time_ms
0x03B0	0x01E1      	CLRF       FARG_Button_active_state
0x03B1	0x210C      	CALL       _Button
0x03B2	0x0870      	MOVF       R0, 0
0x03B3	0x1903      	BTFSC      STATUS, 2
0x03B4	0x2BE5      	GOTO       L_main37
L__main59:
;Slave_CA3.c,203 :: 		sendData[0] = 'S';
0x03B5	0x3053      	MOVLW      83
0x03B6	0x00AC      	MOVWF      _sendData
;Slave_CA3.c,204 :: 		sendData[1] = '0';
0x03B7	0x3030      	MOVLW      48
0x03B8	0x00AD      	MOVWF      _sendData+1
;Slave_CA3.c,205 :: 		sendData[2] = '0';
0x03B9	0x3030      	MOVLW      48
0x03BA	0x00AE      	MOVWF      _sendData+2
;Slave_CA3.c,206 :: 		sendData[3] = 'B';
0x03BB	0x3042      	MOVLW      66
0x03BC	0x00AF      	MOVWF      _sendData+3
;Slave_CA3.c,207 :: 		sendData[4] = addressButton2[0];
0x03BD	0x083C      	MOVF       _addressButton2, 0
0x03BE	0x00B0      	MOVWF      _sendData+4
;Slave_CA3.c,208 :: 		sendData[5] = addressButton2[1];
0x03BF	0x083D      	MOVF       _addressButton2+1, 0
0x03C0	0x00B1      	MOVWF      _sendData+5
;Slave_CA3.c,209 :: 		sendData[6] = 'D';
0x03C1	0x3044      	MOVLW      68
0x03C2	0x00B2      	MOVWF      _sendData+6
;Slave_CA3.c,210 :: 		sendData[7] = addressDevice2[0];
0x03C3	0x083A      	MOVF       _addressDevice2, 0
0x03C4	0x00B3      	MOVWF      _sendData+7
;Slave_CA3.c,211 :: 		sendData[8] = addressDevice2[1];
0x03C5	0x083B      	MOVF       _addressDevice2+1, 0
0x03C6	0x00B4      	MOVWF      _sendData+8
;Slave_CA3.c,212 :: 		sendData[9] = '0';
0x03C7	0x3030      	MOVLW      48
0x03C8	0x00B5      	MOVWF      _sendData+9
;Slave_CA3.c,213 :: 		sendData[10] = 'E';
0x03C9	0x3045      	MOVLW      69
0x03CA	0x00B6      	MOVWF      _sendData+10
;Slave_CA3.c,214 :: 		checkstt(stt2);
0x03CB	0x0824      	MOVF       _stt2, 0
0x03CC	0x00DE      	MOVWF      FARG_checkstt_stt
0x03CD	0x0825      	MOVF       _stt2+1, 0
0x03CE	0x00DF      	MOVWF      FARG_checkstt_stt+1
0x03CF	0x2164      	CALL       _checkstt
;Slave_CA3.c,215 :: 		stt2++;
0x03D0	0x0AA4      	INCF       _stt2, 1
0x03D1	0x1903      	BTFSC      STATUS, 2
0x03D2	0x0AA5      	INCF       _stt2+1, 1
;Slave_CA3.c,216 :: 		RS485_send(sendData);                            // Invert PORTC
0x03D3	0x302C      	MOVLW      _sendData
0x03D4	0x00DE      	MOVWF      FARG_RS485_send_dat
0x03D5	0x2181      	CALL       _RS485_send
;Slave_CA3.c,217 :: 		oldstate = 0;
0x03D6	0x102B      	BCF        _oldstate, BitPos(_oldstate+0)
;Slave_CA3.c,218 :: 		Delay_ms(200);
0x03D7	0x3006      	MOVLW      6
0x03D8	0x00FB      	MOVWF      R11
0x03D9	0x3013      	MOVLW      19
0x03DA	0x00FC      	MOVWF      R12
0x03DB	0x30AD      	MOVLW      173
0x03DC	0x00FD      	MOVWF      R13
L_main38:
0x03DD	0x0BFD      	DECFSZ     R13, 1
0x03DE	0x2BDD      	GOTO       L_main38
0x03DF	0x0BFC      	DECFSZ     R12, 1
0x03E0	0x2BDD      	GOTO       L_main38
0x03E1	0x0BFB      	DECFSZ     R11, 1
0x03E2	0x2BDD      	GOTO       L_main38
0x03E3	0x0000      	NOP
0x03E4	0x0000      	NOP
;Slave_CA3.c,219 :: 		}                              // Update flag
L_main37:
;Slave_CA3.c,220 :: 		}
L_main33:
;Slave_CA3.c,223 :: 		if (Button(&PORTB, 5, 1, 1)) {               // Detect logical one
0x03E5	0x3006      	MOVLW      PORTB
0x03E6	0x00DE      	MOVWF      FARG_Button_port
0x03E7	0x3005      	MOVLW      5
0x03E8	0x00DF      	MOVWF      FARG_Button_pin
0x03E9	0x3001      	MOVLW      1
0x03EA	0x00E0      	MOVWF      FARG_Button_time_ms
0x03EB	0x3001      	MOVLW      1
0x03EC	0x00E1      	MOVWF      FARG_Button_active_state
0x03ED	0x210C      	CALL       _Button
0x03EE	0x0870      	MOVF       R0, 0
0x03EF	0x1903      	BTFSC      STATUS, 2
0x03F0	0x2BF2      	GOTO       L_main39
;Slave_CA3.c,224 :: 		oldstate = 1;                              // Update flag
0x03F1	0x142B      	BSF        _oldstate, BitPos(_oldstate+0)
;Slave_CA3.c,225 :: 		}
L_main39:
;Slave_CA3.c,227 :: 		if (oldstate && Button(&PORTB, 5, 1, 0)) {   // Detect one-to-zero transition
0x03F2	0x1C2B      	BTFSS      _oldstate, BitPos(_oldstate+0)
0x03F3	0x2C4A      	GOTO       L_main42
0x03F4	0x3006      	MOVLW      PORTB
0x03F5	0x00DE      	MOVWF      FARG_Button_port
0x03F6	0x3005      	MOVLW      5
0x03F7	0x00DF      	MOVWF      FARG_Button_pin
0x03F8	0x3001      	MOVLW      1
0x03F9	0x00E0      	MOVWF      FARG_Button_time_ms
0x03FA	0x01E1      	CLRF       FARG_Button_active_state
0x03FB	0x210C      	CALL       _Button
0x03FC	0x0870      	MOVF       R0, 0
0x03FD	0x1903      	BTFSC      STATUS, 2
0x03FE	0x2C4A      	GOTO       L_main42
L__main58:
;Slave_CA3.c,228 :: 		Delay_ms(100);
0x03FF	0x3003      	MOVLW      3
0x0400	0x00FB      	MOVWF      R11
0x0401	0x308A      	MOVLW      138
0x0402	0x00FC      	MOVWF      R12
0x0403	0x3055      	MOVLW      85
0x0404	0x00FD      	MOVWF      R13
L_main43:
0x0405	0x0BFD      	DECFSZ     R13, 1
0x0406	0x2C05      	GOTO       L_main43
0x0407	0x0BFC      	DECFSZ     R12, 1
0x0408	0x2C05      	GOTO       L_main43
0x0409	0x0BFB      	DECFSZ     R11, 1
0x040A	0x2C05      	GOTO       L_main43
0x040B	0x0000      	NOP
0x040C	0x0000      	NOP
;Slave_CA3.c,229 :: 		if (oldstate && Button(&PORTB, 5, 1, 0))
0x040D	0x1C2B      	BTFSS      _oldstate, BitPos(_oldstate+0)
0x040E	0x2C4A      	GOTO       L_main46
0x040F	0x3006      	MOVLW      PORTB
0x0410	0x00DE      	MOVWF      FARG_Button_port
0x0411	0x3005      	MOVLW      5
0x0412	0x00DF      	MOVWF      FARG_Button_pin
0x0413	0x3001      	MOVLW      1
0x0414	0x00E0      	MOVWF      FARG_Button_time_ms
0x0415	0x01E1      	CLRF       FARG_Button_active_state
0x0416	0x210C      	CALL       _Button
0x0417	0x0870      	MOVF       R0, 0
0x0418	0x1903      	BTFSC      STATUS, 2
0x0419	0x2C4A      	GOTO       L_main46
L__main57:
;Slave_CA3.c,231 :: 		sendData[0] = 'S';
0x041A	0x3053      	MOVLW      83
0x041B	0x00AC      	MOVWF      _sendData
;Slave_CA3.c,232 :: 		sendData[1] = '0';
0x041C	0x3030      	MOVLW      48
0x041D	0x00AD      	MOVWF      _sendData+1
;Slave_CA3.c,233 :: 		sendData[2] = '0';
0x041E	0x3030      	MOVLW      48
0x041F	0x00AE      	MOVWF      _sendData+2
;Slave_CA3.c,234 :: 		sendData[3] = 'B';
0x0420	0x3042      	MOVLW      66
0x0421	0x00AF      	MOVWF      _sendData+3
;Slave_CA3.c,235 :: 		sendData[4] = addressButton3[0];
0x0422	0x0840      	MOVF       _addressButton3, 0
0x0423	0x00B0      	MOVWF      _sendData+4
;Slave_CA3.c,236 :: 		sendData[5] = addressButton3[1];
0x0424	0x0841      	MOVF       _addressButton3+1, 0
0x0425	0x00B1      	MOVWF      _sendData+5
;Slave_CA3.c,237 :: 		sendData[6] = 'D';
0x0426	0x3044      	MOVLW      68
0x0427	0x00B2      	MOVWF      _sendData+6
;Slave_CA3.c,238 :: 		sendData[7] = addressDevice3[0];
0x0428	0x083E      	MOVF       _addressDevice3, 0
0x0429	0x00B3      	MOVWF      _sendData+7
;Slave_CA3.c,239 :: 		sendData[8] = addressDevice3[1];
0x042A	0x083F      	MOVF       _addressDevice3+1, 0
0x042B	0x00B4      	MOVWF      _sendData+8
;Slave_CA3.c,240 :: 		sendData[9] = '0';
0x042C	0x3030      	MOVLW      48
0x042D	0x00B5      	MOVWF      _sendData+9
;Slave_CA3.c,241 :: 		sendData[10] = 'E';
0x042E	0x3045      	MOVLW      69
0x042F	0x00B6      	MOVWF      _sendData+10
;Slave_CA3.c,242 :: 		checkstt(stt3);
0x0430	0x0826      	MOVF       _stt3, 0
0x0431	0x00DE      	MOVWF      FARG_checkstt_stt
0x0432	0x0827      	MOVF       _stt3+1, 0
0x0433	0x00DF      	MOVWF      FARG_checkstt_stt+1
0x0434	0x2164      	CALL       _checkstt
;Slave_CA3.c,243 :: 		stt3++;
0x0435	0x0AA6      	INCF       _stt3, 1
0x0436	0x1903      	BTFSC      STATUS, 2
0x0437	0x0AA7      	INCF       _stt3+1, 1
;Slave_CA3.c,244 :: 		RS485_send(sendData);
0x0438	0x302C      	MOVLW      _sendData
0x0439	0x00DE      	MOVWF      FARG_RS485_send_dat
0x043A	0x2181      	CALL       _RS485_send
;Slave_CA3.c,245 :: 		oldstate = 0;
0x043B	0x102B      	BCF        _oldstate, BitPos(_oldstate+0)
;Slave_CA3.c,246 :: 		Delay_ms(200);
0x043C	0x3006      	MOVLW      6
0x043D	0x00FB      	MOVWF      R11
0x043E	0x3013      	MOVLW      19
0x043F	0x00FC      	MOVWF      R12
0x0440	0x30AD      	MOVLW      173
0x0441	0x00FD      	MOVWF      R13
L_main47:
0x0442	0x0BFD      	DECFSZ     R13, 1
0x0443	0x2C42      	GOTO       L_main47
0x0444	0x0BFC      	DECFSZ     R12, 1
0x0445	0x2C42      	GOTO       L_main47
0x0446	0x0BFB      	DECFSZ     R11, 1
0x0447	0x2C42      	GOTO       L_main47
0x0448	0x0000      	NOP
0x0449	0x0000      	NOP
;Slave_CA3.c,247 :: 		}
L_main46:
;Slave_CA3.c,248 :: 		}
L_main42:
;Slave_CA3.c,250 :: 		}
0x044A	0x2AA9      	GOTO       L_main14
;Slave_CA3.c,251 :: 		}
L_end_main:
0x044B	0x2C4B      	GOTO       $+0
; end of _main
Symbol List:
//** Routines locations **
//ADDRESS    SIZE    PROCEDURE
//----------------------------------------------
0x0004      [79]    _interrupt
0x0053      [44]    _Div_16x16_S_L
0x007F     [105]    _Div_16x16_S
0x00E8      [12]    _Delay_500us
0x00F4      [10]    _UART1_Write
0x00FE       [7]    _____DoICP
0x0105       [7]    _UART1_Tx_Idle
0x010C      [57]    _Button
0x0145      [31]    _EEPROM_Write
0x0164      [29]    _checkstt
0x0181      [49]    _RS485_send
0x01B2      [12]    ___CC2DW
0x01BE       [7]    _UART1_Data_Ready
0x01C5      [11]    _UART1_Read
0x01D0      [16]    _UART1_Init
0x01E0      [10]    _EEPROM_Read
0x01EA     [610]    _main
//** Variables locations ** 
//ADDRESS    SIZE    VARIABLE
//----------------------------------------------
0x0000       [1]    INDF
0x0002       [1]    PCL
0x0003       [1]    STATUS
0x0004       [1]    FSR
0x0006       [1]    PORTB
0x000A       [1]    PCLATH
0x000B       [0]    PEIE_bit
0x000B       [0]    GIE_bit
0x000B       [1]    INTCON
0x000C       [1]    PIR1
0x0018       [1]    RCSTA
0x0019       [1]    TXREG
0x001A       [1]    RCREG
0x0023       [1]    _count
0x0024       [2]    _stt2
0x0026       [2]    _stt3
0x0028       [2]    _stt1
0x002A       [1]    _flagReceivedAllData
0x002B       [0]    _oldstate
0x002C      [11]    _sendData
0x0037       [1]    _tempReceiveData
0x0038       [2]    ___DoICPAddr
0x003A       [2]    _addressDevice2
0x003C       [2]    _addressButton2
0x003E       [2]    _addressDevice3
0x0040       [2]    _addressButton3
0x0042       [2]    _addressDevice1
0x0044      [11]    _receiveData
0x004F       [2]    _addressButton1
0x0051      [11]    _WTF
0x005C       [1]    ___savePCLATH
0x005D       [1]    ___saveSTATUS
0x005E       [1]    FARG_EEPROM_Read_Address
0x005E       [1]    FARG_EEPROM_Write_Address
0x005E       [1]    FARG_RS485_send_dat
0x005E       [2]    FARG_checkstt_stt
0x005E       [1]    FARG_Button_port
0x005F       [1]    FARG_Button_pin
0x005F       [2]    RS485_send_i_L0
0x005F       [1]    FARG_EEPROM_Write_data_
0x0060       [1]    FARG_Button_time_ms
0x0061       [1]    FARG_Button_active_state
0x0062       [1]    Button_pMask_L0
0x0063       [1]    Button_rslt_L0
0x0064       [1]    FARG_UART1_Write_data_
0x0070       [1]    R0
0x0071       [1]    R1
0x0072       [1]    R2
0x0073       [1]    R3
0x0074       [1]    R4
0x0075       [1]    R5
0x0076       [1]    R6
0x0077       [1]    R7
0x0078       [1]    R8
0x0079       [1]    R9
0x007A       [1]    R10
0x007B       [1]    R11
0x007C       [1]    R12
0x007D       [1]    R13
0x007E       [1]    R14
0x007F       [1]    R15
0x0086       [1]    TRISB
0x0086       [0]    TRISB2_bit
0x0086       [0]    TRISB1_bit
0x008C       [0]    TXIE_bit
0x008C       [0]    RCIE_bit
0x0098       [1]    TXSTA
0x0099       [1]    SPBRG
0x009A       [1]    EEDATA
0x009B       [1]    EEADR
0x009C       [1]    EECON1
0x009D       [1]    EECON2
