Added Component: Designator=C62(C-NP-0805)
Added Component: Designator=C63(C-NP-0805)
Added Component: Designator=P7(Header 3x2)
Added Component: Designator=X6(XT2)
Added Pin To Net: NetName=XT1 Pin=C62-1
Added Pin To Net: NetName=GND Pin=C62-2
Added Pin To Net: NetName=XT2 Pin=C63-1
Added Pin To Net: NetName=GND Pin=C63-2
Added Pin To Net: NetName=VCC Pin=P7-1
Added Pin To Net: NetName=GND Pin=P7-2
Added Pin To Net: NetName=VCC Pin=P7-3
Added Pin To Net: NetName=GND Pin=P7-4
Added Pin To Net: NetName=VCC Pin=P7-5
Added Pin To Net: NetName=GND Pin=P7-6
Added Pin To Net: NetName=XT2 Pin=X6-1
Added Pin To Net: NetName=XT1 Pin=X6-2
Added Member To Class: ClassName=Slave_CA Member=Component C62 Cap Non-pol
Added Member To Class: ClassName=Slave_CA Member=Component C63 Cap Non-pol
Added Member To Class: ClassName=Slave_CA Member=Component P7 Header 3x2
Added Member To Class: ClassName=Slave_CA Member=Component X6 20Mhz
