0	1	mikroCPIC1618.exe -MSF -DBG -pP16F887 -DL -O11111114 -fo20 -N"E:\LVTN\Smarthome\Soft\PIC_16F887\Slave_OA\Slave_OA.mcppi" -SP"F:\Mikroelektronika\mikroC PRO for PIC\Defs\" -SP"F:\Mikroelektronika\mikroC PRO for PIC\Uses\P16\" -SP"E:\LVTN\Smarthome\Soft\PIC_16F887\Slave_OA\" -SP"E:\MYPROJECTINHCMUT\Doan1\Testcode\PIC\Slave_OA\" -SP"F:\Mikroelektronika\mikroC PRO for PIC\Packages\DHT11 Library\Uses\" -SP"F:\Mikroelektronika\mikroC PRO for PIC\Packages\DHT22\Uses\" "Slave_OA.c" "__Lib_Math.mcl" "__Lib_MathDouble.mcl" "__Lib_System.mcl" "__Lib_Delays.mcl" "__Lib_CType.mcl" "__Lib_CString.mcl" "__Lib_CStdlib.mcl" "__Lib_CMath.mcl" "__Lib_MemManager.mcl" "__Lib_Conversions.mcl" "__Lib_Sprinti.mcl" "__Lib_Sprintl.mcl" "__Lib_Time.mcl" "__Lib_Trigonometry.mcl" "__Lib_Button.mcl" "__Lib_Keypad4x4.mcl" "__Lib_Manchester.mcl" "__Lib_OneWire.mcl" "__Lib_PS2.mcl" "__Lib_Sound.mcl" "__Lib_SoftI2C.mcl" "__Lib_SoftSPI.mcl" "__Lib_SoftUART.mcl" "__Lib_ADC_88X.mcl" "__Lib_EEPROM.mcl" "__Lib_FLASH_RW.mcl" "__Lib_I2C_c34.mcl" "__Lib_PWM_c21.mcl" "__Lib_SPI_c345.mcl" "__Lib_UART_c67.mcl" "__Lib_PortExpander.mcl" "__Lib_CANSPI.mcl" "__Lib_CF.mcl" "__Lib_GlcdFonts.mcl" "__Lib_Glcd.mcl" "__Lib_LcdConsts.mcl" "__Lib_Lcd.mcl" "__Lib_RS485.mcl" "__Lib_S1D13700.mcl" "__Lib_T6963C.mcl" "__Lib_SPIGlcd.mcl" "__Lib_SPILcd.mcl" "__Lib_SPILcd8.mcl" "__Lib_SPIT6963C.mcl" "__Lib_EthEnc28j60.mcl" "__Lib_EthEnc24j600.mcl" "__Lib_TouchPanel.mcl" "__Lib_DHT11.mcl" "__Lib_DHT22.mcl"	 
hint: 0	1139	Available RAM: 352 [bytes], Available ROM: 8192 [bytes]	 
diagnostics: 0	122	Compilation Started	Slave_OA.c
warning: 136	1509	Generated baud rate is 9615 bps (error = 0.16 percent)	Slave_OA.c
hint: 283	1163	Variable 'a' has been declared, but not used	Slave_OA.c
hint: 476	1163	Variable 'i' has been declared, but not used	Slave_OA.c
diagnostics: 576	123	Compiled Successfully	Slave_OA.c
hint: 226	1164	Variable 'cmd' has been eliminated by optimizer	Slave_OA.c
hint: 227	1164	Variable 'this_write' has been eliminated by optimizer	Slave_OA.c
hint: 271	1164	Variable 'this_write' has been eliminated by optimizer	Slave_OA.c
hint: 399	1164	Variable 'vrmsraw' has been eliminated by optimizer	Slave_OA.c
hint: 440	1164	Variable 'irmsraw' has been eliminated by optimizer	Slave_OA.c
hint: 477	1164	Variable 'apraw' has been eliminated by optimizer	Slave_OA.c
diagnostics: 0	127	All files Compiled in 94 ms	 
hint: 0	1144	Used RAM (bytes): 102 (29%)  Free RAM (bytes): 250 (71%)	Used RAM (bytes): 102 (29%)  Free RAM (bytes): 250 (71%)
hint: 0	1144	Used ROM (program words): 3234 (39%)  Free ROM (program words): 4958 (61%)	Used ROM (program words): 3234 (39%)  Free ROM (program words): 4958 (61%)
diagnostics: 0	125	Project Linked Successfully	Slave_OA.mcppi
diagnostics: 0	128	Linked in 141 ms	 
diagnostics: 0	129	Project 'Slave_OA.mcppi' completed: 282 ms	 
diagnostics: 0	103	Finished successfully: 30 Nov 2017, 11:23:36	Slave_OA.mcppi
