;  LST file generated by mikroListExporter - v.2.0 
; Date/Time: 11/24/2017 11:42:02 PM
;----------------------------------------------

;Address Opcode 	ASM
0x0000	0x2884      	GOTO       132
_interrupt:
0x0004	0x00FF      	MOVWF      R15
0x0005	0x0E03      	SWAPF      STATUS, 0
0x0006	0x0183      	CLRF       STATUS
0x0007	0x00BA      	MOVWF      ___saveSTATUS
0x0008	0x080A      	MOVF       PCLATH, 0
0x0009	0x00B9      	MOVWF      ___savePCLATH
0x000A	0x018A      	CLRF       PCLATH
0x000B	0x0870      	MOVF       R0, 0
0x000C	0x00A0      	MOVWF      32
0x000D	0x0804      	MOVF       FSR, 0
0x000E	0x00A1      	MOVWF      33
;Slave_DA3.c,32 :: 		void interrupt()
;Slave_DA3.c,34 :: 		if(PIR1.RCIF)
0x000F	0x1E8C      	BTFSS      PIR1, 5
0x0010	0x2844      	GOTO       L_interrupt0
;Slave_DA3.c,36 :: 		while(uart1_data_ready()==0);
L_interrupt1:
0x0011	0x2072      	CALL       _UART1_Data_Ready
0x0012	0x0870      	MOVF       R0, 0
0x0013	0x3A00      	XORLW      0
0x0014	0x1D03      	BTFSS      STATUS, 2
0x0015	0x2817      	GOTO       L_interrupt2
0x0016	0x2811      	GOTO       L_interrupt1
L_interrupt2:
;Slave_DA3.c,37 :: 		if(uart1_data_ready()==1)
0x0017	0x2072      	CALL       _UART1_Data_Ready
0x0018	0x0870      	MOVF       R0, 0
0x0019	0x3A01      	XORLW      1
0x001A	0x1D03      	BTFSS      STATUS, 2
0x001B	0x2844      	GOTO       L_interrupt3
;Slave_DA3.c,39 :: 		tempReceiveData = UART1_Read();
0x001C	0x2079      	CALL       _UART1_Read
0x001D	0x0870      	MOVF       R0, 0
0x001E	0x00B2      	MOVWF      _tempReceiveData
;Slave_DA3.c,40 :: 		if(tempReceiveData == 'S')
0x001F	0x0870      	MOVF       R0, 0
0x0020	0x3A53      	XORLW      83
0x0021	0x1D03      	BTFSS      STATUS, 2
0x0022	0x282A      	GOTO       L_interrupt4
;Slave_DA3.c,42 :: 		count=0;
0x0023	0x01A2      	CLRF       _count
;Slave_DA3.c,43 :: 		receiveData[count] = tempReceiveData;
0x0024	0x0822      	MOVF       _count, 0
0x0025	0x3E27      	ADDLW      _receiveData
0x0026	0x0084      	MOVWF      FSR
0x0027	0x0832      	MOVF       _tempReceiveData, 0
0x0028	0x0080      	MOVWF      INDF
;Slave_DA3.c,44 :: 		count++;
0x0029	0x0AA2      	INCF       _count, 1
;Slave_DA3.c,45 :: 		}
L_interrupt4:
;Slave_DA3.c,46 :: 		if(tempReceiveData !='S' && tempReceiveData !='E')
0x002A	0x0832      	MOVF       _tempReceiveData, 0
0x002B	0x3A53      	XORLW      83
0x002C	0x1903      	BTFSC      STATUS, 2
0x002D	0x2838      	GOTO       L_interrupt7
0x002E	0x0832      	MOVF       _tempReceiveData, 0
0x002F	0x3A45      	XORLW      69
0x0030	0x1903      	BTFSC      STATUS, 2
0x0031	0x2838      	GOTO       L_interrupt7
L__interrupt39:
;Slave_DA3.c,48 :: 		receiveData[count] = tempReceiveData;
0x0032	0x0822      	MOVF       _count, 0
0x0033	0x3E27      	ADDLW      _receiveData
0x0034	0x0084      	MOVWF      FSR
0x0035	0x0832      	MOVF       _tempReceiveData, 0
0x0036	0x0080      	MOVWF      INDF
;Slave_DA3.c,49 :: 		count++;
0x0037	0x0AA2      	INCF       _count, 1
;Slave_DA3.c,50 :: 		}
L_interrupt7:
;Slave_DA3.c,51 :: 		if(tempReceiveData == 'E')
0x0038	0x0832      	MOVF       _tempReceiveData, 0
0x0039	0x3A45      	XORLW      69
0x003A	0x1D03      	BTFSS      STATUS, 2
0x003B	0x2844      	GOTO       L_interrupt8
;Slave_DA3.c,53 :: 		receiveData[count] = tempReceiveData;
0x003C	0x0822      	MOVF       _count, 0
0x003D	0x3E27      	ADDLW      _receiveData
0x003E	0x0084      	MOVWF      FSR
0x003F	0x0832      	MOVF       _tempReceiveData, 0
0x0040	0x0080      	MOVWF      INDF
;Slave_DA3.c,54 :: 		count=0;
0x0041	0x01A2      	CLRF       _count
;Slave_DA3.c,55 :: 		flagReceivedAllData = 1;
0x0042	0x3001      	MOVLW      1
0x0043	0x00A3      	MOVWF      _flagReceivedAllData
;Slave_DA3.c,56 :: 		}
L_interrupt8:
;Slave_DA3.c,57 :: 		}
L_interrupt3:
;Slave_DA3.c,58 :: 		}
L_interrupt0:
;Slave_DA3.c,59 :: 		}
L_end_interrupt:
L__interrupt45:
0x0044	0x0820      	MOVF       32, 0
0x0045	0x00F0      	MOVWF      R0
0x0046	0x0821      	MOVF       33, 0
0x0047	0x0084      	MOVWF      FSR
0x0048	0x0839      	MOVF       ___savePCLATH, 0
0x0049	0x008A      	MOVWF      PCLATH
0x004A	0x0E3A      	SWAPF      ___saveSTATUS, 0
0x004B	0x0083      	MOVWF      STATUS
0x004C	0x0EFF      	SWAPF      R15, 1
0x004D	0x0E7F      	SWAPF      R15, 0
0x004E	0x0009      	RETFIE
; end of _interrupt
_____DoICP:
;__Lib_System.c,6 :: 		
;__Lib_System.c,9 :: 		
0x004F	0x1283      	BCF        STATUS, 5
0x0050	0x1303      	BCF        STATUS, 6
0x0051	0x0826      	MOVF       ___DoICPAddr+1, 0
0x0052	0x008A      	MOVWF      PCLATH
;__Lib_System.c,10 :: 		
0x0053	0x0825      	MOVF       ___DoICPAddr, 0
0x0054	0x0082      	MOVWF      PCL
;__Lib_System.c,12 :: 		
L_end_____DoICP:
0x0055	0x0008      	RETURN
; end of _____DoICP
___CC2DW:
;__Lib_System.c,134 :: 		
;__Lib_System.c,137 :: 		
_CC2D_Loop1:
;__Lib_System.c,139 :: 		
0x0056	0x204F      	CALL       _____DoICP
0x0057	0x118A      	BCF        PCLATH, 3
0x0058	0x120A      	BCF        PCLATH, 4
;__Lib_System.c,141 :: 		
0x0059	0x0080      	MOVWF      INDF
;__Lib_System.c,142 :: 		
0x005A	0x0A84      	INCF       FSR, 1
;__Lib_System.c,143 :: 		
0x005B	0x0AA5      	INCF       ___DoICPAddr, 1
;__Lib_System.c,145 :: 		
0x005C	0x1903      	BTFSC      STATUS, 2
;__Lib_System.c,146 :: 		
0x005D	0x0AA6      	INCF       ___DoICPAddr+1, 1
;__Lib_System.c,147 :: 		
0x005E	0x03F0      	DECF       R0, 1
;__Lib_System.c,149 :: 		
0x005F	0x1D03      	BTFSS      STATUS, 2
;__Lib_System.c,150 :: 		
0x0060	0x2856      	GOTO       _CC2D_Loop1
;__Lib_System.c,152 :: 		
L_end___CC2DW:
0x0061	0x0008      	RETURN
; end of ___CC2DW
_UART1_Init:
;__Lib_UART_b21.c,2 :: 		
;__Lib_UART_b21.c,5 :: 		
0x0062	0x1683      	BSF        STATUS, 5
0x0063	0x1303      	BCF        STATUS, 6
0x0064	0x1698      	BSF        TXSTA, 5
;__Lib_UART_b21.c,6 :: 		
0x0065	0x3090      	MOVLW      144
0x0066	0x1283      	BCF        STATUS, 5
0x0067	0x0098      	MOVWF      RCSTA
;__Lib_UART_b21.c,7 :: 		
0x0068	0x1683      	BSF        STATUS, 5
0x0069	0x1486      	BSF        TRISB1_bit, BitPos(TRISB1_bit+0)
;__Lib_UART_b21.c,8 :: 		
0x006A	0x1106      	BCF        TRISB2_bit, BitPos(TRISB2_bit+0)
;__Lib_UART_b21.c,9 :: 		
L_UART1_Init0:
0x006B	0x1283      	BCF        STATUS, 5
0x006C	0x1E8C      	BTFSS      PIR1, 5
0x006D	0x2871      	GOTO       L_UART1_Init1
;__Lib_UART_b21.c,10 :: 		
0x006E	0x081A      	MOVF       RCREG, 0
0x006F	0x00F0      	MOVWF      R0
0x0070	0x286B      	GOTO       L_UART1_Init0
L_UART1_Init1:
;__Lib_UART_b21.c,11 :: 		
L_end_UART1_Init:
0x0071	0x0008      	RETURN
; end of _UART1_Init
_UART1_Data_Ready:
;__Lib_UART_b21.c,15 :: 		
;__Lib_UART_b21.c,16 :: 		
0x0072	0x3000      	MOVLW      0
0x0073	0x1283      	BCF        STATUS, 5
0x0074	0x1303      	BCF        STATUS, 6
0x0075	0x1A8C      	BTFSC      PIR1, 5
0x0076	0x3001      	MOVLW      1
0x0077	0x00F0      	MOVWF      R0
;__Lib_UART_b21.c,17 :: 		
L_end_UART1_Data_Ready:
0x0078	0x0008      	RETURN
; end of _UART1_Data_Ready
_UART1_Read:
;__Lib_UART_b21.c,20 :: 		
;__Lib_UART_b21.c,23 :: 		
0x0079	0x1283      	BCF        STATUS, 5
0x007A	0x1303      	BCF        STATUS, 6
0x007B	0x081A      	MOVF       RCREG, 0
0x007C	0x00F1      	MOVWF      R1
;__Lib_UART_b21.c,24 :: 		
0x007D	0x1C98      	BTFSS      RCSTA, 1
0x007E	0x2881      	GOTO       L_UART1_Read2
;__Lib_UART_b21.c,25 :: 		
0x007F	0x1218      	BCF        RCSTA, 4
;__Lib_UART_b21.c,26 :: 		
0x0080	0x1618      	BSF        RCSTA, 4
;__Lib_UART_b21.c,27 :: 		
L_UART1_Read2:
;__Lib_UART_b21.c,28 :: 		
0x0081	0x0871      	MOVF       R1, 0
0x0082	0x00F0      	MOVWF      R0
;__Lib_UART_b21.c,29 :: 		
L_end_UART1_Read:
0x0083	0x0008      	RETURN
; end of _UART1_Read
_main:
0x0084	0x1283      	BCF        STATUS, 5
0x0085	0x1303      	BCF        STATUS, 6
0x0086	0x01A2      	CLRF       _count
0x0087	0x01A3      	CLRF       _flagReceivedAllData
;Slave_DA3.c,60 :: 		void main() {
;Slave_DA3.c,61 :: 		TRISB.B0 =0;
0x0088	0x1683      	BSF        STATUS, 5
0x0089	0x1006      	BCF        TRISB, 0
;Slave_DA3.c,62 :: 		TRISB.B4 =0;
0x008A	0x1206      	BCF        TRISB, 4
;Slave_DA3.c,63 :: 		TRISB.B5 =0;
0x008B	0x1286      	BCF        TRISB, 5
;Slave_DA3.c,65 :: 		TRISB.B3 =0;                         //Bit RS485
0x008C	0x1186      	BCF        TRISB, 3
;Slave_DA3.c,67 :: 		oldstate = 0;
0x008D	0x1283      	BCF        STATUS, 5
0x008E	0x1024      	BCF        _oldstate, BitPos(_oldstate+0)
;Slave_DA3.c,68 :: 		UART1_Init(9600);
0x008F	0x3081      	MOVLW      129
0x0090	0x1683      	BSF        STATUS, 5
0x0091	0x0099      	MOVWF      SPBRG
0x0092	0x1518      	BSF        TXSTA, 2
0x0093	0x2062      	CALL       _UART1_Init
;Slave_DA3.c,69 :: 		Delay_ms(100);
0x0094	0x3003      	MOVLW      3
0x0095	0x00FB      	MOVWF      R11
0x0096	0x308A      	MOVLW      138
0x0097	0x00FC      	MOVWF      R12
0x0098	0x3055      	MOVLW      85
0x0099	0x00FD      	MOVWF      R13
L_main9:
0x009A	0x0BFD      	DECFSZ     R13, 1
0x009B	0x289A      	GOTO       L_main9
0x009C	0x0BFC      	DECFSZ     R12, 1
0x009D	0x289A      	GOTO       L_main9
0x009E	0x0BFB      	DECFSZ     R11, 1
0x009F	0x289A      	GOTO       L_main9
0x00A0	0x0000      	NOP
0x00A1	0x0000      	NOP
;Slave_DA3.c,71 :: 		RCIE_bit = 1;                        // enable interrupt on UART1 receive
0x00A2	0x1683      	BSF        STATUS, 5
0x00A3	0x168C      	BSF        RCIE_bit, BitPos(RCIE_bit+0)
;Slave_DA3.c,72 :: 		TXIE_bit = 0;                        // disable interrupt on UART1 transmit
0x00A4	0x120C      	BCF        TXIE_bit, BitPos(TXIE_bit+0)
;Slave_DA3.c,73 :: 		PEIE_bit = 1;                        // enable peripheral interrupts
0x00A5	0x170B      	BSF        PEIE_bit, BitPos(PEIE_bit+0)
;Slave_DA3.c,74 :: 		GIE_bit = 1;                         // enable all interrupts
0x00A6	0x178B      	BSF        GIE_bit, BitPos(GIE_bit+0)
;Slave_DA3.c,76 :: 		addressDevice1[0] = '0';
0x00A7	0x3030      	MOVLW      48
0x00A8	0x1283      	BCF        STATUS, 5
0x00A9	0x00B5      	MOVWF      _addressDevice1
;Slave_DA3.c,77 :: 		addressDevice1[1] = '1';
0x00AA	0x3031      	MOVLW      49
0x00AB	0x00B6      	MOVWF      _addressDevice1+1
;Slave_DA3.c,78 :: 		addressDevice2[0] = '0';
0x00AC	0x3030      	MOVLW      48
0x00AD	0x00B7      	MOVWF      _addressDevice2
;Slave_DA3.c,79 :: 		addressDevice2[1] = '2';
0x00AE	0x3032      	MOVLW      50
0x00AF	0x00B8      	MOVWF      _addressDevice2+1
;Slave_DA3.c,80 :: 		addressDevice3[0] = '0';
0x00B0	0x3030      	MOVLW      48
0x00B1	0x00B3      	MOVWF      _addressDevice3
;Slave_DA3.c,81 :: 		addressDevice3[1] = '3';
0x00B2	0x3033      	MOVLW      51
0x00B3	0x00B4      	MOVWF      _addressDevice3+1
;Slave_DA3.c,92 :: 		Delay_ms(100);
0x00B4	0x3003      	MOVLW      3
0x00B5	0x00FB      	MOVWF      R11
0x00B6	0x308A      	MOVLW      138
0x00B7	0x00FC      	MOVWF      R12
0x00B8	0x3055      	MOVLW      85
0x00B9	0x00FD      	MOVWF      R13
L_main10:
0x00BA	0x0BFD      	DECFSZ     R13, 1
0x00BB	0x28BA      	GOTO       L_main10
0x00BC	0x0BFC      	DECFSZ     R12, 1
0x00BD	0x28BA      	GOTO       L_main10
0x00BE	0x0BFB      	DECFSZ     R11, 1
0x00BF	0x28BA      	GOTO       L_main10
0x00C0	0x0000      	NOP
0x00C1	0x0000      	NOP
;Slave_DA3.c,110 :: 		Delay_ms(1000);
0x00C2	0x301A      	MOVLW      26
0x00C3	0x00FB      	MOVWF      R11
0x00C4	0x305E      	MOVLW      94
0x00C5	0x00FC      	MOVWF      R12
0x00C6	0x306E      	MOVLW      110
0x00C7	0x00FD      	MOVWF      R13
L_main11:
0x00C8	0x0BFD      	DECFSZ     R13, 1
0x00C9	0x28C8      	GOTO       L_main11
0x00CA	0x0BFC      	DECFSZ     R12, 1
0x00CB	0x28C8      	GOTO       L_main11
0x00CC	0x0BFB      	DECFSZ     R11, 1
0x00CD	0x28C8      	GOTO       L_main11
0x00CE	0x0000      	NOP
;Slave_DA3.c,111 :: 		while(1)
L_main12:
;Slave_DA3.c,114 :: 		if(flagReceivedAllData==1){
0x00CF	0x0823      	MOVF       _flagReceivedAllData, 0
0x00D0	0x3A01      	XORLW      1
0x00D1	0x1D03      	BTFSS      STATUS, 2
0x00D2	0x2916      	GOTO       L_main14
;Slave_DA3.c,115 :: 		flagReceivedAllData = 0;
0x00D3	0x01A3      	CLRF       _flagReceivedAllData
;Slave_DA3.c,140 :: 		if(receiveData[1] == '1' && receiveData[2] == '0' && receiveData[3] == 'D'){
0x00D4	0x0828      	MOVF       _receiveData+1, 0
0x00D5	0x3A31      	XORLW      49
0x00D6	0x1D03      	BTFSS      STATUS, 2
0x00D7	0x2916      	GOTO       L_main17
0x00D8	0x0829      	MOVF       _receiveData+2, 0
0x00D9	0x3A30      	XORLW      48
0x00DA	0x1D03      	BTFSS      STATUS, 2
0x00DB	0x2916      	GOTO       L_main17
0x00DC	0x082A      	MOVF       _receiveData+3, 0
0x00DD	0x3A44      	XORLW      68
0x00DE	0x1D03      	BTFSS      STATUS, 2
0x00DF	0x2916      	GOTO       L_main17
L__main43:
;Slave_DA3.c,141 :: 		if(receiveData[4] == addressDevice1[0] && receiveData[5] == addressDevice1[1]){
0x00E0	0x082B      	MOVF       _receiveData+4, 0
0x00E1	0x0635      	XORWF      _addressDevice1, 0
0x00E2	0x1D03      	BTFSS      STATUS, 2
0x00E3	0x28F2      	GOTO       L_main20
0x00E4	0x082C      	MOVF       _receiveData+5, 0
0x00E5	0x0636      	XORWF      _addressDevice1+1, 0
0x00E6	0x1D03      	BTFSS      STATUS, 2
0x00E7	0x28F2      	GOTO       L_main20
L__main42:
;Slave_DA3.c,142 :: 		if(receiveData[9] == '1'){
0x00E8	0x0830      	MOVF       _receiveData+9, 0
0x00E9	0x3A31      	XORLW      49
0x00EA	0x1D03      	BTFSS      STATUS, 2
0x00EB	0x28ED      	GOTO       L_main21
;Slave_DA3.c,143 :: 		PORTB.RB0 =1;
0x00EC	0x1406      	BSF        PORTB, 0
;Slave_DA3.c,144 :: 		}
L_main21:
;Slave_DA3.c,145 :: 		if(receiveData[9] == '0'){
0x00ED	0x0830      	MOVF       _receiveData+9, 0
0x00EE	0x3A30      	XORLW      48
0x00EF	0x1D03      	BTFSS      STATUS, 2
0x00F0	0x28F2      	GOTO       L_main22
;Slave_DA3.c,146 :: 		PORTB.RB0 =0;
0x00F1	0x1006      	BCF        PORTB, 0
;Slave_DA3.c,147 :: 		}
L_main22:
;Slave_DA3.c,148 :: 		}
L_main20:
;Slave_DA3.c,149 :: 		if(receiveData[4] == addressDevice2[0] && receiveData[5] == addressDevice2[1]){
0x00F2	0x082B      	MOVF       _receiveData+4, 0
0x00F3	0x0637      	XORWF      _addressDevice2, 0
0x00F4	0x1D03      	BTFSS      STATUS, 2
0x00F5	0x2904      	GOTO       L_main25
0x00F6	0x082C      	MOVF       _receiveData+5, 0
0x00F7	0x0638      	XORWF      _addressDevice2+1, 0
0x00F8	0x1D03      	BTFSS      STATUS, 2
0x00F9	0x2904      	GOTO       L_main25
L__main41:
;Slave_DA3.c,150 :: 		if(receiveData[9] == '1'){
0x00FA	0x0830      	MOVF       _receiveData+9, 0
0x00FB	0x3A31      	XORLW      49
0x00FC	0x1D03      	BTFSS      STATUS, 2
0x00FD	0x28FF      	GOTO       L_main26
;Slave_DA3.c,151 :: 		PORTB.RB4 =1;
0x00FE	0x1606      	BSF        PORTB, 4
;Slave_DA3.c,152 :: 		}
L_main26:
;Slave_DA3.c,153 :: 		if(receiveData[9] == '0'){
0x00FF	0x0830      	MOVF       _receiveData+9, 0
0x0100	0x3A30      	XORLW      48
0x0101	0x1D03      	BTFSS      STATUS, 2
0x0102	0x2904      	GOTO       L_main27
;Slave_DA3.c,154 :: 		PORTB.RB4 =0;
0x0103	0x1206      	BCF        PORTB, 4
;Slave_DA3.c,155 :: 		}
L_main27:
;Slave_DA3.c,156 :: 		}
L_main25:
;Slave_DA3.c,157 :: 		if(receiveData[4] == addressDevice3[0] && receiveData[5] == addressDevice3[1]){
0x0104	0x082B      	MOVF       _receiveData+4, 0
0x0105	0x0633      	XORWF      _addressDevice3, 0
0x0106	0x1D03      	BTFSS      STATUS, 2
0x0107	0x2916      	GOTO       L_main30
0x0108	0x082C      	MOVF       _receiveData+5, 0
0x0109	0x0634      	XORWF      _addressDevice3+1, 0
0x010A	0x1D03      	BTFSS      STATUS, 2
0x010B	0x2916      	GOTO       L_main30
L__main40:
;Slave_DA3.c,158 :: 		if(receiveData[9] == '1'){
0x010C	0x0830      	MOVF       _receiveData+9, 0
0x010D	0x3A31      	XORLW      49
0x010E	0x1D03      	BTFSS      STATUS, 2
0x010F	0x2911      	GOTO       L_main31
;Slave_DA3.c,159 :: 		PORTB.RB5 =1;
0x0110	0x1686      	BSF        PORTB, 5
;Slave_DA3.c,160 :: 		}
L_main31:
;Slave_DA3.c,161 :: 		if(receiveData[9] == '0'){
0x0111	0x0830      	MOVF       _receiveData+9, 0
0x0112	0x3A30      	XORLW      48
0x0113	0x1D03      	BTFSS      STATUS, 2
0x0114	0x2916      	GOTO       L_main32
;Slave_DA3.c,162 :: 		PORTB.RB5 =0;
0x0115	0x1286      	BCF        PORTB, 5
;Slave_DA3.c,163 :: 		}
L_main32:
;Slave_DA3.c,164 :: 		}
L_main30:
;Slave_DA3.c,165 :: 		}
L_main17:
;Slave_DA3.c,166 :: 		}
L_main14:
;Slave_DA3.c,168 :: 		}
0x0116	0x28CF      	GOTO       L_main12
;Slave_DA3.c,169 :: 		}
L_end_main:
0x0117	0x2917      	GOTO       $+0
; end of _main
Symbol List:
//** Routines locations **
//ADDRESS    SIZE    PROCEDURE
//----------------------------------------------
0x0004      [75]    _interrupt
0x004F       [7]    _____DoICP
0x0056      [12]    ___CC2DW
0x0062      [16]    _UART1_Init
0x0072       [7]    _UART1_Data_Ready
0x0079      [11]    _UART1_Read
0x0084     [148]    _main
//** Variables locations ** 
//ADDRESS    SIZE    VARIABLE
//----------------------------------------------
0x0000       [1]    INDF
0x0002       [1]    PCL
0x0003       [1]    STATUS
0x0004       [1]    FSR
0x0006       [1]    PORTB
0x000A       [1]    PCLATH
0x000B       [0]    GIE_bit
0x000B       [0]    PEIE_bit
0x000C       [1]    PIR1
0x0018       [1]    RCSTA
0x001A       [1]    RCREG
0x0022       [1]    _count
0x0023       [1]    _flagReceivedAllData
0x0024       [0]    _oldstate
0x0025       [2]    ___DoICPAddr
0x0027      [11]    _receiveData
0x0032       [1]    _tempReceiveData
0x0033       [2]    _addressDevice3
0x0035       [2]    _addressDevice1
0x0037       [2]    _addressDevice2
0x0039       [1]    ___savePCLATH
0x003A       [1]    ___saveSTATUS
0x0070       [1]    R0
0x0071       [1]    R1
0x0072       [1]    R2
0x0073       [1]    R3
0x0074       [1]    R4
0x0075       [1]    R5
0x0076       [1]    R6
0x0077       [1]    R7
0x0078       [1]    R8
0x0079       [1]    R9
0x007A       [1]    R10
0x007B       [1]    R11
0x007C       [1]    R12
0x007D       [1]    R13
0x007E       [1]    R14
0x007F       [1]    R15
0x0086       [1]    TRISB
0x0086       [0]    TRISB1_bit
0x0086       [0]    TRISB2_bit
0x008C       [0]    TXIE_bit
0x008C       [0]    RCIE_bit
0x0098       [1]    TXSTA
0x0099       [1]    SPBRG
